<?xml version="1.0" encoding="UTF-8"?>
<!-- Generated by org.testng.reporters.JUnitReportReporter -->
<testsuite hostname="HYD-PCI-NOD-T01" failures="0" tests="1" name="RunCukesTest" time="115.479" errors="0" timestamp="2025-03-03T16:45:51 IST" skipped="0">
  <testcase classname="RunCukesTest" name="runScenario" time="115.479"/>
  <system-out/>
</testsuite> <!-- RunCukesTest -->
