<?xml version="1.0" encoding="UTF-8"?>
<testsuite xmlns:xsi="http://www.w3.org/2001/XMLSchema-instance" xsi:noNamespaceSchemaLocation="https://maven.apache.org/surefire/maven-surefire-plugin/xsd/surefire-test-report-3.0.xsd" version="3.0" name="TestSuite" time="122.385" tests="1" errors="0" skipped="0" failures="0">
  <properties>
    <property name="sun.desktop" value="windows"/>
    <property name="awt.toolkit" value="sun.awt.windows.WToolkit"/>
    <property name="java.specification.version" value="11"/>
    <property name="webdriver.chrome.driver" value="binaries/chromedriver.exe"/>
    <property name="sun.cpu.isalist" value="amd64"/>
    <property name="sun.jnu.encoding" value="Cp1252"/>
    <property name="sun.awt.enableExtraMouseButtons" value="true"/>
    <property name="java.class.path" value="C:\Users\vub01\EmplBenefit POC\Pega_CRM_Selenium_UI_TestFramework_V4.2.2\ootb-selenium-tests\target\test-classes;C:\Users\vub01\EmplBenefit POC\Pega_CRM_Selenium_UI_TestFramework_V4.2.2\ootb-selenium-tests\target\classes;C:\Users\vub01\.m2\repository\junit\junit\4.13.2\junit-4.13.2.jar;C:\Users\vub01\.m2\repository\org\hamcrest\hamcrest-core\2.2\hamcrest-core-2.2.jar;C:\Users\vub01\.m2\repository\org\hamcrest\hamcrest\2.2\hamcrest-2.2.jar;C:\Users\vub01\.m2\repository\com\google\guava\guava\32.0.1-jre\guava-32.0.1-jre.jar;C:\Users\vub01\.m2\repository\com\google\guava\failureaccess\1.0.1\failureaccess-1.0.1.jar;C:\Users\vub01\.m2\repository\com\google\guava\listenablefuture\9999.0-empty-to-avoid-conflict-with-guava\listenablefuture-9999.0-empty-to-avoid-conflict-with-guava.jar;C:\Users\vub01\.m2\repository\org\checkerframework\checker-qual\3.33.0\checker-qual-3.33.0.jar;C:\Users\vub01\.m2\repository\com\google\errorprone\error_prone_annotations\2.18.0\error_prone_annotations-2.18.0.jar;C:\Users\vub01\.m2\repository\com\google\j2objc\j2objc-annotations\2.8\j2objc-annotations-2.8.jar;C:\Users\vub01\EmplBenefit POC\Pega_CRM_Selenium_UI_TestFramework_V4.2.2\ootb-selenium-tests\lib\pega-base-ui-testframework-4.2.2.jar;C:\Users\vub01\.m2\repository\org\seleniumhq\selenium\selenium-java\4.2.2\selenium-java-4.2.2.jar;C:\Users\vub01\.m2\repository\org\seleniumhq\selenium\selenium-api\4.2.2\selenium-api-4.2.2.jar;C:\Users\vub01\.m2\repository\org\seleniumhq\selenium\selenium-chrome-driver\4.2.2\selenium-chrome-driver-4.2.2.jar;C:\Users\vub01\.m2\repository\org\seleniumhq\selenium\selenium-chromium-driver\4.2.2\selenium-chromium-driver-4.2.2.jar;C:\Users\vub01\.m2\repository\org\seleniumhq\selenium\selenium-devtools-v100\4.2.2\selenium-devtools-v100-4.2.2.jar;C:\Users\vub01\.m2\repository\org\seleniumhq\selenium\selenium-devtools-v101\4.2.2\selenium-devtools-v101-4.2.2.jar;C:\Users\vub01\.m2\repository\org\seleniumhq\selenium\selenium-devtools-v102\4.2.2\selenium-devtools-v102-4.2.2.jar;C:\Users\vub01\.m2\repository\org\seleniumhq\selenium\selenium-devtools-v85\4.2.2\selenium-devtools-v85-4.2.2.jar;C:\Users\vub01\.m2\repository\org\seleniumhq\selenium\selenium-edge-driver\4.2.2\selenium-edge-driver-4.2.2.jar;C:\Users\vub01\.m2\repository\org\seleniumhq\selenium\selenium-firefox-driver\4.2.2\selenium-firefox-driver-4.2.2.jar;C:\Users\vub01\.m2\repository\org\seleniumhq\selenium\selenium-ie-driver\4.2.2\selenium-ie-driver-4.2.2.jar;C:\Users\vub01\.m2\repository\org\seleniumhq\selenium\selenium-opera-driver\4.2.2\selenium-opera-driver-4.2.2.jar;C:\Users\vub01\.m2\repository\org\seleniumhq\selenium\selenium-safari-driver\4.2.2\selenium-safari-driver-4.2.2.jar;C:\Users\vub01\.m2\repository\org\seleniumhq\selenium\selenium-support\4.2.2\selenium-support-4.2.2.jar;C:\Users\vub01\.m2\repository\org\seleniumhq\selenium\selenium-remote-driver\4.2.2\selenium-remote-driver-4.2.2.jar;C:\Users\vub01\.m2\repository\com\google\auto\service\auto-service-annotations\1.0.1\auto-service-annotations-1.0.1.jar;C:\Users\vub01\.m2\repository\com\google\auto\service\auto-service\1.0.1\auto-service-1.0.1.jar;C:\Users\vub01\.m2\repository\com\google\auto\auto-common\1.2\auto-common-1.2.jar;C:\Users\vub01\.m2\repository\io\netty\netty-transport-classes-epoll\4.1.77.Final\netty-transport-classes-epoll-4.1.77.Final.jar;C:\Users\vub01\.m2\repository\io\netty\netty-transport-classes-kqueue\4.1.77.Final\netty-transport-classes-kqueue-4.1.77.Final.jar;C:\Users\vub01\.m2\repository\io\netty\netty-transport-native-unix-common\4.1.77.Final\netty-transport-native-unix-common-4.1.77.Final.jar;C:\Users\vub01\.m2\repository\io\opentelemetry\opentelemetry-api\1.14.0\opentelemetry-api-1.14.0.jar;C:\Users\vub01\.m2\repository\io\opentelemetry\opentelemetry-context\1.14.0\opentelemetry-context-1.14.0.jar;C:\Users\vub01\.m2\repository\io\opentelemetry\opentelemetry-exporter-logging\1.14.0\opentelemetry-exporter-logging-1.14.0.jar;C:\Users\vub01\.m2\repository\io\opentelemetry\opentelemetry-sdk-metrics\1.14.0\opentelemetry-sdk-metrics-1.14.0.jar;C:\Users\vub01\.m2\repository\io\opentelemetry\opentelemetry-sdk-logs\1.14.0-alpha\opentelemetry-sdk-logs-1.14.0-alpha.jar;C:\Users\vub01\.m2\repository\io\opentelemetry\opentelemetry-sdk-common\1.14.0\opentelemetry-sdk-common-1.14.0.jar;C:\Users\vub01\.m2\repository\io\opentelemetry\opentelemetry-sdk-extension-autoconfigure-spi\1.14.0\opentelemetry-sdk-extension-autoconfigure-spi-1.14.0.jar;C:\Users\vub01\.m2\repository\io\opentelemetry\opentelemetry-sdk-extension-autoconfigure\1.14.0-alpha\opentelemetry-sdk-extension-autoconfigure-1.14.0-alpha.jar;C:\Users\vub01\.m2\repository\io\opentelemetry\opentelemetry-sdk-trace\1.14.0\opentelemetry-sdk-trace-1.14.0.jar;C:\Users\vub01\.m2\repository\io\opentelemetry\opentelemetry-sdk\1.14.0\opentelemetry-sdk-1.14.0.jar;C:\Users\vub01\.m2\repository\io\opentelemetry\opentelemetry-semconv\1.14.0-alpha\opentelemetry-semconv-1.14.0-alpha.jar;C:\Users\vub01\.m2\repository\io\ous\jtoml\2.0.0\jtoml-2.0.0.jar;C:\Users\vub01\.m2\repository\net\bytebuddy\byte-buddy\1.12.10\byte-buddy-1.12.10.jar;C:\Users\vub01\.m2\repository\org\apache\commons\commons-exec\1.3\commons-exec-1.3.jar;C:\Users\vub01\.m2\repository\org\asynchttpclient\async-http-client\2.12.3\async-http-client-2.12.3.jar;C:\Users\vub01\.m2\repository\org\asynchttpclient\async-http-client-netty-utils\2.12.3\async-http-client-netty-utils-2.12.3.jar;C:\Users\vub01\.m2\repository\org\seleniumhq\selenium\selenium-http\4.2.2\selenium-http-4.2.2.jar;C:\Users\vub01\.m2\repository\dev\failsafe\failsafe\3.2.4\failsafe-3.2.4.jar;C:\Users\vub01\.m2\repository\org\seleniumhq\selenium\selenium-json\4.2.2\selenium-json-4.2.2.jar;C:\Users\vub01\.m2\repository\io\netty\netty-buffer\4.1.95.Final\netty-buffer-4.1.95.Final.jar;C:\Users\vub01\.m2\repository\io\netty\netty-codec-http\4.1.95.Final\netty-codec-http-4.1.95.Final.jar;C:\Users\vub01\.m2\repository\io\netty\netty-codec\4.1.95.Final\netty-codec-4.1.95.Final.jar;C:\Users\vub01\.m2\repository\io\netty\netty-common\4.1.95.Final\netty-common-4.1.95.Final.jar;C:\Users\vub01\.m2\repository\io\netty\netty-resolver\4.1.95.Final\netty-resolver-4.1.95.Final.jar;C:\Users\vub01\.m2\repository\io\netty\netty-transport\4.1.95.Final\netty-transport-4.1.95.Final.jar;C:\Users\vub01\.m2\repository\com\typesafe\netty\netty-reactive-streams\2.0.8\netty-reactive-streams-2.0.8.jar;C:\Users\vub01\.m2\repository\org\reactivestreams\reactive-streams\1.0.4\reactive-streams-1.0.4.jar;C:\Users\vub01\.m2\repository\io\netty\netty-handler\4.1.95.Final\netty-handler-4.1.95.Final.jar;C:\Users\vub01\.m2\repository\com\sun\activation\jakarta.activation\2.0.1\jakarta.activation-2.0.1.jar;C:\Users\vub01\.m2\repository\io\netty\netty-codec-socks\4.1.94.Final\netty-codec-socks-4.1.94.Final.jar;C:\Users\vub01\.m2\repository\io\netty\netty-handler-proxy\4.1.94.Final\netty-handler-proxy-4.1.94.Final.jar;C:\Users\vub01\.m2\repository\io\netty\netty-transport-native-epoll\4.1.94.Final\netty-transport-native-epoll-4.1.94.Final.jar;C:\Users\vub01\.m2\repository\com\pojosontheweb\monte-repack\1.1\monte-repack-1.1.jar;C:\Users\vub01\.m2\repository\javax\media\jai\com.springsource.javax.media.jai.core\1.1.3\com.springsource.javax.media.jai.core-1.1.3.jar;C:\Users\vub01\.m2\repository\javax\media\jai\com.springsource.javax.media.jai.codec\1.1.3\com.springsource.javax.media.jai.codec-1.1.3.jar;C:\Users\vub01\.m2\repository\javax\media\jmf\2.1.1e\jmf-2.1.1e.jar;C:\Users\vub01\.m2\repository\org\jsoup\jsoup\1.15.3\jsoup-1.15.3.jar;C:\Users\vub01\.m2\repository\jakarta\mail\jakarta.mail-api\2.1.2\jakarta.mail-api-2.1.2.jar;C:\Users\vub01\.m2\repository\jakarta\activation\jakarta.activation-api\2.1.2\jakarta.activation-api-2.1.2.jar;C:\Users\vub01\.m2\repository\com\google\inject\guice\6.0.0\guice-6.0.0.jar;C:\Users\vub01\.m2\repository\javax\inject\javax.inject\1\javax.inject-1.jar;C:\Users\vub01\.m2\repository\jakarta\inject\jakarta.inject-api\2.0.1\jakarta.inject-api-2.0.1.jar;C:\Users\vub01\.m2\repository\aopalliance\aopalliance\1.0\aopalliance-1.0.jar;C:\Users\vub01\.m2\repository\net\lingala\zip4j\zip4j\2.11.5\zip4j-2.11.5.jar;C:\Users\vub01\.m2\repository\org\apache\httpcomponents\httpclient\4.5.14\httpclient-4.5.14.jar;C:\Users\vub01\.m2\repository\org\apache\httpcomponents\httpcore\4.4.16\httpcore-4.4.16.jar;C:\Users\vub01\.m2\repository\commons-logging\commons-logging\1.2\commons-logging-1.2.jar;C:\Users\vub01\.m2\repository\com\google\code\gson\gson\2.9.0\gson-2.9.0.jar;C:\Users\vub01\.m2\repository\org\apache\ant\ant\1.10.12\ant-1.10.12.jar;C:\Users\vub01\.m2\repository\org\apache\ant\ant-launcher\1.10.12\ant-launcher-1.10.12.jar;C:\Users\vub01\.m2\repository\io\cucumber\cucumber-testng\7.2.3\cucumber-testng-7.2.3.jar;C:\Users\vub01\.m2\repository\org\apiguardian\apiguardian-api\1.1.2\apiguardian-api-1.1.2.jar;C:\Users\vub01\.m2\repository\org\webjars\jquery\3.6.4\jquery-3.6.4.jar;C:\Users\vub01\.m2\repository\org\apache\poi\poi-ooxml\5.2.3\poi-ooxml-5.2.3.jar;C:\Users\vub01\.m2\repository\org\apache\poi\poi\5.2.3\poi-5.2.3.jar;C:\Users\vub01\.m2\repository\org\apache\commons\commons-math3\3.6.1\commons-math3-3.6.1.jar;C:\Users\vub01\.m2\repository\com\zaxxer\SparseBitSet\1.2\SparseBitSet-1.2.jar;C:\Users\vub01\.m2\repository\org\apache\poi\poi-ooxml-lite\5.2.3\poi-ooxml-lite-5.2.3.jar;C:\Users\vub01\.m2\repository\com\github\virtuald\curvesapi\1.07\curvesapi-1.07.jar;C:\Users\vub01\.m2\repository\org\apache\logging\log4j\log4j-api\2.18.0\log4j-api-2.18.0.jar;C:\Users\vub01\.m2\repository\org\apache\commons\commons-collections4\4.4\commons-collections4-4.4.jar;C:\Users\vub01\.m2\repository\org\apache\commons\commons-compress\1.23.0\commons-compress-1.23.0.jar;C:\Users\vub01\.m2\repository\org\apache\xmlbeans\xmlbeans\4.0.0\xmlbeans-4.0.0.jar;C:\Users\vub01\.m2\repository\org\apache\pdfbox\pdfbox\2.0.26\pdfbox-2.0.26.jar;C:\Users\vub01\.m2\repository\org\apache\pdfbox\fontbox\2.0.26\fontbox-2.0.26.jar;C:\Users\vub01\.m2\repository\org\slf4j\slf4j-api\2.0.7\slf4j-api-2.0.7.jar;C:\Users\vub01\.m2\repository\ch\qos\logback\logback-classic\1.3.8\logback-classic-1.3.8.jar;C:\Users\vub01\.m2\repository\ch\qos\logback\logback-core\1.3.8\logback-core-1.3.8.jar;C:\Users\vub01\.m2\repository\commons-codec\commons-codec\1.16.0\commons-codec-1.16.0.jar;C:\Users\vub01\.m2\repository\commons-io\commons-io\2.13.0\commons-io-2.13.0.jar;C:\Users\vub01\.m2\repository\io\cucumber\cucumber-guice\7.2.3\cucumber-guice-7.2.3.jar;C:\Users\vub01\.m2\repository\io\cucumber\tag-expressions\5.0.2\tag-expressions-5.0.2.jar;C:\Users\vub01\.m2\repository\io\cucumber\cucumber-expressions\16.1.2\cucumber-expressions-16.1.2.jar;C:\Users\vub01\.m2\repository\io\cucumber\cucumber-core\7.2.3\cucumber-core-7.2.3.jar;C:\Users\vub01\.m2\repository\io\cucumber\cucumber-gherkin\7.2.3\cucumber-gherkin-7.2.3.jar;C:\Users\vub01\.m2\repository\io\cucumber\cucumber-gherkin-messages\7.2.3\cucumber-gherkin-messages-7.2.3.jar;C:\Users\vub01\.m2\repository\io\cucumber\messages\17.1.1\messages-17.1.1.jar;C:\Users\vub01\.m2\repository\io\cucumber\datatable\7.2.3\datatable-7.2.3.jar;C:\Users\vub01\.m2\repository\io\cucumber\cucumber-plugin\7.2.3\cucumber-plugin-7.2.3.jar;C:\Users\vub01\.m2\repository\io\cucumber\docstring\7.2.3\docstring-7.2.3.jar;C:\Users\vub01\.m2\repository\io\cucumber\html-formatter\17.0.0\html-formatter-17.0.0.jar;C:\Users\vub01\.m2\repository\io\cucumber\ci-environment\8.1.0\ci-environment-8.1.0.jar;C:\Users\vub01\.m2\repository\io\cucumber\cucumber-java\7.2.3\cucumber-java-7.2.3.jar;C:\Users\vub01\.m2\repository\io\cucumber\cucumber-junit\7.2.3\cucumber-junit-7.2.3.jar;C:\Users\vub01\.m2\repository\io\cucumber\cucumber-jvm-deps\1.0.6\cucumber-jvm-deps-1.0.6.jar;C:\Users\vub01\.m2\repository\mx4j\mx4j\3.0.2\mx4j-3.0.2.jar;C:\Users\vub01\.m2\repository\org\apache\maven\plugin-tools\maven-plugin-annotations\3.8.2\maven-plugin-annotations-3.8.2.jar;C:\Users\vub01\.m2\repository\org\codehaus\plexus\plexus-utils\3.4.0\plexus-utils-3.4.0.jar;C:\Users\vub01\.m2\repository\io\rest-assured\rest-assured\5.3.1\rest-assured-5.3.1.jar;C:\Users\vub01\.m2\repository\org\apache\groovy\groovy\4.0.11\groovy-4.0.11.jar;C:\Users\vub01\.m2\repository\org\apache\groovy\groovy-xml\4.0.11\groovy-xml-4.0.11.jar;C:\Users\vub01\.m2\repository\io\rest-assured\json-path\5.3.1\json-path-5.3.1.jar;C:\Users\vub01\.m2\repository\org\apache\groovy\groovy-json\4.0.11\groovy-json-4.0.11.jar;C:\Users\vub01\.m2\repository\io\rest-assured\rest-assured-common\5.3.1\rest-assured-common-5.3.1.jar;C:\Users\vub01\.m2\repository\io\rest-assured\xml-path\5.3.1\xml-path-5.3.1.jar;C:\Users\vub01\.m2\repository\org\apache\commons\commons-lang3\3.11\commons-lang3-3.11.jar;C:\Users\vub01\.m2\repository\com\aventstack\extentreports\5.0.9\extentreports-5.0.9.jar;C:\Users\vub01\.m2\repository\org\apache\httpcomponents\httpmime\4.5.14\httpmime-4.5.14.jar;C:\Users\vub01\.m2\repository\org\codehaus\groovy\groovy\3.0.11\groovy-3.0.11.jar;C:\Users\vub01\.m2\repository\com\fasterxml\jackson\core\jackson-databind\2.15.3\jackson-databind-2.15.3.jar;C:\Users\vub01\.m2\repository\com\fasterxml\jackson\core\jackson-annotations\2.15.3\jackson-annotations-2.15.3.jar;C:\Users\vub01\.m2\repository\com\fasterxml\jackson\core\jackson-core\2.15.3\jackson-core-2.15.3.jar;C:\Users\vub01\.m2\repository\org\eclipse\jetty\jetty-io\11.0.15\jetty-io-11.0.15.jar;C:\Users\vub01\.m2\repository\org\eclipse\jetty\jetty-util\11.0.15\jetty-util-11.0.15.jar;C:\Users\vub01\.m2\repository\org\yaml\snakeyaml\2.0\snakeyaml-2.0.jar;C:\Users\vub01\.m2\repository\io\cucumber\gherkin\22.0.0\gherkin-22.0.0.jar;C:\Users\vub01\.m2\repository\org\springframework\spring-beans\5.3.27\spring-beans-5.3.27.jar;C:\Users\vub01\.m2\repository\org\springframework\spring-core\5.3.27\spring-core-5.3.27.jar;C:\Users\vub01\.m2\repository\org\springframework\spring-jcl\5.3.27\spring-jcl-5.3.27.jar;C:\Users\vub01\.m2\repository\org\springframework\spring-context\5.3.27\spring-context-5.3.27.jar;C:\Users\vub01\.m2\repository\org\springframework\spring-aop\5.3.27\spring-aop-5.3.27.jar;C:\Users\vub01\.m2\repository\org\springframework\spring-expression\5.3.27\spring-expression-5.3.27.jar;C:\Users\vub01\.m2\repository\org\testng\testng\7.3.0\testng-7.3.0.jar;C:\Users\vub01\.m2\repository\com\browserstack\browserstack-local-java\1.1.0\browserstack-local-java-1.1.0.jar;C:\Users\vub01\.m2\repository\org\json\json\20230227\json-20230227.jar;C:\Users\vub01\.m2\repository\com\beust\jcommander\1.82\jcommander-1.82.jar;"/>
    <property name="baseClass" value="com.pega.CRMTestEnvironment"/>
    <property name="java.vm.vendor" value="Eclipse Adoptium"/>
    <property name="sun.arch.data.model" value="64"/>
    <property name="user.variant" value=""/>
    <property name="java.vendor.url" value="https://adoptium.net/"/>
    <property name="user.timezone" value="Asia/Calcutta"/>
    <property name="os.name" value="Windows Server 2016"/>
    <property name="java.vm.specification.version" value="11"/>
    <property name="guice.injector-source" value="com.pega.config.guice.GuiceInjector"/>
    <property name="testReportsDir" value="latestreports/@PlatformPOCCheck"/>
    <property name="sun.java.launcher" value="SUN_STANDARD"/>
    <property name="user.country" value="IN"/>
    <property name="sun.boot.library.path" value="C:\Program Files\Eclipse Adoptium\jdk-11.0.17.8-hotspot\bin"/>
    <property name="sun.java.command" value="C:\Users\vub01\AppData\Local\Temp\surefire11816524927489110938\surefirebooter-20240621222757373_3.jar C:\Users\vub01\AppData\Local\Temp\surefire11816524927489110938 2024-06-21T22-27-56_924-jvmRun1 surefire-20240621222757373_1tmp surefire_0-20240621222757373_2tmp"/>
    <property name="jdk.debug" value="release"/>
    <property name="surefire.test.class.path" value="C:\Users\vub01\EmplBenefit POC\Pega_CRM_Selenium_UI_TestFramework_V4.2.2\ootb-selenium-tests\target\test-classes;C:\Users\vub01\EmplBenefit POC\Pega_CRM_Selenium_UI_TestFramework_V4.2.2\ootb-selenium-tests\target\classes;C:\Users\vub01\.m2\repository\junit\junit\4.13.2\junit-4.13.2.jar;C:\Users\vub01\.m2\repository\org\hamcrest\hamcrest-core\2.2\hamcrest-core-2.2.jar;C:\Users\vub01\.m2\repository\org\hamcrest\hamcrest\2.2\hamcrest-2.2.jar;C:\Users\vub01\.m2\repository\com\google\guava\guava\32.0.1-jre\guava-32.0.1-jre.jar;C:\Users\vub01\.m2\repository\com\google\guava\failureaccess\1.0.1\failureaccess-1.0.1.jar;C:\Users\vub01\.m2\repository\com\google\guava\listenablefuture\9999.0-empty-to-avoid-conflict-with-guava\listenablefuture-9999.0-empty-to-avoid-conflict-with-guava.jar;C:\Users\vub01\.m2\repository\org\checkerframework\checker-qual\3.33.0\checker-qual-3.33.0.jar;C:\Users\vub01\.m2\repository\com\google\errorprone\error_prone_annotations\2.18.0\error_prone_annotations-2.18.0.jar;C:\Users\vub01\.m2\repository\com\google\j2objc\j2objc-annotations\2.8\j2objc-annotations-2.8.jar;C:\Users\vub01\EmplBenefit POC\Pega_CRM_Selenium_UI_TestFramework_V4.2.2\ootb-selenium-tests\lib\pega-base-ui-testframework-4.2.2.jar;C:\Users\vub01\.m2\repository\org\seleniumhq\selenium\selenium-java\4.2.2\selenium-java-4.2.2.jar;C:\Users\vub01\.m2\repository\org\seleniumhq\selenium\selenium-api\4.2.2\selenium-api-4.2.2.jar;C:\Users\vub01\.m2\repository\org\seleniumhq\selenium\selenium-chrome-driver\4.2.2\selenium-chrome-driver-4.2.2.jar;C:\Users\vub01\.m2\repository\org\seleniumhq\selenium\selenium-chromium-driver\4.2.2\selenium-chromium-driver-4.2.2.jar;C:\Users\vub01\.m2\repository\org\seleniumhq\selenium\selenium-devtools-v100\4.2.2\selenium-devtools-v100-4.2.2.jar;C:\Users\vub01\.m2\repository\org\seleniumhq\selenium\selenium-devtools-v101\4.2.2\selenium-devtools-v101-4.2.2.jar;C:\Users\vub01\.m2\repository\org\seleniumhq\selenium\selenium-devtools-v102\4.2.2\selenium-devtools-v102-4.2.2.jar;C:\Users\vub01\.m2\repository\org\seleniumhq\selenium\selenium-devtools-v85\4.2.2\selenium-devtools-v85-4.2.2.jar;C:\Users\vub01\.m2\repository\org\seleniumhq\selenium\selenium-edge-driver\4.2.2\selenium-edge-driver-4.2.2.jar;C:\Users\vub01\.m2\repository\org\seleniumhq\selenium\selenium-firefox-driver\4.2.2\selenium-firefox-driver-4.2.2.jar;C:\Users\vub01\.m2\repository\org\seleniumhq\selenium\selenium-ie-driver\4.2.2\selenium-ie-driver-4.2.2.jar;C:\Users\vub01\.m2\repository\org\seleniumhq\selenium\selenium-opera-driver\4.2.2\selenium-opera-driver-4.2.2.jar;C:\Users\vub01\.m2\repository\org\seleniumhq\selenium\selenium-safari-driver\4.2.2\selenium-safari-driver-4.2.2.jar;C:\Users\vub01\.m2\repository\org\seleniumhq\selenium\selenium-support\4.2.2\selenium-support-4.2.2.jar;C:\Users\vub01\.m2\repository\org\seleniumhq\selenium\selenium-remote-driver\4.2.2\selenium-remote-driver-4.2.2.jar;C:\Users\vub01\.m2\repository\com\google\auto\service\auto-service-annotations\1.0.1\auto-service-annotations-1.0.1.jar;C:\Users\vub01\.m2\repository\com\google\auto\service\auto-service\1.0.1\auto-service-1.0.1.jar;C:\Users\vub01\.m2\repository\com\google\auto\auto-common\1.2\auto-common-1.2.jar;C:\Users\vub01\.m2\repository\io\netty\netty-transport-classes-epoll\4.1.77.Final\netty-transport-classes-epoll-4.1.77.Final.jar;C:\Users\vub01\.m2\repository\io\netty\netty-transport-classes-kqueue\4.1.77.Final\netty-transport-classes-kqueue-4.1.77.Final.jar;C:\Users\vub01\.m2\repository\io\netty\netty-transport-native-unix-common\4.1.77.Final\netty-transport-native-unix-common-4.1.77.Final.jar;C:\Users\vub01\.m2\repository\io\opentelemetry\opentelemetry-api\1.14.0\opentelemetry-api-1.14.0.jar;C:\Users\vub01\.m2\repository\io\opentelemetry\opentelemetry-context\1.14.0\opentelemetry-context-1.14.0.jar;C:\Users\vub01\.m2\repository\io\opentelemetry\opentelemetry-exporter-logging\1.14.0\opentelemetry-exporter-logging-1.14.0.jar;C:\Users\vub01\.m2\repository\io\opentelemetry\opentelemetry-sdk-metrics\1.14.0\opentelemetry-sdk-metrics-1.14.0.jar;C:\Users\vub01\.m2\repository\io\opentelemetry\opentelemetry-sdk-logs\1.14.0-alpha\opentelemetry-sdk-logs-1.14.0-alpha.jar;C:\Users\vub01\.m2\repository\io\opentelemetry\opentelemetry-sdk-common\1.14.0\opentelemetry-sdk-common-1.14.0.jar;C:\Users\vub01\.m2\repository\io\opentelemetry\opentelemetry-sdk-extension-autoconfigure-spi\1.14.0\opentelemetry-sdk-extension-autoconfigure-spi-1.14.0.jar;C:\Users\vub01\.m2\repository\io\opentelemetry\opentelemetry-sdk-extension-autoconfigure\1.14.0-alpha\opentelemetry-sdk-extension-autoconfigure-1.14.0-alpha.jar;C:\Users\vub01\.m2\repository\io\opentelemetry\opentelemetry-sdk-trace\1.14.0\opentelemetry-sdk-trace-1.14.0.jar;C:\Users\vub01\.m2\repository\io\opentelemetry\opentelemetry-sdk\1.14.0\opentelemetry-sdk-1.14.0.jar;C:\Users\vub01\.m2\repository\io\opentelemetry\opentelemetry-semconv\1.14.0-alpha\opentelemetry-semconv-1.14.0-alpha.jar;C:\Users\vub01\.m2\repository\io\ous\jtoml\2.0.0\jtoml-2.0.0.jar;C:\Users\vub01\.m2\repository\net\bytebuddy\byte-buddy\1.12.10\byte-buddy-1.12.10.jar;C:\Users\vub01\.m2\repository\org\apache\commons\commons-exec\1.3\commons-exec-1.3.jar;C:\Users\vub01\.m2\repository\org\asynchttpclient\async-http-client\2.12.3\async-http-client-2.12.3.jar;C:\Users\vub01\.m2\repository\org\asynchttpclient\async-http-client-netty-utils\2.12.3\async-http-client-netty-utils-2.12.3.jar;C:\Users\vub01\.m2\repository\org\seleniumhq\selenium\selenium-http\4.2.2\selenium-http-4.2.2.jar;C:\Users\vub01\.m2\repository\dev\failsafe\failsafe\3.2.4\failsafe-3.2.4.jar;C:\Users\vub01\.m2\repository\org\seleniumhq\selenium\selenium-json\4.2.2\selenium-json-4.2.2.jar;C:\Users\vub01\.m2\repository\io\netty\netty-buffer\4.1.95.Final\netty-buffer-4.1.95.Final.jar;C:\Users\vub01\.m2\repository\io\netty\netty-codec-http\4.1.95.Final\netty-codec-http-4.1.95.Final.jar;C:\Users\vub01\.m2\repository\io\netty\netty-codec\4.1.95.Final\netty-codec-4.1.95.Final.jar;C:\Users\vub01\.m2\repository\io\netty\netty-common\4.1.95.Final\netty-common-4.1.95.Final.jar;C:\Users\vub01\.m2\repository\io\netty\netty-resolver\4.1.95.Final\netty-resolver-4.1.95.Final.jar;C:\Users\vub01\.m2\repository\io\netty\netty-transport\4.1.95.Final\netty-transport-4.1.95.Final.jar;C:\Users\vub01\.m2\repository\com\typesafe\netty\netty-reactive-streams\2.0.8\netty-reactive-streams-2.0.8.jar;C:\Users\vub01\.m2\repository\org\reactivestreams\reactive-streams\1.0.4\reactive-streams-1.0.4.jar;C:\Users\vub01\.m2\repository\io\netty\netty-handler\4.1.95.Final\netty-handler-4.1.95.Final.jar;C:\Users\vub01\.m2\repository\com\sun\activation\jakarta.activation\2.0.1\jakarta.activation-2.0.1.jar;C:\Users\vub01\.m2\repository\io\netty\netty-codec-socks\4.1.94.Final\netty-codec-socks-4.1.94.Final.jar;C:\Users\vub01\.m2\repository\io\netty\netty-handler-proxy\4.1.94.Final\netty-handler-proxy-4.1.94.Final.jar;C:\Users\vub01\.m2\repository\io\netty\netty-transport-native-epoll\4.1.94.Final\netty-transport-native-epoll-4.1.94.Final.jar;C:\Users\vub01\.m2\repository\com\pojosontheweb\monte-repack\1.1\monte-repack-1.1.jar;C:\Users\vub01\.m2\repository\javax\media\jai\com.springsource.javax.media.jai.core\1.1.3\com.springsource.javax.media.jai.core-1.1.3.jar;C:\Users\vub01\.m2\repository\javax\media\jai\com.springsource.javax.media.jai.codec\1.1.3\com.springsource.javax.media.jai.codec-1.1.3.jar;C:\Users\vub01\.m2\repository\javax\media\jmf\2.1.1e\jmf-2.1.1e.jar;C:\Users\vub01\.m2\repository\org\jsoup\jsoup\1.15.3\jsoup-1.15.3.jar;C:\Users\vub01\.m2\repository\jakarta\mail\jakarta.mail-api\2.1.2\jakarta.mail-api-2.1.2.jar;C:\Users\vub01\.m2\repository\jakarta\activation\jakarta.activation-api\2.1.2\jakarta.activation-api-2.1.2.jar;C:\Users\vub01\.m2\repository\com\google\inject\guice\6.0.0\guice-6.0.0.jar;C:\Users\vub01\.m2\repository\javax\inject\javax.inject\1\javax.inject-1.jar;C:\Users\vub01\.m2\repository\jakarta\inject\jakarta.inject-api\2.0.1\jakarta.inject-api-2.0.1.jar;C:\Users\vub01\.m2\repository\aopalliance\aopalliance\1.0\aopalliance-1.0.jar;C:\Users\vub01\.m2\repository\net\lingala\zip4j\zip4j\2.11.5\zip4j-2.11.5.jar;C:\Users\vub01\.m2\repository\org\apache\httpcomponents\httpclient\4.5.14\httpclient-4.5.14.jar;C:\Users\vub01\.m2\repository\org\apache\httpcomponents\httpcore\4.4.16\httpcore-4.4.16.jar;C:\Users\vub01\.m2\repository\commons-logging\commons-logging\1.2\commons-logging-1.2.jar;C:\Users\vub01\.m2\repository\com\google\code\gson\gson\2.9.0\gson-2.9.0.jar;C:\Users\vub01\.m2\repository\org\apache\ant\ant\1.10.12\ant-1.10.12.jar;C:\Users\vub01\.m2\repository\org\apache\ant\ant-launcher\1.10.12\ant-launcher-1.10.12.jar;C:\Users\vub01\.m2\repository\io\cucumber\cucumber-testng\7.2.3\cucumber-testng-7.2.3.jar;C:\Users\vub01\.m2\repository\org\apiguardian\apiguardian-api\1.1.2\apiguardian-api-1.1.2.jar;C:\Users\vub01\.m2\repository\org\webjars\jquery\3.6.4\jquery-3.6.4.jar;C:\Users\vub01\.m2\repository\org\apache\poi\poi-ooxml\5.2.3\poi-ooxml-5.2.3.jar;C:\Users\vub01\.m2\repository\org\apache\poi\poi\5.2.3\poi-5.2.3.jar;C:\Users\vub01\.m2\repository\org\apache\commons\commons-math3\3.6.1\commons-math3-3.6.1.jar;C:\Users\vub01\.m2\repository\com\zaxxer\SparseBitSet\1.2\SparseBitSet-1.2.jar;C:\Users\vub01\.m2\repository\org\apache\poi\poi-ooxml-lite\5.2.3\poi-ooxml-lite-5.2.3.jar;C:\Users\vub01\.m2\repository\com\github\virtuald\curvesapi\1.07\curvesapi-1.07.jar;C:\Users\vub01\.m2\repository\org\apache\logging\log4j\log4j-api\2.18.0\log4j-api-2.18.0.jar;C:\Users\vub01\.m2\repository\org\apache\commons\commons-collections4\4.4\commons-collections4-4.4.jar;C:\Users\vub01\.m2\repository\org\apache\commons\commons-compress\1.23.0\commons-compress-1.23.0.jar;C:\Users\vub01\.m2\repository\org\apache\xmlbeans\xmlbeans\4.0.0\xmlbeans-4.0.0.jar;C:\Users\vub01\.m2\repository\org\apache\pdfbox\pdfbox\2.0.26\pdfbox-2.0.26.jar;C:\Users\vub01\.m2\repository\org\apache\pdfbox\fontbox\2.0.26\fontbox-2.0.26.jar;C:\Users\vub01\.m2\repository\org\slf4j\slf4j-api\2.0.7\slf4j-api-2.0.7.jar;C:\Users\vub01\.m2\repository\ch\qos\logback\logback-classic\1.3.8\logback-classic-1.3.8.jar;C:\Users\vub01\.m2\repository\ch\qos\logback\logback-core\1.3.8\logback-core-1.3.8.jar;C:\Users\vub01\.m2\repository\commons-codec\commons-codec\1.16.0\commons-codec-1.16.0.jar;C:\Users\vub01\.m2\repository\commons-io\commons-io\2.13.0\commons-io-2.13.0.jar;C:\Users\vub01\.m2\repository\io\cucumber\cucumber-guice\7.2.3\cucumber-guice-7.2.3.jar;C:\Users\vub01\.m2\repository\io\cucumber\tag-expressions\5.0.2\tag-expressions-5.0.2.jar;C:\Users\vub01\.m2\repository\io\cucumber\cucumber-expressions\16.1.2\cucumber-expressions-16.1.2.jar;C:\Users\vub01\.m2\repository\io\cucumber\cucumber-core\7.2.3\cucumber-core-7.2.3.jar;C:\Users\vub01\.m2\repository\io\cucumber\cucumber-gherkin\7.2.3\cucumber-gherkin-7.2.3.jar;C:\Users\vub01\.m2\repository\io\cucumber\cucumber-gherkin-messages\7.2.3\cucumber-gherkin-messages-7.2.3.jar;C:\Users\vub01\.m2\repository\io\cucumber\messages\17.1.1\messages-17.1.1.jar;C:\Users\vub01\.m2\repository\io\cucumber\datatable\7.2.3\datatable-7.2.3.jar;C:\Users\vub01\.m2\repository\io\cucumber\cucumber-plugin\7.2.3\cucumber-plugin-7.2.3.jar;C:\Users\vub01\.m2\repository\io\cucumber\docstring\7.2.3\docstring-7.2.3.jar;C:\Users\vub01\.m2\repository\io\cucumber\html-formatter\17.0.0\html-formatter-17.0.0.jar;C:\Users\vub01\.m2\repository\io\cucumber\ci-environment\8.1.0\ci-environment-8.1.0.jar;C:\Users\vub01\.m2\repository\io\cucumber\cucumber-java\7.2.3\cucumber-java-7.2.3.jar;C:\Users\vub01\.m2\repository\io\cucumber\cucumber-junit\7.2.3\cucumber-junit-7.2.3.jar;C:\Users\vub01\.m2\repository\io\cucumber\cucumber-jvm-deps\1.0.6\cucumber-jvm-deps-1.0.6.jar;C:\Users\vub01\.m2\repository\mx4j\mx4j\3.0.2\mx4j-3.0.2.jar;C:\Users\vub01\.m2\repository\org\apache\maven\plugin-tools\maven-plugin-annotations\3.8.2\maven-plugin-annotations-3.8.2.jar;C:\Users\vub01\.m2\repository\org\codehaus\plexus\plexus-utils\3.4.0\plexus-utils-3.4.0.jar;C:\Users\vub01\.m2\repository\io\rest-assured\rest-assured\5.3.1\rest-assured-5.3.1.jar;C:\Users\vub01\.m2\repository\org\apache\groovy\groovy\4.0.11\groovy-4.0.11.jar;C:\Users\vub01\.m2\repository\org\apache\groovy\groovy-xml\4.0.11\groovy-xml-4.0.11.jar;C:\Users\vub01\.m2\repository\io\rest-assured\json-path\5.3.1\json-path-5.3.1.jar;C:\Users\vub01\.m2\repository\org\apache\groovy\groovy-json\4.0.11\groovy-json-4.0.11.jar;C:\Users\vub01\.m2\repository\io\rest-assured\rest-assured-common\5.3.1\rest-assured-common-5.3.1.jar;C:\Users\vub01\.m2\repository\io\rest-assured\xml-path\5.3.1\xml-path-5.3.1.jar;C:\Users\vub01\.m2\repository\org\apache\commons\commons-lang3\3.11\commons-lang3-3.11.jar;C:\Users\vub01\.m2\repository\com\aventstack\extentreports\5.0.9\extentreports-5.0.9.jar;C:\Users\vub01\.m2\repository\org\apache\httpcomponents\httpmime\4.5.14\httpmime-4.5.14.jar;C:\Users\vub01\.m2\repository\org\codehaus\groovy\groovy\3.0.11\groovy-3.0.11.jar;C:\Users\vub01\.m2\repository\com\fasterxml\jackson\core\jackson-databind\2.15.3\jackson-databind-2.15.3.jar;C:\Users\vub01\.m2\repository\com\fasterxml\jackson\core\jackson-annotations\2.15.3\jackson-annotations-2.15.3.jar;C:\Users\vub01\.m2\repository\com\fasterxml\jackson\core\jackson-core\2.15.3\jackson-core-2.15.3.jar;C:\Users\vub01\.m2\repository\org\eclipse\jetty\jetty-io\11.0.15\jetty-io-11.0.15.jar;C:\Users\vub01\.m2\repository\org\eclipse\jetty\jetty-util\11.0.15\jetty-util-11.0.15.jar;C:\Users\vub01\.m2\repository\org\yaml\snakeyaml\2.0\snakeyaml-2.0.jar;C:\Users\vub01\.m2\repository\io\cucumber\gherkin\22.0.0\gherkin-22.0.0.jar;C:\Users\vub01\.m2\repository\org\springframework\spring-beans\5.3.27\spring-beans-5.3.27.jar;C:\Users\vub01\.m2\repository\org\springframework\spring-core\5.3.27\spring-core-5.3.27.jar;C:\Users\vub01\.m2\repository\org\springframework\spring-jcl\5.3.27\spring-jcl-5.3.27.jar;C:\Users\vub01\.m2\repository\org\springframework\spring-context\5.3.27\spring-context-5.3.27.jar;C:\Users\vub01\.m2\repository\org\springframework\spring-aop\5.3.27\spring-aop-5.3.27.jar;C:\Users\vub01\.m2\repository\org\springframework\spring-expression\5.3.27\spring-expression-5.3.27.jar;C:\Users\vub01\.m2\repository\org\testng\testng\7.3.0\testng-7.3.0.jar;C:\Users\vub01\.m2\repository\com\browserstack\browserstack-local-java\1.1.0\browserstack-local-java-1.1.0.jar;C:\Users\vub01\.m2\repository\org\json\json\20230227\json-20230227.jar;C:\Users\vub01\.m2\repository\com\beust\jcommander\1.82\jcommander-1.82.jar;"/>
    <property name="sun.cpu.endian" value="little"/>
    <property name="user.home" value="C:\Users\vub01"/>
    <property name="user.language" value="en"/>
    <property name="is.one.step.one.def" value="true"/>
    <property name="java.specification.vendor" value="Oracle Corporation"/>
    <property name="java.version.date" value="2022-10-18"/>
    <property name="java.home" value="C:\Program Files\Eclipse Adoptium\jdk-11.0.17.8-hotspot"/>
    <property name="runMode" value=""/>
    <property name="file.separator" value="\"/>
    <property name="style.color" value="always"/>
    <property name="basedir" value="C:\Users\vub01\EmplBenefit POC\Pega_CRM_Selenium_UI_TestFramework_V4.2.2\ootb-selenium-tests"/>
    <property name="java.vm.compressedOopsMode" value="Zero based"/>
    <property name="line.separator" value="&#10;"/>
    <property name="java.specification.name" value="Java Platform API Specification"/>
    <property name="java.vm.specification.vendor" value="Oracle Corporation"/>
    <property name="java.awt.graphicsenv" value="sun.awt.Win32GraphicsEnvironment"/>
    <property name="surefire.real.class.path" value="C:\Users\vub01\AppData\Local\Temp\surefire11816524927489110938\surefirebooter-20240621222757373_3.jar"/>
    <property name="user.script" value=""/>
    <property name="sun.management.compiler" value="HotSpot 64-Bit Tiered Compilers"/>
    <property name="java.runtime.version" value="11.0.17+8"/>
    <property name="user.name" value="vub01"/>
    <property name="path.separator" value=";"/>
    <property name="os.version" value="10.0"/>
    <property name="java.runtime.name" value="OpenJDK Runtime Environment"/>
    <property name="file.encoding" value="UTF-8"/>
    <property name="java.vm.name" value="OpenJDK 64-Bit Server VM"/>
    <property name="java.vendor.version" value="Temurin-11.0.17+8"/>
    <property name="localRepository" value="C:\Users\vub01\.m2\repository"/>
    <property name="cucumber.options" value=" --tags                                 @PlatformPOCCheck                                 --plugin pretty                                 --plugin                                 html:latestreports/@PlatformPOCCheck/cucumber-htmlreport.html                                 --plugin                                 junit:latestreports/@PlatformPOCCheck/cucumber-junitreport.xml                                 --plugin                                 json:latestreports/@PlatformPOCCheck/cucumber-report.json"/>
    <property name="java.vendor.url.bug" value="https://github.com/adoptium/adoptium-support/issues"/>
    <property name="java.io.tmpdir" value="C:\Users\vub01\AppData\Local\Temp\"/>
    <property name="cucumber.filter.tags" value="@PlatformPOCCheck"/>
    <property name="java.version" value="11.0.17"/>
    <property name="user.dir" value="C:\Users\vub01\EmplBenefit POC\Pega_CRM_Selenium_UI_TestFramework_V4.2.2\ootb-selenium-tests"/>
    <property name="os.arch" value="amd64"/>
    <property name="java.vm.specification.name" value="Java Virtual Machine Specification"/>
    <property name="java.awt.printerjob" value="sun.awt.windows.WPrinterJob"/>
    <property name="sun.os.patch.level" value=""/>
    <property name="l10n.bundle.path" value=""/>
    <property name="java.library.path" value="C:\Program Files\Eclipse Adoptium\jdk-11.0.17.8-hotspot\bin;C:\Windows\Sun\Java\bin;C:\Windows\system32;C:\Windows;C:/Users/yerrn/.p2/pool/plugins/org.eclipse.justj.openjdk.hotspot.jre.full.win32.x86_64_17.0.11.v20240426-1830/jre/bin/server;C:/Users/yerrn/.p2/pool/plugins/org.eclipse.justj.openjdk.hotspot.jre.full.win32.x86_64_17.0.11.v20240426-1830/jre/bin;C:\app\puttr\product\21c\dbhomeXE\bin;C:\Program Files\Eclipse Adoptium\jdk-11.0.17.8-hotspot\bin;C:\Program Files (x86)\Common Files\Oracle\Java\javapath;C:\oraclexe\app\oracle\product\11.2.0\server\bin;C:\Windows\system32;C:\Windows;C:\Windows\System32\Wbem;C:\Windows\System32\WindowsPowerShell\v1.0\;E:\Ranjith\Tools\apache-jmeter-5.5\apache-jmeter-5.5\bin;C:\Program Files\Eclipse Adoptium\jdk-11.0.17.8-hotspot\\bin;C:\Program Files\ibm\gsk8\lib64;C:\Program Files (x86)\ibm\gsk8\lib;C:\Program Files (x86)\Microsoft SQL Server\160\DTS\Binn\;C:\Program Files\Azure Data Studio\bin;C:\Program Files (x86)\Microsoft SQL Server\160\Tools\Binn\;C:\Program Files\Microsoft SQL Server\160\Tools\Binn\;C:\Program Files\Microsoft SQL Server\Client SDK\ODBC\170\Tools\Binn\;C:\Program Files\Microsoft SQL Server\160\DTS\Binn\;C:\PROGRA~1\IBM\SQLLIB\BIN;C:\PROGRA~1\IBM\SQLLIB\FUNCTION;C:\PROGRA~1\IBM\SQLLIB\SAMPLES\REPL;C:\Program Files\apache-maven-3.9.7\bin;C:\Users\vub01\AppData\Local\Microsoft\WindowsApps;E:\eclipse\eclipse;;."/>
    <property name="java.vm.info" value="mixed mode"/>
    <property name="java.vendor" value="Eclipse Adoptium"/>
    <property name="java.vm.version" value="11.0.17+8"/>
    <property name="l10n.language" value="en"/>
    <property name="sun.io.unicode.encoding" value="UnicodeLittle"/>
    <property name="java.class.version" value="55.0"/>
  </properties>
  <testcase name="runScenario[&quot;Verify case creation&quot;, &quot;Optional[New Business Life Case creation]&quot;](1)" classname="RunCukesTest" time="119.927">
    <system-out><![CDATA[22:28:01.264 [main] INFO  com.pega.config.SUTConfig - Setting is.pipeline.run property to false
22:28:01.288 [main] INFO  com.pega.config.SUTConfig - Debug mode is: false
22:28:01.289 [main] INFO  com.pega.config.SUTConfig - Attach PRPC logs?false
22:28:01.289 [main] INFO  com.pega.TestEnvironmentImpl - Logger level is set to : INFO
22:28:04.176 [main] INFO  com.pega.drivers.PegaChromeDriver - Chrome Driver launched successfully
22:28:04.330 [main] INFO  com.pega.TestEnvironmentImpl - Driver is initialised::ChromeDriver: chrome on WINDOWS (bc5f663f695ffa374e47497dfe9b9c38)
22:28:04.331 [main] INFO  com.pega.Browser - Opening the URL
22:28:06.537 [main] INFO  com.pega.config.SUTConfig - Setting is.pipeline.run property to false
22:28:06.537 [main] INFO  com.pega.config.SUTConfig - Debug mode is: false
22:28:06.538 [main] INFO  com.pega.config.SUTConfig - Attach PRPC logs?false
22:28:06.538 [main] INFO  com.pega.TestEnvironmentImpl - Logger level is set to : INFO
22:28:08.141 [main] INFO  com.pega.drivers.PegaChromeDriver - Chrome Driver launched successfully
22:28:08.213 [main] INFO  com.pega.TestEnvironmentImpl - Driver is initialised::ChromeDriver: chrome on WINDOWS (aae4bc11829bad2e4efb9c92f47f9340)
22:28:08.214 [main] INFO  com.pega.Browser - Opening the URL
22:28:10.409 [main] INFO  com.pega.Browser - Opening the URL
22:28:11.107 [main] INFO  com.pega.Browser - Logging in the user
22:28:11.108 [main] INFO  com.pega.framework.PegaWebDriver - element identification by logic:By.id: txtUserID
22:28:11.193 [main] INFO  com.pega.framework.PegaWebDriver - element identification by logic:By.id: txtPassword
22:28:11.413 [main] INFO  com.pega.framework.PegaWebDriver - element identification by logic:By.name: pyActivity=Code-Security.Login
22:28:44.575 [main] INFO  com.pega.sync.WaitForDocStateReady - !!! Document state div was never identified...are you sure your system is doc state aware?
22:29:14.641 [main] INFO  com.pega.sync.WaitForDocStateReady - !!! Document state div was never identified...are you sure your system is doc state aware?
22:29:14.696 [main] INFO  com.pega.Browser - is the login via application specific URL? : false
22:29:14.706 [main] INFO  com.pega.Browser - +-+-+-+-+-+-+-+-+-+-+-+-+-+-+-+-+-+-+-+-+-+-+-+-+-+-+-+-+--+-+
22:29:14.706 [main] INFO  com.pega.Browser - isCosmos : false
22:29:14.706 [main] INFO  com.pega.Browser - isConstellation : true
22:29:14.707 [main] INFO  com.pega.Browser - +-+-+-+-+-+-+-+-+-+-+-+-+-+-+-+-+-+-+-+-+-+-+-+-+-+-+-+-+--+-+
22:29:14.712 [main] INFO  com.pega.framework.PegaWebDriver - element identification by logic:By.xpath: (//button[@type='button'])[6]
22:29:15.912 [main] INFO  com.pega.sync.Throbber - Throbbing never started
22:29:15.930 [main] INFO  com.pega.framework.PegaWebDriver - element identification by logic:By.xpath: //*[@data-testid=':summary-item:primary' and normalize-space()='New Business Life']
22:29:17.067 [main] INFO  com.pega.sync.Throbber - Throbbing never started
22:29:17.088 [main] INFO  com.pega.framework.PegaWebDriver - element identification by logic:By.xpath: //*[@data-testid='First Name:input:control']
22:29:17.789 [main] INFO  com.pega.framework.PegaWebDriver - element identification by logic:By.xpath: //*[@data-testid='Last Name:input:control']
22:29:18.049 [main] INFO  com.pega.framework.PegaWebDriver - element identification by logic:By.xpath: //input[@placeholder='MM']
22:29:18.176 [main] INFO  com.pega.framework.PegaWebDriver - element identification by logic:By.xpath: //input[@placeholder='DD']
22:29:18.290 [main] INFO  com.pega.framework.PegaWebDriver - element identification by logic:By.xpath: //input[@placeholder='YYYY']
22:29:18.387 [main] INFO  com.pega.framework.PegaWebDriver - element identification by logic:By.xpath: //*[@data-testid='Age:number-input:control']
22:29:18.695 [main] INFO  com.pega.framework.PegaWebDriver - element identification by logic:By.xpath: //*[@data-testid='Identification Number:number-input:control']
22:29:18.830 [main] INFO  com.pega.framework.PegaWebDriver - element identification by logic:By.xpath: //*[@data-testid='Phone Number:phone-input:control']
22:29:18.980 [main] INFO  com.pega.framework.PegaWebDriver - element identification by logic:By.xpath: //*[@data-testid='Email:input:control']
22:29:19.078 [main] INFO  com.pega.framework.PegaWebDriver - element identification by logic:By.xpath: //*[@data-testid='Email:input:control']
22:29:19.208 [main] INFO  com.pega.framework.PegaWebDriver - element identification by logic:By.xpath: //*[@data-testid='Email:input:control']
22:29:19.366 [main] INFO  com.pega.framework.PegaWebDriver - element identification by logic:By.xpath: //*[@role='alert']
22:29:19.422 [main] INFO  com.pega.framework.PegaWebDriver - element identification by logic:By.xpath: //*[@data-testid='Email:input:control']
22:29:19.497 [main] INFO  com.pega.framework.PegaWebDriver - element identification by logic:By.xpath: //*[@data-testid='Email:input:control']
22:29:19.624 [main] INFO  com.pega.framework.PegaWebDriver - element identification by logic:By.xpath: //*[@data-testid='Zip code:input:control']
22:29:19.734 [main] INFO  com.pega.framework.PegaWebDriver - element identification by logic:By.xpath: //label[contains(@for, 'Consent.Yes')]
22:29:20.892 [main] INFO  com.pega.sync.Throbber - Throbbing never started
22:29:21.102 [main] INFO  com.pega.framework.PegaWebDriver - element identification by logic:By.xpath: //*[text()='Smoker']
22:29:22.247 [main] INFO  com.pega.sync.Throbber - Throbbing never started
22:29:22.266 [main] INFO  com.pega.framework.PegaWebDriver - element identification by logic:By.xpath: //span[contains(text(),'Create New Business Life')]
22:29:22.322 [main] INFO  com.pega.framework.PegaWebDriver - element identification by logic:By.xpath: //button[@name='next']
22:29:23.480 [main] INFO  com.pega.sync.Throbber - Throbbing never started
22:29:23.499 [main] INFO  com.pega.framework.PegaWebDriver - element identification by logic:By.xpath: //*[@data-testid='Quote ID:input:control']
22:29:24.065 [main] INFO  com.pega.framework.PegaWebDriver - element identification by logic:By.xpath: //button[@name='next']
22:29:25.196 [main] INFO  com.pega.sync.Throbber - Throbbing never started
22:29:25.215 [main] INFO  com.pega.framework.PegaWebDriver - element identification by logic:By.xpath: //*[@data-testid='Review Quote:text-area:control']
Quote Text==>Thank you for choosing Metlife.  The actual premiums can only be determined by a full application and underwriting process, including some medical testing at our expense.
22:29:25.776 [main] INFO  com.pega.framework.PegaWebDriver - element identification by logic:By.xpath: //label[contains(@for, 'ProceedToPolicy.Yes')]
22:29:25.862 [main] INFO  com.pega.framework.PegaWebDriver - element identification by logic:By.xpath: //button[@name='submit']
22:29:26.995 [main] INFO  com.pega.sync.Throbber - Throbbing never started
22:29:27.013 [main] INFO  com.pega.framework.PegaWebDriver - element identification by logic:By.xpath: //button[@name='submit']
22:29:28.147 [main] INFO  com.pega.sync.Throbber - Throbbing never started
Case ID created=>N-6002
22:29:28.173 [main] INFO  com.pega.framework.PegaWebDriver - element identification by logic:By.xpath: //*[text()='Internal Status']//following-sibling::dd
Status Text==>QUOTE-ACCEPTED
22:29:46.593 [main] INFO  com.pega.framework.PegaWebDriver - element identification by logic:By.xpath: //*[text()='New Business Life']//following-sibling::p
Value on landing page==>N-6002
22:29:46.671 [main] INFO  com.pega.framework.PegaWebDriver - element identification by logic:By.xpath: //*[contains(text(),'U@')]
22:29:47.879 [main] INFO  com.pega.sync.Throbber - Throbbing never started
22:29:47.897 [main] INFO  com.pega.framework.PegaWebDriver - element identification by logic:By.xpath: //*[contains(text(),'Log off')]
22:29:49.907 [main] INFO  com.pega.sync.Throbber - Throbbing never started
22:29:49.935 [main] INFO  com.pega.Browser - FINE https://lab-00958-bos.lab.pega.com/prweb/app/default/beEBp4uRVTogorRwSwWqbOtn9IL2fwdI*/!STANDARD - [DOM] Multiple forms should be contained in their own form elements; break up complex forms into ones that represent a single action: (More info: https://goo.gl/9p2vKq) %o
22:29:49.936 [main] INFO  com.pega.Browser - FINE https://lab-00958-bos.lab.pega.com/prweb/app/default/beEBp4uRVTogorRwSwWqbOtn9IL2fwdI*/!STANDARD - [DOM] Multiple forms should be contained in their own form elements; break up complex forms into ones that represent a single action: (More info: https://goo.gl/9p2vKq) %o
22:29:49.936 [main] INFO  com.pega.Browser - INFO https://prod-cdn.constellation.pega.io/8.23.2-464/react/prod/prerequisite/constellation-core.8a058169.js 1:127107 "asset-loader.initServer(https://prod-cdn.constellation.pega.io/8.23.2-464/react/prod/, no-appstatic)"
22:29:49.936 [main] INFO  com.pega.Browser - INFO https://prod-cdn.constellation.pega.io/8.23.2-464/react/prod/prerequisite/constellation-core.8a058169.js 1:127647 "asset-loader.initServer() staticServerURL=https://prod-cdn.constellation.pega.io/8.23.2-464/react/prod/, appStaticUrl=https://prod-cdn.constellation.pega.io/8.23.2-464/react/prod/, pegaOnlyUrl=true)"
22:29:49.937 [main] INFO  com.pega.Browser - INFO https://prod-cdn.constellation.pega.io/8.23.2-464/react/prod/prerequisite/constellation-core.8a058169.js 1:127107 "asset-loader.initServer(https://prod-cdn.constellation.pega.io/8.23.2-464/react/prod/, https://prod.constellation.pega.io/c11n-appstatic/8.23.2-464/)"
22:29:49.937 [main] INFO  com.pega.Browser - INFO https://prod-cdn.constellation.pega.io/8.23.2-464/react/prod/prerequisite/constellation-core.8a058169.js 1:127647 "asset-loader.initServer() staticServerURL=https://prod-cdn.constellation.pega.io/8.23.2-464/react/prod/, appStaticUrl=https://prod.constellation.pega.io/c11n-appstatic/8.23.2-464/, pegaOnlyUrl=true)"
22:29:49.937 [main] INFO  com.pega.Browser - INFO https://prod-cdn.constellation.pega.io/8.23.2-464/react/prod/prerequisite/constellation-core.8a058169.js 1:279472 "MS : 1718989099159"
22:29:49.937 [main] INFO  com.pega.Browser - SEVERE https://prod.constellation.pega.io/c11n-appstatic/8.23.2-464/v102/app/individual/component/Knowledge.js - Failed to load resource: the server responded with a status of 400 (Bad Request)
22:29:49.937 [main] INFO  com.pega.Browser - FINE https://lab-00958-bos.lab.pega.com/prweb/app/individual/beEBp4uRVTogorRwSwWqbOtn9IL2fwdI*/!STANDARD?pzuiactionrrr=CXtpbn1sS2dwQWpJM2ZNOEdha296cjlISmtQcDZad2pnS1h0c21HRHpmUmVmSVRMSlYyR3hWcjBqV1JmUFFoV3BQbWU5dHFkT3JKS1dDb0RZanhmVSt3M0ZQQT09* - [DOM] Input elements should have autocomplete attributes (suggested: "current-password"): (More info: https://goo.gl/9p2vKq) %o
22:29:49.938 [main] INFO  com.pega.Browser - WARNING https://lab-00958-bos.lab.pega.com/prweb/app/individual/beEBp4uRVTogorRwSwWqbOtn9IL2fwdI*/!STANDARD?pzuiactionrrr=CXtpbn1sS2dwQWpJM2ZNOEdha296cjlISmtQcDZad2pnS1h0c21HRHpmUmVmSVRMSlYyR3hWcjBqV1JmUFFoV3BQbWU5dHFkT3JKS1dDb0RZanhmVSt3M0ZQQT09* - Failed to decode downloaded font: https://lab-00958-bos.lab.pega.com/prweb/PRRestService/oauth2/v1/webwb/webwb/pxfont-OpenSans-Regular.woff2
22:29:49.938 [main] INFO  com.pega.Browser - WARNING https://lab-00958-bos.lab.pega.com/prweb/app/individual/beEBp4uRVTogorRwSwWqbOtn9IL2fwdI*/!STANDARD?pzuiactionrrr=CXtpbn1sS2dwQWpJM2ZNOEdha296cjlISmtQcDZad2pnS1h0c21HRHpmUmVmSVRMSlYyR3hWcjBqV1JmUFFoV3BQbWU5dHFkT3JKS1dDb0RZanhmVSt3M0ZQQT09* - Failed to decode downloaded font: https://lab-00958-bos.lab.pega.com/prweb/PRRestService/oauth2/v1/webwb/webwb/pxfont-OpenSans-Bold.woff2
22:29:49.938 [main] INFO  com.pega.Browser - WARNING https://lab-00958-bos.lab.pega.com/prweb/app/individual/beEBp4uRVTogorRwSwWqbOtn9IL2fwdI*/!STANDARD?pzuiactionrrr=CXtpbn1sS2dwQWpJM2ZNOEdha296cjlISmtQcDZad2pnS1h0c21HRHpmUmVmSVRMSlYyR3hWcjBqV1JmUFFoV3BQbWU5dHFkT3JKS1dDb0RZanhmVSt3M0ZQQT09* - Failed to decode downloaded font: https://lab-00958-bos.lab.pega.com/prweb/PRRestService/oauth2/v1/webwb/webwb/pxfont-OpenSans-Bold.woff
22:29:49.938 [main] INFO  com.pega.Browser - WARNING https://lab-00958-bos.lab.pega.com/prweb/app/individual/beEBp4uRVTogorRwSwWqbOtn9IL2fwdI*/!STANDARD?pzuiactionrrr=CXtpbn1sS2dwQWpJM2ZNOEdha296cjlISmtQcDZad2pnS1h0c21HRHpmUmVmSVRMSlYyR3hWcjBqV1JmUFFoV3BQbWU5dHFkT3JKS1dDb0RZanhmVSt3M0ZQQT09* - Failed to decode downloaded font: https://lab-00958-bos.lab.pega.com/prweb/PRRestService/oauth2/v1/webwb/webwb/pxfont-OpenSans-Regular.woff
22:29:49.938 [main] INFO  com.pega.Browser - *****printing only Browser console errors*****
SEVERE https://prod.constellation.pega.io/c11n-appstatic/8.23.2-464/v102/app/individual/component/Knowledge.js - Failed to load resource: the server responded with a status of 400 (Bad Request)

22:29:49.941 [main] INFO  com.pega.Browser - THROWING EXCEPTION
22:29:49.944 [main] INFO  com.pega.Browser - JS errors in Browser console
22:29:49.944 [main] INFO  com.pega.Browser - ****END OF BROWSER CONSOLE LOGS*****
22:29:52.958 [main] INFO  com.pega.Browser - Switching successful to window no: 1
22:29:52.958 [main] INFO  com.pega.Browser - Performing Log off operation
22:29:54.768 [main] INFO  com.pega.config.test.TestBase - Browser terminated...
]]></system-out>
    <system-err><![CDATA[Jun 21, 2024 10:27:59 PM io.cucumber.guice.InjectorSourceFactory loadInjectorSourceFromProperties
WARNING: The 'guice.injector-source' property has been deprecated.Add a class implementing 'io.cucumber.guice.InjectorSource' on the glue path instead
Jun 21, 2024 10:28:01 PM org.openqa.selenium.remote.RemoteWebDriver startSession
WARNING: Support for Legacy Capabilities is deprecated; You are sending the following invalid capabilities: [loggingPrefs, unexpectedAlertBehaviour]; Please update to W3C Syntax: https://www.selenium.dev/blog/2022/legacy-protocol-support/
Starting ChromeDriver 126.0.6478.62 (b2781ca4c383af675f7a25c7b03b4a54e25e559a-refs/branch-heads/6478_56@{#4}) on port 51293
Only local connections are allowed.
Please see https://chromedriver.chromium.org/security-considerations for suggestions on keeping ChromeDriver safe.
ChromeDriver was started successfully.
Jun 21, 2024 10:28:04 PM org.openqa.selenium.remote.ProtocolHandshake createSession
INFO: Detected upstream dialect: W3C
Jun 21, 2024 10:28:04 PM org.openqa.selenium.remote.ProtocolHandshake createSession
WARNING: Support for Legacy Capabilities is deprecated; You are sending the following invalid capabilities: [loggingPrefs, unexpectedAlertBehaviour]; Please update to W3C Syntax: https://www.selenium.dev/blog/2022/legacy-protocol-support/
Jun 21, 2024 10:28:04 PM org.openqa.selenium.devtools.CdpVersionFinder findNearestMatch
WARNING: Unable to find an exact match for CDP version 126, so returning the closest version found: a no-op implementation
Jun 21, 2024 10:28:04 PM org.openqa.selenium.devtools.CdpVersionFinder findNearestMatch
INFO: Unable to find CDP implementation matching 126.
Jun 21, 2024 10:28:04 PM org.openqa.selenium.chromium.ChromiumDriver lambda$new$3
WARNING: Unable to find version of CDP to use for . You may need to include a dependency on a specific version of the CDP using something similar to `org.seleniumhq.selenium:selenium-devtools-v86:4.2.2` where the version ("v86") matches the version of the chromium-based browser you're using and the version number of the artifact is the same as Selenium's.
Jun 21, 2024 10:28:06 PM org.openqa.selenium.remote.RemoteWebDriver startSession
WARNING: Support for Legacy Capabilities is deprecated; You are sending the following invalid capabilities: [loggingPrefs, unexpectedAlertBehaviour]; Please update to W3C Syntax: https://www.selenium.dev/blog/2022/legacy-protocol-support/
Starting ChromeDriver 126.0.6478.62 (b2781ca4c383af675f7a25c7b03b4a54e25e559a-refs/branch-heads/6478_56@{#4}) on port 62850
Only local connections are allowed.
Please see https://chromedriver.chromium.org/security-considerations for suggestions on keeping ChromeDriver safe.
ChromeDriver was started successfully.
Jun 21, 2024 10:28:08 PM org.openqa.selenium.remote.ProtocolHandshake createSession
INFO: Detected upstream dialect: W3C
Jun 21, 2024 10:28:08 PM org.openqa.selenium.remote.ProtocolHandshake createSession
WARNING: Support for Legacy Capabilities is deprecated; You are sending the following invalid capabilities: [loggingPrefs, unexpectedAlertBehaviour]; Please update to W3C Syntax: https://www.selenium.dev/blog/2022/legacy-protocol-support/
Jun 21, 2024 10:28:08 PM org.openqa.selenium.devtools.CdpVersionFinder findNearestMatch
WARNING: Unable to find an exact match for CDP version 126, so returning the closest version found: a no-op implementation
Jun 21, 2024 10:28:08 PM org.openqa.selenium.devtools.CdpVersionFinder findNearestMatch
INFO: Unable to find CDP implementation matching 126.
Jun 21, 2024 10:28:08 PM org.openqa.selenium.chromium.ChromiumDriver lambda$new$3
WARNING: Unable to find version of CDP to use for . You may need to include a dependency on a specific version of the CDP using something similar to `org.seleniumhq.selenium:selenium-devtools-v86:4.2.2` where the version ("v86") matches the version of the chromium-based browser you're using and the version number of the artifact is the same as Selenium's.
com.pega.exceptions.ErrorsInChromeConsoleException: JS errors in Browser console
	at com.pega.BrowserImpl.getConsoleLogFromChromeBrowser(BrowserImpl.java:557)
	at com.pega.config.test.TestBase.tearDown(TestBase.java:92)
	at com.pega.PlatformTestEnvironment.tearDown(PlatformTestEnvironment.java:38)
	at java.base/jdk.internal.reflect.NativeMethodAccessorImpl.invoke0(Native Method)
	at java.base/jdk.internal.reflect.NativeMethodAccessorImpl.invoke(NativeMethodAccessorImpl.java:62)
	at java.base/jdk.internal.reflect.DelegatingMethodAccessorImpl.invoke(DelegatingMethodAccessorImpl.java:43)
	at java.base/java.lang.reflect.Method.invoke(Method.java:566)
	at io.cucumber.java.Invoker.doInvoke(Invoker.java:66)
	at io.cucumber.java.Invoker.invoke(Invoker.java:24)
	at io.cucumber.java.AbstractGlueDefinition.invokeMethod(AbstractGlueDefinition.java:47)
	at io.cucumber.java.JavaHookDefinition.execute(JavaHookDefinition.java:64)
	at io.cucumber.core.runner.CoreHookDefinition.execute(CoreHookDefinition.java:46)
	at io.cucumber.core.runner.HookDefinitionMatch.runStep(HookDefinitionMatch.java:21)
	at io.cucumber.core.runner.ExecutionMode$1.execute(ExecutionMode.java:10)
	at io.cucumber.core.runner.TestStep.executeStep(TestStep.java:86)
	at io.cucumber.core.runner.TestStep.run(TestStep.java:57)
	at io.cucumber.core.runner.TestCase.run(TestCase.java:101)
	at io.cucumber.core.runner.Runner.runPickle(Runner.java:75)
	at io.cucumber.testng.TestNGCucumberRunner.lambda$runScenario$1(TestNGCucumberRunner.java:132)
	at io.cucumber.core.runtime.CucumberExecutionContext.lambda$runTestCase$3(CucumberExecutionContext.java:151)
	at io.cucumber.core.runtime.RethrowingThrowableCollector.executeAndThrow(RethrowingThrowableCollector.java:23)
	at io.cucumber.core.runtime.CucumberExecutionContext.runTestCase(CucumberExecutionContext.java:151)
	at io.cucumber.testng.TestNGCucumberRunner.runScenario(TestNGCucumberRunner.java:129)
	at io.cucumber.testng.AbstractTestNGCucumberTests.runScenario(AbstractTestNGCucumberTests.java:35)
	at java.base/jdk.internal.reflect.NativeMethodAccessorImpl.invoke0(Native Method)
	at java.base/jdk.internal.reflect.NativeMethodAccessorImpl.invoke(NativeMethodAccessorImpl.java:62)
	at java.base/jdk.internal.reflect.DelegatingMethodAccessorImpl.invoke(DelegatingMethodAccessorImpl.java:43)
	at java.base/java.lang.reflect.Method.invoke(Method.java:566)
	at org.testng.internal.MethodInvocationHelper.invokeMethod(MethodInvocationHelper.java:132)
	at org.testng.internal.TestInvoker.invokeMethod(TestInvoker.java:599)
	at org.testng.internal.TestInvoker.invokeTestMethod(TestInvoker.java:174)
	at org.testng.internal.MethodRunner.runInSequence(MethodRunner.java:46)
	at org.testng.internal.TestInvoker$MethodInvocationAgent.invoke(TestInvoker.java:822)
	at org.testng.internal.TestInvoker.invokeTestMethods(TestInvoker.java:147)
	at org.testng.internal.TestMethodWorker.invokeTestMethods(TestMethodWorker.java:146)
	at org.testng.internal.TestMethodWorker.run(TestMethodWorker.java:128)
	at java.base/java.util.ArrayList.forEach(ArrayList.java:1541)
	at org.testng.TestRunner.privateRun(TestRunner.java:764)
	at org.testng.TestRunner.run(TestRunner.java:585)
	at org.testng.SuiteRunner.runTest(SuiteRunner.java:384)
	at org.testng.SuiteRunner.runSequentially(SuiteRunner.java:378)
	at org.testng.SuiteRunner.privateRun(SuiteRunner.java:337)
	at org.testng.SuiteRunner.run(SuiteRunner.java:286)
	at org.testng.SuiteRunnerWorker.runSuite(SuiteRunnerWorker.java:53)
	at org.testng.SuiteRunnerWorker.run(SuiteRunnerWorker.java:96)
	at org.testng.TestNG.runSuitesSequentially(TestNG.java:1218)
	at org.testng.TestNG.runSuitesLocally(TestNG.java:1140)
	at org.testng.TestNG.runSuites(TestNG.java:1069)
	at org.testng.TestNG.run(TestNG.java:1037)
	at org.apache.maven.surefire.testng.TestNGExecutor.run(TestNGExecutor.java:151)
	at org.apache.maven.surefire.testng.TestNGDirectoryTestSuite.executeMulti(TestNGDirectoryTestSuite.java:192)
	at org.apache.maven.surefire.testng.TestNGDirectoryTestSuite.execute(TestNGDirectoryTestSuite.java:93)
	at org.apache.maven.surefire.testng.TestNGProvider.invoke(TestNGProvider.java:155)
	at org.apache.maven.surefire.booter.ForkedBooter.runSuitesInProcess(ForkedBooter.java:456)
	at org.apache.maven.surefire.booter.ForkedBooter.execute(ForkedBooter.java:169)
	at org.apache.maven.surefire.booter.ForkedBooter.run(ForkedBooter.java:595)
	at org.apache.maven.surefire.booter.ForkedBooter.main(ForkedBooter.java:581)
]]></system-err>
  </testcase>
</testsuite>