<?xml version="1.0" encoding="UTF-8"?>
<testsuite xmlns:xsi="http://www.w3.org/2001/XMLSchema-instance" xsi:noNamespaceSchemaLocation="https://maven.apache.org/surefire/maven-surefire-plugin/xsd/surefire-test-report-3.0.xsd" version="3.0" name="TestSuite" time="117.54" tests="1" errors="0" skipped="0" failures="0">
  <properties>
    <property name="java.specification.version" value="17"/>
    <property name="webdriver.chrome.driver" value="binaries/chromedriver.exe"/>
    <property name="sun.cpu.isalist" value="amd64"/>
    <property name="sun.jnu.encoding" value="Cp1252"/>
    <property name="sun.awt.enableExtraMouseButtons" value="true"/>
    <property name="java.class.path" value="E:\Bichvan\Automation POC\ootb-selenium-tests\target\test-classes;E:\Bichvan\Automation POC\ootb-selenium-tests\target\classes;C:\Users\ojhap\.m2\repository\junit\junit\4.13.2\junit-4.13.2.jar;C:\Users\ojhap\.m2\repository\org\hamcrest\hamcrest-core\2.2\hamcrest-core-2.2.jar;C:\Users\ojhap\.m2\repository\org\hamcrest\hamcrest\2.2\hamcrest-2.2.jar;C:\Users\ojhap\.m2\repository\com\google\guava\guava\32.0.1-jre\guava-32.0.1-jre.jar;C:\Users\ojhap\.m2\repository\com\google\guava\failureaccess\1.0.1\failureaccess-1.0.1.jar;C:\Users\ojhap\.m2\repository\com\google\guava\listenablefuture\9999.0-empty-to-avoid-conflict-with-guava\listenablefuture-9999.0-empty-to-avoid-conflict-with-guava.jar;C:\Users\ojhap\.m2\repository\org\checkerframework\checker-qual\3.33.0\checker-qual-3.33.0.jar;C:\Users\ojhap\.m2\repository\com\google\errorprone\error_prone_annotations\2.18.0\error_prone_annotations-2.18.0.jar;C:\Users\ojhap\.m2\repository\com\google\j2objc\j2objc-annotations\2.8\j2objc-annotations-2.8.jar;E:\Bichvan\Automation POC\ootb-selenium-tests\lib\pega-base-ui-testframework-4.2.2.jar;C:\Users\ojhap\.m2\repository\org\seleniumhq\selenium\selenium-java\4.2.2\selenium-java-4.2.2.jar;C:\Users\ojhap\.m2\repository\org\seleniumhq\selenium\selenium-api\4.2.2\selenium-api-4.2.2.jar;C:\Users\ojhap\.m2\repository\org\seleniumhq\selenium\selenium-chrome-driver\4.2.2\selenium-chrome-driver-4.2.2.jar;C:\Users\ojhap\.m2\repository\org\seleniumhq\selenium\selenium-chromium-driver\4.2.2\selenium-chromium-driver-4.2.2.jar;C:\Users\ojhap\.m2\repository\org\seleniumhq\selenium\selenium-devtools-v100\4.2.2\selenium-devtools-v100-4.2.2.jar;C:\Users\ojhap\.m2\repository\org\seleniumhq\selenium\selenium-devtools-v101\4.2.2\selenium-devtools-v101-4.2.2.jar;C:\Users\ojhap\.m2\repository\org\seleniumhq\selenium\selenium-devtools-v102\4.2.2\selenium-devtools-v102-4.2.2.jar;C:\Users\ojhap\.m2\repository\org\seleniumhq\selenium\selenium-devtools-v85\4.2.2\selenium-devtools-v85-4.2.2.jar;C:\Users\ojhap\.m2\repository\org\seleniumhq\selenium\selenium-edge-driver\4.2.2\selenium-edge-driver-4.2.2.jar;C:\Users\ojhap\.m2\repository\org\seleniumhq\selenium\selenium-firefox-driver\4.2.2\selenium-firefox-driver-4.2.2.jar;C:\Users\ojhap\.m2\repository\org\seleniumhq\selenium\selenium-ie-driver\4.2.2\selenium-ie-driver-4.2.2.jar;C:\Users\ojhap\.m2\repository\org\seleniumhq\selenium\selenium-opera-driver\4.2.2\selenium-opera-driver-4.2.2.jar;C:\Users\ojhap\.m2\repository\org\seleniumhq\selenium\selenium-safari-driver\4.2.2\selenium-safari-driver-4.2.2.jar;C:\Users\ojhap\.m2\repository\org\seleniumhq\selenium\selenium-support\4.2.2\selenium-support-4.2.2.jar;C:\Users\ojhap\.m2\repository\org\seleniumhq\selenium\selenium-remote-driver\4.2.2\selenium-remote-driver-4.2.2.jar;C:\Users\ojhap\.m2\repository\com\google\auto\service\auto-service-annotations\1.0.1\auto-service-annotations-1.0.1.jar;C:\Users\ojhap\.m2\repository\com\google\auto\service\auto-service\1.0.1\auto-service-1.0.1.jar;C:\Users\ojhap\.m2\repository\com\google\auto\auto-common\1.2\auto-common-1.2.jar;C:\Users\ojhap\.m2\repository\io\netty\netty-transport-classes-epoll\4.1.77.Final\netty-transport-classes-epoll-4.1.77.Final.jar;C:\Users\ojhap\.m2\repository\io\netty\netty-transport-classes-kqueue\4.1.77.Final\netty-transport-classes-kqueue-4.1.77.Final.jar;C:\Users\ojhap\.m2\repository\io\netty\netty-transport-native-unix-common\4.1.77.Final\netty-transport-native-unix-common-4.1.77.Final.jar;C:\Users\ojhap\.m2\repository\io\opentelemetry\opentelemetry-api\1.14.0\opentelemetry-api-1.14.0.jar;C:\Users\ojhap\.m2\repository\io\opentelemetry\opentelemetry-context\1.14.0\opentelemetry-context-1.14.0.jar;C:\Users\ojhap\.m2\repository\io\opentelemetry\opentelemetry-exporter-logging\1.14.0\opentelemetry-exporter-logging-1.14.0.jar;C:\Users\ojhap\.m2\repository\io\opentelemetry\opentelemetry-sdk-metrics\1.14.0\opentelemetry-sdk-metrics-1.14.0.jar;C:\Users\ojhap\.m2\repository\io\opentelemetry\opentelemetry-sdk-logs\1.14.0-alpha\opentelemetry-sdk-logs-1.14.0-alpha.jar;C:\Users\ojhap\.m2\repository\io\opentelemetry\opentelemetry-sdk-common\1.14.0\opentelemetry-sdk-common-1.14.0.jar;C:\Users\ojhap\.m2\repository\io\opentelemetry\opentelemetry-sdk-extension-autoconfigure-spi\1.14.0\opentelemetry-sdk-extension-autoconfigure-spi-1.14.0.jar;C:\Users\ojhap\.m2\repository\io\opentelemetry\opentelemetry-sdk-extension-autoconfigure\1.14.0-alpha\opentelemetry-sdk-extension-autoconfigure-1.14.0-alpha.jar;C:\Users\ojhap\.m2\repository\io\opentelemetry\opentelemetry-sdk-trace\1.14.0\opentelemetry-sdk-trace-1.14.0.jar;C:\Users\ojhap\.m2\repository\io\opentelemetry\opentelemetry-sdk\1.14.0\opentelemetry-sdk-1.14.0.jar;C:\Users\ojhap\.m2\repository\io\opentelemetry\opentelemetry-semconv\1.14.0-alpha\opentelemetry-semconv-1.14.0-alpha.jar;C:\Users\ojhap\.m2\repository\io\ous\jtoml\2.0.0\jtoml-2.0.0.jar;C:\Users\ojhap\.m2\repository\net\bytebuddy\byte-buddy\1.12.10\byte-buddy-1.12.10.jar;C:\Users\ojhap\.m2\repository\org\apache\commons\commons-exec\1.3\commons-exec-1.3.jar;C:\Users\ojhap\.m2\repository\org\asynchttpclient\async-http-client\2.12.3\async-http-client-2.12.3.jar;C:\Users\ojhap\.m2\repository\org\asynchttpclient\async-http-client-netty-utils\2.12.3\async-http-client-netty-utils-2.12.3.jar;C:\Users\ojhap\.m2\repository\org\seleniumhq\selenium\selenium-http\4.2.2\selenium-http-4.2.2.jar;C:\Users\ojhap\.m2\repository\dev\failsafe\failsafe\3.2.4\failsafe-3.2.4.jar;C:\Users\ojhap\.m2\repository\org\seleniumhq\selenium\selenium-json\4.2.2\selenium-json-4.2.2.jar;C:\Users\ojhap\.m2\repository\io\netty\netty-buffer\4.1.95.Final\netty-buffer-4.1.95.Final.jar;C:\Users\ojhap\.m2\repository\io\netty\netty-codec-http\4.1.95.Final\netty-codec-http-4.1.95.Final.jar;C:\Users\ojhap\.m2\repository\io\netty\netty-codec\4.1.95.Final\netty-codec-4.1.95.Final.jar;C:\Users\ojhap\.m2\repository\io\netty\netty-common\4.1.95.Final\netty-common-4.1.95.Final.jar;C:\Users\ojhap\.m2\repository\io\netty\netty-resolver\4.1.95.Final\netty-resolver-4.1.95.Final.jar;C:\Users\ojhap\.m2\repository\io\netty\netty-transport\4.1.95.Final\netty-transport-4.1.95.Final.jar;C:\Users\ojhap\.m2\repository\com\typesafe\netty\netty-reactive-streams\2.0.8\netty-reactive-streams-2.0.8.jar;C:\Users\ojhap\.m2\repository\org\reactivestreams\reactive-streams\1.0.4\reactive-streams-1.0.4.jar;C:\Users\ojhap\.m2\repository\io\netty\netty-handler\4.1.95.Final\netty-handler-4.1.95.Final.jar;C:\Users\ojhap\.m2\repository\com\sun\activation\jakarta.activation\2.0.1\jakarta.activation-2.0.1.jar;C:\Users\ojhap\.m2\repository\io\netty\netty-codec-socks\4.1.94.Final\netty-codec-socks-4.1.94.Final.jar;C:\Users\ojhap\.m2\repository\io\netty\netty-handler-proxy\4.1.94.Final\netty-handler-proxy-4.1.94.Final.jar;C:\Users\ojhap\.m2\repository\io\netty\netty-transport-native-epoll\4.1.94.Final\netty-transport-native-epoll-4.1.94.Final.jar;C:\Users\ojhap\.m2\repository\com\pojosontheweb\monte-repack\1.1\monte-repack-1.1.jar;C:\Users\ojhap\.m2\repository\javax\media\jai\com.springsource.javax.media.jai.core\1.1.3\com.springsource.javax.media.jai.core-1.1.3.jar;C:\Users\ojhap\.m2\repository\javax\media\jai\com.springsource.javax.media.jai.codec\1.1.3\com.springsource.javax.media.jai.codec-1.1.3.jar;C:\Users\ojhap\.m2\repository\javax\media\jmf\2.1.1e\jmf-2.1.1e.jar;C:\Users\ojhap\.m2\repository\org\jsoup\jsoup\1.15.3\jsoup-1.15.3.jar;C:\Users\ojhap\.m2\repository\jakarta\mail\jakarta.mail-api\2.1.2\jakarta.mail-api-2.1.2.jar;C:\Users\ojhap\.m2\repository\jakarta\activation\jakarta.activation-api\2.1.2\jakarta.activation-api-2.1.2.jar;C:\Users\ojhap\.m2\repository\com\google\inject\guice\6.0.0\guice-6.0.0.jar;C:\Users\ojhap\.m2\repository\javax\inject\javax.inject\1\javax.inject-1.jar;C:\Users\ojhap\.m2\repository\jakarta\inject\jakarta.inject-api\2.0.1\jakarta.inject-api-2.0.1.jar;C:\Users\ojhap\.m2\repository\aopalliance\aopalliance\1.0\aopalliance-1.0.jar;C:\Users\ojhap\.m2\repository\net\lingala\zip4j\zip4j\2.11.5\zip4j-2.11.5.jar;C:\Users\ojhap\.m2\repository\org\apache\httpcomponents\httpclient\4.5.14\httpclient-4.5.14.jar;C:\Users\ojhap\.m2\repository\org\apache\httpcomponents\httpcore\4.4.16\httpcore-4.4.16.jar;C:\Users\ojhap\.m2\repository\commons-logging\commons-logging\1.2\commons-logging-1.2.jar;C:\Users\ojhap\.m2\repository\com\google\code\gson\gson\2.9.0\gson-2.9.0.jar;C:\Users\ojhap\.m2\repository\org\apache\ant\ant\1.10.12\ant-1.10.12.jar;C:\Users\ojhap\.m2\repository\org\apache\ant\ant-launcher\1.10.12\ant-launcher-1.10.12.jar;C:\Users\ojhap\.m2\repository\io\cucumber\cucumber-testng\7.2.3\cucumber-testng-7.2.3.jar;C:\Users\ojhap\.m2\repository\org\apiguardian\apiguardian-api\1.1.2\apiguardian-api-1.1.2.jar;C:\Users\ojhap\.m2\repository\org\webjars\jquery\3.6.4\jquery-3.6.4.jar;C:\Users\ojhap\.m2\repository\org\apache\poi\poi-ooxml\5.2.3\poi-ooxml-5.2.3.jar;C:\Users\ojhap\.m2\repository\org\apache\poi\poi\5.2.3\poi-5.2.3.jar;C:\Users\ojhap\.m2\repository\org\apache\commons\commons-math3\3.6.1\commons-math3-3.6.1.jar;C:\Users\ojhap\.m2\repository\com\zaxxer\SparseBitSet\1.2\SparseBitSet-1.2.jar;C:\Users\ojhap\.m2\repository\org\apache\poi\poi-ooxml-lite\5.2.3\poi-ooxml-lite-5.2.3.jar;C:\Users\ojhap\.m2\repository\com\github\virtuald\curvesapi\1.07\curvesapi-1.07.jar;C:\Users\ojhap\.m2\repository\org\apache\logging\log4j\log4j-api\2.18.0\log4j-api-2.18.0.jar;C:\Users\ojhap\.m2\repository\org\apache\commons\commons-collections4\4.4\commons-collections4-4.4.jar;C:\Users\ojhap\.m2\repository\org\apache\commons\commons-compress\1.23.0\commons-compress-1.23.0.jar;C:\Users\ojhap\.m2\repository\org\apache\xmlbeans\xmlbeans\5.1.1\xmlbeans-5.1.1.jar;C:\Users\ojhap\.m2\repository\org\apache\pdfbox\pdfbox\2.0.26\pdfbox-2.0.26.jar;C:\Users\ojhap\.m2\repository\org\apache\pdfbox\fontbox\2.0.26\fontbox-2.0.26.jar;C:\Users\ojhap\.m2\repository\org\slf4j\slf4j-api\2.0.7\slf4j-api-2.0.7.jar;C:\Users\ojhap\.m2\repository\ch\qos\logback\logback-classic\1.3.8\logback-classic-1.3.8.jar;C:\Users\ojhap\.m2\repository\ch\qos\logback\logback-core\1.3.8\logback-core-1.3.8.jar;C:\Users\ojhap\.m2\repository\commons-codec\commons-codec\1.16.0\commons-codec-1.16.0.jar;C:\Users\ojhap\.m2\repository\commons-io\commons-io\2.13.0\commons-io-2.13.0.jar;C:\Users\ojhap\.m2\repository\io\cucumber\cucumber-guice\7.2.3\cucumber-guice-7.2.3.jar;C:\Users\ojhap\.m2\repository\io\cucumber\tag-expressions\5.0.2\tag-expressions-5.0.2.jar;C:\Users\ojhap\.m2\repository\io\cucumber\cucumber-expressions\16.1.2\cucumber-expressions-16.1.2.jar;C:\Users\ojhap\.m2\repository\io\cucumber\cucumber-core\7.2.3\cucumber-core-7.2.3.jar;C:\Users\ojhap\.m2\repository\io\cucumber\cucumber-gherkin\7.2.3\cucumber-gherkin-7.2.3.jar;C:\Users\ojhap\.m2\repository\io\cucumber\cucumber-gherkin-messages\7.2.3\cucumber-gherkin-messages-7.2.3.jar;C:\Users\ojhap\.m2\repository\io\cucumber\messages\17.1.1\messages-17.1.1.jar;C:\Users\ojhap\.m2\repository\io\cucumber\datatable\7.2.3\datatable-7.2.3.jar;C:\Users\ojhap\.m2\repository\io\cucumber\cucumber-plugin\7.2.3\cucumber-plugin-7.2.3.jar;C:\Users\ojhap\.m2\repository\io\cucumber\docstring\7.2.3\docstring-7.2.3.jar;C:\Users\ojhap\.m2\repository\io\cucumber\html-formatter\17.0.0\html-formatter-17.0.0.jar;C:\Users\ojhap\.m2\repository\io\cucumber\ci-environment\8.1.0\ci-environment-8.1.0.jar;C:\Users\ojhap\.m2\repository\io\cucumber\cucumber-java\7.2.3\cucumber-java-7.2.3.jar;C:\Users\ojhap\.m2\repository\io\cucumber\cucumber-junit\7.2.3\cucumber-junit-7.2.3.jar;C:\Users\ojhap\.m2\repository\io\cucumber\cucumber-jvm-deps\1.0.6\cucumber-jvm-deps-1.0.6.jar;C:\Users\ojhap\.m2\repository\mx4j\mx4j\3.0.2\mx4j-3.0.2.jar;C:\Users\ojhap\.m2\repository\org\apache\maven\plugin-tools\maven-plugin-annotations\3.8.2\maven-plugin-annotations-3.8.2.jar;C:\Users\ojhap\.m2\repository\org\codehaus\plexus\plexus-utils\3.4.0\plexus-utils-3.4.0.jar;C:\Users\ojhap\.m2\repository\io\rest-assured\rest-assured\5.3.1\rest-assured-5.3.1.jar;C:\Users\ojhap\.m2\repository\org\apache\groovy\groovy\4.0.11\groovy-4.0.11.jar;C:\Users\ojhap\.m2\repository\org\apache\groovy\groovy-xml\4.0.11\groovy-xml-4.0.11.jar;C:\Users\ojhap\.m2\repository\io\rest-assured\json-path\5.3.1\json-path-5.3.1.jar;C:\Users\ojhap\.m2\repository\org\apache\groovy\groovy-json\4.0.11\groovy-json-4.0.11.jar;C:\Users\ojhap\.m2\repository\io\rest-assured\rest-assured-common\5.3.1\rest-assured-common-5.3.1.jar;C:\Users\ojhap\.m2\repository\io\rest-assured\xml-path\5.3.1\xml-path-5.3.1.jar;C:\Users\ojhap\.m2\repository\org\apache\commons\commons-lang3\3.11\commons-lang3-3.11.jar;C:\Users\ojhap\.m2\repository\com\aventstack\extentreports\5.0.9\extentreports-5.0.9.jar;C:\Users\ojhap\.m2\repository\org\apache\httpcomponents\httpmime\4.5.14\httpmime-4.5.14.jar;C:\Users\ojhap\.m2\repository\org\codehaus\groovy\groovy\3.0.11\groovy-3.0.11.jar;C:\Users\ojhap\.m2\repository\com\fasterxml\jackson\core\jackson-databind\2.15.3\jackson-databind-2.15.3.jar;C:\Users\ojhap\.m2\repository\com\fasterxml\jackson\core\jackson-annotations\2.15.3\jackson-annotations-2.15.3.jar;C:\Users\ojhap\.m2\repository\com\fasterxml\jackson\core\jackson-core\2.15.3\jackson-core-2.15.3.jar;C:\Users\ojhap\.m2\repository\org\eclipse\jetty\jetty-io\11.0.15\jetty-io-11.0.15.jar;C:\Users\ojhap\.m2\repository\org\eclipse\jetty\jetty-util\11.0.15\jetty-util-11.0.15.jar;C:\Users\ojhap\.m2\repository\org\yaml\snakeyaml\2.0\snakeyaml-2.0.jar;C:\Users\ojhap\.m2\repository\io\cucumber\gherkin\22.0.0\gherkin-22.0.0.jar;C:\Users\ojhap\.m2\repository\org\springframework\spring-beans\5.3.27\spring-beans-5.3.27.jar;C:\Users\ojhap\.m2\repository\org\springframework\spring-core\5.3.27\spring-core-5.3.27.jar;C:\Users\ojhap\.m2\repository\org\springframework\spring-jcl\5.3.27\spring-jcl-5.3.27.jar;C:\Users\ojhap\.m2\repository\org\springframework\spring-context\5.3.27\spring-context-5.3.27.jar;C:\Users\ojhap\.m2\repository\org\springframework\spring-aop\5.3.27\spring-aop-5.3.27.jar;C:\Users\ojhap\.m2\repository\org\springframework\spring-expression\5.3.27\spring-expression-5.3.27.jar;C:\Users\ojhap\.m2\repository\org\testng\testng\7.3.0\testng-7.3.0.jar;C:\Users\ojhap\.m2\repository\com\browserstack\browserstack-local-java\1.1.0\browserstack-local-java-1.1.0.jar;C:\Users\ojhap\.m2\repository\org\json\json\20230227\json-20230227.jar;C:\Users\ojhap\.m2\repository\com\beust\jcommander\1.82\jcommander-1.82.jar;"/>
    <property name="baseClass" value="com.pega.CRMTestEnvironment"/>
    <property name="java.vm.vendor" value="Eclipse Adoptium"/>
    <property name="sun.arch.data.model" value="64"/>
    <property name="user.variant" value=""/>
    <property name="java.vendor.url" value="https://adoptium.net/"/>
    <property name="user.timezone" value="Asia/Calcutta"/>
    <property name="os.name" value="Windows Server 2016"/>
    <property name="java.vm.specification.version" value="17"/>
    <property name="guice.injector-source" value="com.pega.config.guice.GuiceInjector"/>
    <property name="testReportsDir" value="latestreports/@EmployeeBenefits"/>
    <property name="sun.java.launcher" value="SUN_STANDARD"/>
    <property name="user.country" value="IN"/>
    <property name="sun.boot.library.path" value="C:\Users\yerrn\.p2\pool\plugins\org.eclipse.justj.openjdk.hotspot.jre.full.win32.x86_64_17.0.11.v20240426-1830\jre\bin"/>
    <property name="sun.java.command" value="C:\Users\ojhap\AppData\Local\Temp\surefire9093313709898499028\surefirebooter-20250303164353265_3.jar C:\Users\ojhap\AppData\Local\Temp\surefire9093313709898499028 2025-03-03T16-43-52_904-jvmRun1 surefire-20250303164353265_1tmp surefire_0-20250303164353265_2tmp"/>
    <property name="jdk.debug" value="release"/>
    <property name="surefire.test.class.path" value="E:\Bichvan\Automation POC\ootb-selenium-tests\target\test-classes;E:\Bichvan\Automation POC\ootb-selenium-tests\target\classes;C:\Users\ojhap\.m2\repository\junit\junit\4.13.2\junit-4.13.2.jar;C:\Users\ojhap\.m2\repository\org\hamcrest\hamcrest-core\2.2\hamcrest-core-2.2.jar;C:\Users\ojhap\.m2\repository\org\hamcrest\hamcrest\2.2\hamcrest-2.2.jar;C:\Users\ojhap\.m2\repository\com\google\guava\guava\32.0.1-jre\guava-32.0.1-jre.jar;C:\Users\ojhap\.m2\repository\com\google\guava\failureaccess\1.0.1\failureaccess-1.0.1.jar;C:\Users\ojhap\.m2\repository\com\google\guava\listenablefuture\9999.0-empty-to-avoid-conflict-with-guava\listenablefuture-9999.0-empty-to-avoid-conflict-with-guava.jar;C:\Users\ojhap\.m2\repository\org\checkerframework\checker-qual\3.33.0\checker-qual-3.33.0.jar;C:\Users\ojhap\.m2\repository\com\google\errorprone\error_prone_annotations\2.18.0\error_prone_annotations-2.18.0.jar;C:\Users\ojhap\.m2\repository\com\google\j2objc\j2objc-annotations\2.8\j2objc-annotations-2.8.jar;E:\Bichvan\Automation POC\ootb-selenium-tests\lib\pega-base-ui-testframework-4.2.2.jar;C:\Users\ojhap\.m2\repository\org\seleniumhq\selenium\selenium-java\4.2.2\selenium-java-4.2.2.jar;C:\Users\ojhap\.m2\repository\org\seleniumhq\selenium\selenium-api\4.2.2\selenium-api-4.2.2.jar;C:\Users\ojhap\.m2\repository\org\seleniumhq\selenium\selenium-chrome-driver\4.2.2\selenium-chrome-driver-4.2.2.jar;C:\Users\ojhap\.m2\repository\org\seleniumhq\selenium\selenium-chromium-driver\4.2.2\selenium-chromium-driver-4.2.2.jar;C:\Users\ojhap\.m2\repository\org\seleniumhq\selenium\selenium-devtools-v100\4.2.2\selenium-devtools-v100-4.2.2.jar;C:\Users\ojhap\.m2\repository\org\seleniumhq\selenium\selenium-devtools-v101\4.2.2\selenium-devtools-v101-4.2.2.jar;C:\Users\ojhap\.m2\repository\org\seleniumhq\selenium\selenium-devtools-v102\4.2.2\selenium-devtools-v102-4.2.2.jar;C:\Users\ojhap\.m2\repository\org\seleniumhq\selenium\selenium-devtools-v85\4.2.2\selenium-devtools-v85-4.2.2.jar;C:\Users\ojhap\.m2\repository\org\seleniumhq\selenium\selenium-edge-driver\4.2.2\selenium-edge-driver-4.2.2.jar;C:\Users\ojhap\.m2\repository\org\seleniumhq\selenium\selenium-firefox-driver\4.2.2\selenium-firefox-driver-4.2.2.jar;C:\Users\ojhap\.m2\repository\org\seleniumhq\selenium\selenium-ie-driver\4.2.2\selenium-ie-driver-4.2.2.jar;C:\Users\ojhap\.m2\repository\org\seleniumhq\selenium\selenium-opera-driver\4.2.2\selenium-opera-driver-4.2.2.jar;C:\Users\ojhap\.m2\repository\org\seleniumhq\selenium\selenium-safari-driver\4.2.2\selenium-safari-driver-4.2.2.jar;C:\Users\ojhap\.m2\repository\org\seleniumhq\selenium\selenium-support\4.2.2\selenium-support-4.2.2.jar;C:\Users\ojhap\.m2\repository\org\seleniumhq\selenium\selenium-remote-driver\4.2.2\selenium-remote-driver-4.2.2.jar;C:\Users\ojhap\.m2\repository\com\google\auto\service\auto-service-annotations\1.0.1\auto-service-annotations-1.0.1.jar;C:\Users\ojhap\.m2\repository\com\google\auto\service\auto-service\1.0.1\auto-service-1.0.1.jar;C:\Users\ojhap\.m2\repository\com\google\auto\auto-common\1.2\auto-common-1.2.jar;C:\Users\ojhap\.m2\repository\io\netty\netty-transport-classes-epoll\4.1.77.Final\netty-transport-classes-epoll-4.1.77.Final.jar;C:\Users\ojhap\.m2\repository\io\netty\netty-transport-classes-kqueue\4.1.77.Final\netty-transport-classes-kqueue-4.1.77.Final.jar;C:\Users\ojhap\.m2\repository\io\netty\netty-transport-native-unix-common\4.1.77.Final\netty-transport-native-unix-common-4.1.77.Final.jar;C:\Users\ojhap\.m2\repository\io\opentelemetry\opentelemetry-api\1.14.0\opentelemetry-api-1.14.0.jar;C:\Users\ojhap\.m2\repository\io\opentelemetry\opentelemetry-context\1.14.0\opentelemetry-context-1.14.0.jar;C:\Users\ojhap\.m2\repository\io\opentelemetry\opentelemetry-exporter-logging\1.14.0\opentelemetry-exporter-logging-1.14.0.jar;C:\Users\ojhap\.m2\repository\io\opentelemetry\opentelemetry-sdk-metrics\1.14.0\opentelemetry-sdk-metrics-1.14.0.jar;C:\Users\ojhap\.m2\repository\io\opentelemetry\opentelemetry-sdk-logs\1.14.0-alpha\opentelemetry-sdk-logs-1.14.0-alpha.jar;C:\Users\ojhap\.m2\repository\io\opentelemetry\opentelemetry-sdk-common\1.14.0\opentelemetry-sdk-common-1.14.0.jar;C:\Users\ojhap\.m2\repository\io\opentelemetry\opentelemetry-sdk-extension-autoconfigure-spi\1.14.0\opentelemetry-sdk-extension-autoconfigure-spi-1.14.0.jar;C:\Users\ojhap\.m2\repository\io\opentelemetry\opentelemetry-sdk-extension-autoconfigure\1.14.0-alpha\opentelemetry-sdk-extension-autoconfigure-1.14.0-alpha.jar;C:\Users\ojhap\.m2\repository\io\opentelemetry\opentelemetry-sdk-trace\1.14.0\opentelemetry-sdk-trace-1.14.0.jar;C:\Users\ojhap\.m2\repository\io\opentelemetry\opentelemetry-sdk\1.14.0\opentelemetry-sdk-1.14.0.jar;C:\Users\ojhap\.m2\repository\io\opentelemetry\opentelemetry-semconv\1.14.0-alpha\opentelemetry-semconv-1.14.0-alpha.jar;C:\Users\ojhap\.m2\repository\io\ous\jtoml\2.0.0\jtoml-2.0.0.jar;C:\Users\ojhap\.m2\repository\net\bytebuddy\byte-buddy\1.12.10\byte-buddy-1.12.10.jar;C:\Users\ojhap\.m2\repository\org\apache\commons\commons-exec\1.3\commons-exec-1.3.jar;C:\Users\ojhap\.m2\repository\org\asynchttpclient\async-http-client\2.12.3\async-http-client-2.12.3.jar;C:\Users\ojhap\.m2\repository\org\asynchttpclient\async-http-client-netty-utils\2.12.3\async-http-client-netty-utils-2.12.3.jar;C:\Users\ojhap\.m2\repository\org\seleniumhq\selenium\selenium-http\4.2.2\selenium-http-4.2.2.jar;C:\Users\ojhap\.m2\repository\dev\failsafe\failsafe\3.2.4\failsafe-3.2.4.jar;C:\Users\ojhap\.m2\repository\org\seleniumhq\selenium\selenium-json\4.2.2\selenium-json-4.2.2.jar;C:\Users\ojhap\.m2\repository\io\netty\netty-buffer\4.1.95.Final\netty-buffer-4.1.95.Final.jar;C:\Users\ojhap\.m2\repository\io\netty\netty-codec-http\4.1.95.Final\netty-codec-http-4.1.95.Final.jar;C:\Users\ojhap\.m2\repository\io\netty\netty-codec\4.1.95.Final\netty-codec-4.1.95.Final.jar;C:\Users\ojhap\.m2\repository\io\netty\netty-common\4.1.95.Final\netty-common-4.1.95.Final.jar;C:\Users\ojhap\.m2\repository\io\netty\netty-resolver\4.1.95.Final\netty-resolver-4.1.95.Final.jar;C:\Users\ojhap\.m2\repository\io\netty\netty-transport\4.1.95.Final\netty-transport-4.1.95.Final.jar;C:\Users\ojhap\.m2\repository\com\typesafe\netty\netty-reactive-streams\2.0.8\netty-reactive-streams-2.0.8.jar;C:\Users\ojhap\.m2\repository\org\reactivestreams\reactive-streams\1.0.4\reactive-streams-1.0.4.jar;C:\Users\ojhap\.m2\repository\io\netty\netty-handler\4.1.95.Final\netty-handler-4.1.95.Final.jar;C:\Users\ojhap\.m2\repository\com\sun\activation\jakarta.activation\2.0.1\jakarta.activation-2.0.1.jar;C:\Users\ojhap\.m2\repository\io\netty\netty-codec-socks\4.1.94.Final\netty-codec-socks-4.1.94.Final.jar;C:\Users\ojhap\.m2\repository\io\netty\netty-handler-proxy\4.1.94.Final\netty-handler-proxy-4.1.94.Final.jar;C:\Users\ojhap\.m2\repository\io\netty\netty-transport-native-epoll\4.1.94.Final\netty-transport-native-epoll-4.1.94.Final.jar;C:\Users\ojhap\.m2\repository\com\pojosontheweb\monte-repack\1.1\monte-repack-1.1.jar;C:\Users\ojhap\.m2\repository\javax\media\jai\com.springsource.javax.media.jai.core\1.1.3\com.springsource.javax.media.jai.core-1.1.3.jar;C:\Users\ojhap\.m2\repository\javax\media\jai\com.springsource.javax.media.jai.codec\1.1.3\com.springsource.javax.media.jai.codec-1.1.3.jar;C:\Users\ojhap\.m2\repository\javax\media\jmf\2.1.1e\jmf-2.1.1e.jar;C:\Users\ojhap\.m2\repository\org\jsoup\jsoup\1.15.3\jsoup-1.15.3.jar;C:\Users\ojhap\.m2\repository\jakarta\mail\jakarta.mail-api\2.1.2\jakarta.mail-api-2.1.2.jar;C:\Users\ojhap\.m2\repository\jakarta\activation\jakarta.activation-api\2.1.2\jakarta.activation-api-2.1.2.jar;C:\Users\ojhap\.m2\repository\com\google\inject\guice\6.0.0\guice-6.0.0.jar;C:\Users\ojhap\.m2\repository\javax\inject\javax.inject\1\javax.inject-1.jar;C:\Users\ojhap\.m2\repository\jakarta\inject\jakarta.inject-api\2.0.1\jakarta.inject-api-2.0.1.jar;C:\Users\ojhap\.m2\repository\aopalliance\aopalliance\1.0\aopalliance-1.0.jar;C:\Users\ojhap\.m2\repository\net\lingala\zip4j\zip4j\2.11.5\zip4j-2.11.5.jar;C:\Users\ojhap\.m2\repository\org\apache\httpcomponents\httpclient\4.5.14\httpclient-4.5.14.jar;C:\Users\ojhap\.m2\repository\org\apache\httpcomponents\httpcore\4.4.16\httpcore-4.4.16.jar;C:\Users\ojhap\.m2\repository\commons-logging\commons-logging\1.2\commons-logging-1.2.jar;C:\Users\ojhap\.m2\repository\com\google\code\gson\gson\2.9.0\gson-2.9.0.jar;C:\Users\ojhap\.m2\repository\org\apache\ant\ant\1.10.12\ant-1.10.12.jar;C:\Users\ojhap\.m2\repository\org\apache\ant\ant-launcher\1.10.12\ant-launcher-1.10.12.jar;C:\Users\ojhap\.m2\repository\io\cucumber\cucumber-testng\7.2.3\cucumber-testng-7.2.3.jar;C:\Users\ojhap\.m2\repository\org\apiguardian\apiguardian-api\1.1.2\apiguardian-api-1.1.2.jar;C:\Users\ojhap\.m2\repository\org\webjars\jquery\3.6.4\jquery-3.6.4.jar;C:\Users\ojhap\.m2\repository\org\apache\poi\poi-ooxml\5.2.3\poi-ooxml-5.2.3.jar;C:\Users\ojhap\.m2\repository\org\apache\poi\poi\5.2.3\poi-5.2.3.jar;C:\Users\ojhap\.m2\repository\org\apache\commons\commons-math3\3.6.1\commons-math3-3.6.1.jar;C:\Users\ojhap\.m2\repository\com\zaxxer\SparseBitSet\1.2\SparseBitSet-1.2.jar;C:\Users\ojhap\.m2\repository\org\apache\poi\poi-ooxml-lite\5.2.3\poi-ooxml-lite-5.2.3.jar;C:\Users\ojhap\.m2\repository\com\github\virtuald\curvesapi\1.07\curvesapi-1.07.jar;C:\Users\ojhap\.m2\repository\org\apache\logging\log4j\log4j-api\2.18.0\log4j-api-2.18.0.jar;C:\Users\ojhap\.m2\repository\org\apache\commons\commons-collections4\4.4\commons-collections4-4.4.jar;C:\Users\ojhap\.m2\repository\org\apache\commons\commons-compress\1.23.0\commons-compress-1.23.0.jar;C:\Users\ojhap\.m2\repository\org\apache\xmlbeans\xmlbeans\5.1.1\xmlbeans-5.1.1.jar;C:\Users\ojhap\.m2\repository\org\apache\pdfbox\pdfbox\2.0.26\pdfbox-2.0.26.jar;C:\Users\ojhap\.m2\repository\org\apache\pdfbox\fontbox\2.0.26\fontbox-2.0.26.jar;C:\Users\ojhap\.m2\repository\org\slf4j\slf4j-api\2.0.7\slf4j-api-2.0.7.jar;C:\Users\ojhap\.m2\repository\ch\qos\logback\logback-classic\1.3.8\logback-classic-1.3.8.jar;C:\Users\ojhap\.m2\repository\ch\qos\logback\logback-core\1.3.8\logback-core-1.3.8.jar;C:\Users\ojhap\.m2\repository\commons-codec\commons-codec\1.16.0\commons-codec-1.16.0.jar;C:\Users\ojhap\.m2\repository\commons-io\commons-io\2.13.0\commons-io-2.13.0.jar;C:\Users\ojhap\.m2\repository\io\cucumber\cucumber-guice\7.2.3\cucumber-guice-7.2.3.jar;C:\Users\ojhap\.m2\repository\io\cucumber\tag-expressions\5.0.2\tag-expressions-5.0.2.jar;C:\Users\ojhap\.m2\repository\io\cucumber\cucumber-expressions\16.1.2\cucumber-expressions-16.1.2.jar;C:\Users\ojhap\.m2\repository\io\cucumber\cucumber-core\7.2.3\cucumber-core-7.2.3.jar;C:\Users\ojhap\.m2\repository\io\cucumber\cucumber-gherkin\7.2.3\cucumber-gherkin-7.2.3.jar;C:\Users\ojhap\.m2\repository\io\cucumber\cucumber-gherkin-messages\7.2.3\cucumber-gherkin-messages-7.2.3.jar;C:\Users\ojhap\.m2\repository\io\cucumber\messages\17.1.1\messages-17.1.1.jar;C:\Users\ojhap\.m2\repository\io\cucumber\datatable\7.2.3\datatable-7.2.3.jar;C:\Users\ojhap\.m2\repository\io\cucumber\cucumber-plugin\7.2.3\cucumber-plugin-7.2.3.jar;C:\Users\ojhap\.m2\repository\io\cucumber\docstring\7.2.3\docstring-7.2.3.jar;C:\Users\ojhap\.m2\repository\io\cucumber\html-formatter\17.0.0\html-formatter-17.0.0.jar;C:\Users\ojhap\.m2\repository\io\cucumber\ci-environment\8.1.0\ci-environment-8.1.0.jar;C:\Users\ojhap\.m2\repository\io\cucumber\cucumber-java\7.2.3\cucumber-java-7.2.3.jar;C:\Users\ojhap\.m2\repository\io\cucumber\cucumber-junit\7.2.3\cucumber-junit-7.2.3.jar;C:\Users\ojhap\.m2\repository\io\cucumber\cucumber-jvm-deps\1.0.6\cucumber-jvm-deps-1.0.6.jar;C:\Users\ojhap\.m2\repository\mx4j\mx4j\3.0.2\mx4j-3.0.2.jar;C:\Users\ojhap\.m2\repository\org\apache\maven\plugin-tools\maven-plugin-annotations\3.8.2\maven-plugin-annotations-3.8.2.jar;C:\Users\ojhap\.m2\repository\org\codehaus\plexus\plexus-utils\3.4.0\plexus-utils-3.4.0.jar;C:\Users\ojhap\.m2\repository\io\rest-assured\rest-assured\5.3.1\rest-assured-5.3.1.jar;C:\Users\ojhap\.m2\repository\org\apache\groovy\groovy\4.0.11\groovy-4.0.11.jar;C:\Users\ojhap\.m2\repository\org\apache\groovy\groovy-xml\4.0.11\groovy-xml-4.0.11.jar;C:\Users\ojhap\.m2\repository\io\rest-assured\json-path\5.3.1\json-path-5.3.1.jar;C:\Users\ojhap\.m2\repository\org\apache\groovy\groovy-json\4.0.11\groovy-json-4.0.11.jar;C:\Users\ojhap\.m2\repository\io\rest-assured\rest-assured-common\5.3.1\rest-assured-common-5.3.1.jar;C:\Users\ojhap\.m2\repository\io\rest-assured\xml-path\5.3.1\xml-path-5.3.1.jar;C:\Users\ojhap\.m2\repository\org\apache\commons\commons-lang3\3.11\commons-lang3-3.11.jar;C:\Users\ojhap\.m2\repository\com\aventstack\extentreports\5.0.9\extentreports-5.0.9.jar;C:\Users\ojhap\.m2\repository\org\apache\httpcomponents\httpmime\4.5.14\httpmime-4.5.14.jar;C:\Users\ojhap\.m2\repository\org\codehaus\groovy\groovy\3.0.11\groovy-3.0.11.jar;C:\Users\ojhap\.m2\repository\com\fasterxml\jackson\core\jackson-databind\2.15.3\jackson-databind-2.15.3.jar;C:\Users\ojhap\.m2\repository\com\fasterxml\jackson\core\jackson-annotations\2.15.3\jackson-annotations-2.15.3.jar;C:\Users\ojhap\.m2\repository\com\fasterxml\jackson\core\jackson-core\2.15.3\jackson-core-2.15.3.jar;C:\Users\ojhap\.m2\repository\org\eclipse\jetty\jetty-io\11.0.15\jetty-io-11.0.15.jar;C:\Users\ojhap\.m2\repository\org\eclipse\jetty\jetty-util\11.0.15\jetty-util-11.0.15.jar;C:\Users\ojhap\.m2\repository\org\yaml\snakeyaml\2.0\snakeyaml-2.0.jar;C:\Users\ojhap\.m2\repository\io\cucumber\gherkin\22.0.0\gherkin-22.0.0.jar;C:\Users\ojhap\.m2\repository\org\springframework\spring-beans\5.3.27\spring-beans-5.3.27.jar;C:\Users\ojhap\.m2\repository\org\springframework\spring-core\5.3.27\spring-core-5.3.27.jar;C:\Users\ojhap\.m2\repository\org\springframework\spring-jcl\5.3.27\spring-jcl-5.3.27.jar;C:\Users\ojhap\.m2\repository\org\springframework\spring-context\5.3.27\spring-context-5.3.27.jar;C:\Users\ojhap\.m2\repository\org\springframework\spring-aop\5.3.27\spring-aop-5.3.27.jar;C:\Users\ojhap\.m2\repository\org\springframework\spring-expression\5.3.27\spring-expression-5.3.27.jar;C:\Users\ojhap\.m2\repository\org\testng\testng\7.3.0\testng-7.3.0.jar;C:\Users\ojhap\.m2\repository\com\browserstack\browserstack-local-java\1.1.0\browserstack-local-java-1.1.0.jar;C:\Users\ojhap\.m2\repository\org\json\json\20230227\json-20230227.jar;C:\Users\ojhap\.m2\repository\com\beust\jcommander\1.82\jcommander-1.82.jar;"/>
    <property name="sun.cpu.endian" value="little"/>
    <property name="user.home" value="C:\Users\ojhap"/>
    <property name="user.language" value="en"/>
    <property name="java.specification.vendor" value="Oracle Corporation"/>
    <property name="java.version.date" value="2024-04-16"/>
    <property name="java.home" value="C:\Users\yerrn\.p2\pool\plugins\org.eclipse.justj.openjdk.hotspot.jre.full.win32.x86_64_17.0.11.v20240426-1830\jre"/>
    <property name="runMode" value=""/>
    <property name="file.separator" value="\"/>
    <property name="style.color" value="always"/>
    <property name="basedir" value="E:\Bichvan\Automation POC\ootb-selenium-tests"/>
    <property name="java.vm.compressedOopsMode" value="Zero based"/>
    <property name="line.separator" value="&#10;"/>
    <property name="java.vm.specification.vendor" value="Oracle Corporation"/>
    <property name="java.specification.name" value="Java Platform API Specification"/>
    <property name="surefire.real.class.path" value="C:\Users\ojhap\AppData\Local\Temp\surefire9093313709898499028\surefirebooter-20250303164353265_3.jar"/>
    <property name="user.script" value=""/>
    <property name="sun.management.compiler" value="HotSpot 64-Bit Tiered Compilers"/>
    <property name="java.runtime.version" value="17.0.11+9"/>
    <property name="user.name" value="ojhap"/>
    <property name="path.separator" value=";"/>
    <property name="os.version" value="10.0"/>
    <property name="java.runtime.name" value="OpenJDK Runtime Environment"/>
    <property name="file.encoding" value="UTF-8"/>
    <property name="java.vm.name" value="OpenJDK 64-Bit Server VM"/>
    <property name="java.vendor.version" value="Temurin-17.0.11+9"/>
    <property name="localRepository" value="C:\Users\ojhap\.m2\repository"/>
    <property name="cucumber.options" value=" --tags                                 @EmployeeBenefits                                 --plugin pretty                                 --plugin                                 html:latestreports/@EmployeeBenefits/cucumber-htmlreport.html                                 --plugin                                 junit:latestreports/@EmployeeBenefits/cucumber-junitreport.xml                                 --plugin                                 json:latestreports/@EmployeeBenefits/cucumber-report.json"/>
    <property name="java.vendor.url.bug" value="https://github.com/adoptium/adoptium-support/issues"/>
    <property name="java.io.tmpdir" value="C:\Users\ojhap\AppData\Local\Temp\"/>
    <property name="cucumber.filter.tags" value="@EmployeeBenefits"/>
    <property name="java.version" value="17.0.11"/>
    <property name="user.dir" value="E:\Bichvan\Automation POC\ootb-selenium-tests"/>
    <property name="os.arch" value="amd64"/>
    <property name="java.vm.specification.name" value="Java Virtual Machine Specification"/>
    <property name="sun.os.patch.level" value=""/>
    <property name="l10n.bundle.path" value=""/>
    <property name="native.encoding" value="Cp1252"/>
    <property name="java.library.path" value="C:\Users\yerrn\.p2\pool\plugins\org.eclipse.justj.openjdk.hotspot.jre.full.win32.x86_64_17.0.11.v20240426-1830\jre\bin;C:\Windows\Sun\Java\bin;C:\Windows\system32;C:\Windows;C:/Users/yerrn/.p2/pool/plugins/org.eclipse.justj.openjdk.hotspot.jre.full.win32.x86_64_17.0.11.v20240426-1830/jre/bin/server;C:/Users/yerrn/.p2/pool/plugins/org.eclipse.justj.openjdk.hotspot.jre.full.win32.x86_64_17.0.11.v20240426-1830/jre/bin;C:\Program Files\Micro Focus\NV\lib\shunra\vcat;C:\app\puttr\product\21c\dbhomeXE\bin;C:\oraclexe\app\oracle\product\11.2.0\server\bin;C:\Windows\system32;C:\Windows;C:\Windows\System32\Wbem;C:\Windows\System32\WindowsPowerShell\v1.0\;E:\Ranjith\Tools\apache-jmeter-5.5\apache-jmeter-5.5\bin;C:\Program Files\Eclipse Adoptium\jdk-11.0.17.8-hotspot\\bin;C:\Program Files\ibm\gsk8\lib64;C:\Program Files (x86)\ibm\gsk8\lib;C:\Program Files (x86)\Microsoft SQL Server\160\DTS\Binn\;C:\Program Files\Azure Data Studio\bin;C:\Program Files (x86)\Microsoft SQL Server\160\Tools\Binn\;C:\Program Files\Microsoft SQL Server\160\Tools\Binn\;C:\Program Files\Microsoft SQL Server\Client SDK\ODBC\170\Tools\Binn\;C:\Program Files\Microsoft SQL Server\160\DTS\Binn\;C:\PROGRA~1\IBM\SQLLIB\BIN;C:\PROGRA~1\IBM\SQLLIB\FUNCTION;C:\PROGRA~1\IBM\SQLLIB\SAMPLES\REPL;C:\Program Files\apache-maven-3.9.9\bin;C:\curl-8.8.0_3\bin;C:\Program Files\Git\cmd;C:\ProgramData\chocolatey\bin;C:\Program Files (x86)\Groovy\bin;C:\Program Files\Git\usr\bin;C:\Users\ojhap\AppData\Local\Microsoft\WindowsApps;E:\eclipse\eclipse;;."/>
    <property name="java.vm.info" value="mixed mode"/>
    <property name="java.vendor" value="Eclipse Adoptium"/>
    <property name="java.vm.version" value="17.0.11+9"/>
    <property name="l10n.language" value="en"/>
    <property name="sun.io.unicode.encoding" value="UnicodeLittle"/>
    <property name="java.class.version" value="61.0"/>
  </properties>
  <testcase name="runScenario[&quot;Verify Employee Benefits case creation&quot;, &quot;Optional[New Employee Benfits Case creation]&quot;](1)" classname="RunCukesTest" time="115.478">
    <system-out><![CDATA[16:43:56.723 [main] INFO  com.pega.config.SUTConfig - Setting is.pipeline.run property to false
16:43:56.738 [main] INFO  com.pega.config.SUTConfig - Debug mode is: false
16:43:56.738 [main] INFO  com.pega.config.SUTConfig - Attach PRPC logs?false
16:43:56.739 [main] INFO  com.pega.TestEnvironmentImpl - Logger level is set to : INFO
16:43:59.426 [main] INFO  com.pega.drivers.PegaChromeDriver - Chrome Driver launched successfully
16:43:59.643 [main] INFO  com.pega.TestEnvironmentImpl - Driver is initialised::ChromeDriver: chrome on WINDOWS (109e1c9a3e414deb668c6b0351eddb28)
16:43:59.644 [main] INFO  com.pega.Browser - Opening the URL
16:43:59.891 [main] INFO  com.pega.Browser - Opening the URL
16:43:59.983 [main] INFO  com.pega.Browser - Logging in the user
16:43:59.984 [main] INFO  com.pega.framework.PegaWebDriver - element identification by logic:By.id: txtUserID
16:44:00.089 [main] INFO  com.pega.framework.PegaWebDriver - element identification by logic:By.id: txtPassword
16:44:00.384 [main] INFO  com.pega.framework.PegaWebDriver - element identification by logic:By.name: pyActivity=Code-Security.Login
16:44:32.187 [main] INFO  com.pega.sync.WaitForDocStateReady - !!! Document state div was never identified...are you sure your system is doc state aware?
16:45:02.315 [main] INFO  com.pega.sync.WaitForDocStateReady - !!! Document state div was never identified...are you sure your system is doc state aware?
16:45:02.373 [main] INFO  com.pega.Browser - is the login via application specific URL? : false
16:45:02.384 [main] INFO  com.pega.Browser - +-+-+-+-+-+-+-+-+-+-+-+-+-+-+-+-+-+-+-+-+-+-+-+-+-+-+-+-+--+-+
16:45:02.384 [main] INFO  com.pega.Browser - isCosmos : false
16:45:02.384 [main] INFO  com.pega.Browser - isConstellation : true
16:45:02.385 [main] INFO  com.pega.Browser - +-+-+-+-+-+-+-+-+-+-+-+-+-+-+-+-+-+-+-+-+-+-+-+-+-+-+-+-+--+-+
16:45:02.431 [main] INFO  com.pega.framework.PegaWebDriver - element identification by logic:By.xpath: (//button[@type='button'])[5]
16:45:03.638 [main] INFO  com.pega.sync.Throbber - Throbbing never started
16:45:03.659 [main] INFO  com.pega.framework.PegaWebDriver - element identification by logic:By.xpath: //*[text()='Individual Employee Benefits']
16:45:04.838 [main] INFO  com.pega.sync.Throbber - Throbbing never started
TEST data: ABC Inc.
16:45:05.432 [main] INFO  com.pega.framework.PegaWebDriver - element identification by logic:By.xpath: //*[@data-testid='Company Name:input:control']
16:45:05.755 [main] INFO  com.pega.framework.PegaWebDriver - element identification by logic:By.xpath: //*[@data-testid='Point of Contact Email:input:control']
16:45:05.874 [main] INFO  com.pega.framework.PegaWebDriver - element identification by logic:By.xpath: //label[contains(@for, 'ManualAddressOrGMAP.Manual')]
16:45:07.112 [main] INFO  com.pega.sync.Throbber - Throbbing never started
16:45:07.676 [main] INFO  com.pega.framework.PegaWebDriver - element identification by logic:By.xpath: //*[@data-testid='Country:combo-box:control']
16:45:07.740 [main] INFO  com.pega.framework.PegaWebDriver - element identification by logic:By.xpath: //*[@data-testid='Country:combo-box:control']
16:45:07.892 [main] INFO  com.pega.framework.PegaWebDriver - element identification by logic:By.xpath: //*[@data-testid='Country:combo-box:control']
16:45:08.255 [main] INFO  com.pega.framework.PegaWebDriver - element identification by logic:By.xpath: //*[@data-testid='Address Line 1:input:control']
16:45:09.468 [main] INFO  com.pega.sync.Throbber - Throbbing never started
16:45:09.494 [main] INFO  com.pega.framework.PegaWebDriver - element identification by logic:By.xpath: //*[@data-testid='Address Line 1:input:control']
16:45:09.609 [main] INFO  com.pega.framework.PegaWebDriver - element identification by logic:By.xpath: //*[@data-testid='City / Town:input:control']
16:45:10.787 [main] INFO  com.pega.sync.Throbber - Throbbing never started
16:45:10.809 [main] INFO  com.pega.framework.PegaWebDriver - element identification by logic:By.xpath: //*[@data-testid='City / Town:input:control']
16:45:11.086 [main] INFO  com.pega.framework.PegaWebDriver - element identification by logic:By.xpath: //*[@data-testid='Postal Code:input:control']
16:45:11.191 [main] INFO  com.pega.framework.PegaWebDriver - element identification by logic:By.xpath: //*[@data-testid='Number of Insured Persons:number-input:control']
16:45:11.327 [main] INFO  com.pega.framework.PegaWebDriver - element identification by logic:By.xpath: //button[@name='next']
16:45:12.657 [main] INFO  com.pega.sync.Throbber - Throbbing never started
16:45:12.680 [main] INFO  com.pega.framework.PegaWebDriver - element identification by logic:By.xpath: //*[@data-testid='Agent Key:input:control']
16:45:12.751 [main] INFO  com.pega.framework.PegaWebDriver - element identification by logic:By.xpath: //button[@name='next']
16:45:13.938 [main] INFO  com.pega.sync.Throbber - Throbbing never started
16:45:13.960 [main] INFO  com.pega.framework.PegaWebDriver - element identification by logic:By.xpath: //*[@data-testid='Coverage:number-input:control']
16:45:14.387 [main] INFO  com.pega.framework.PegaWebDriver - element identification by logic:By.xpath: //*[@data-testid='Deductible:number-input:control']
16:45:14.499 [main] INFO  com.pega.framework.PegaWebDriver - element identification by logic:By.xpath: //*[@data-testid='National Coinsurance:number-input:control']
16:45:14.846 [main] INFO  com.pega.framework.PegaWebDriver - element identification by logic:By.xpath: //*[@data-testid='Insured Holders:number-input:control']
16:45:14.948 [main] INFO  com.pega.framework.PegaWebDriver - element identification by logic:By.xpath: //*[@data-testid='Total Insured:number-input:control']
16:45:15.466 [main] INFO  com.pega.framework.PegaWebDriver - element identification by logic:By.xpath: (//label[text()='Include RDH']//child::div)[1]
16:45:16.648 [main] INFO  com.pega.sync.Throbber - Throbbing never started
16:45:16.670 [main] INFO  com.pega.framework.PegaWebDriver - element identification by logic:By.xpath: (//label[text()='Include Dental and Vision Coverages']//child::div)[1]
16:45:17.858 [main] INFO  com.pega.sync.Throbber - Throbbing never started
16:45:17.881 [main] INFO  com.pega.framework.PegaWebDriver - element identification by logic:By.xpath: (//label[text()='GMM Excesses']//child::div)[1]
16:45:19.069 [main] INFO  com.pega.sync.Throbber - Throbbing never started
16:45:19.091 [main] INFO  com.pega.framework.PegaWebDriver - element identification by logic:By.xpath: (//label[text()='GMM Protections']//child::div)[1]
16:45:20.265 [main] INFO  com.pega.sync.Throbber - Throbbing never started
16:45:20.285 [main] INFO  com.pega.framework.PegaWebDriver - element identification by logic:By.xpath: (//label[text()='GMM Optional']//child::div)[1]
16:45:21.453 [main] INFO  com.pega.sync.Throbber - Throbbing never started
16:45:21.473 [main] INFO  com.pega.framework.PegaWebDriver - element identification by logic:By.xpath: (//label[text()='Include Coinsurance Rule']//child::div)[1]
16:45:22.693 [main] INFO  com.pega.sync.Throbber - Throbbing never started
16:45:22.712 [main] INFO  com.pega.framework.PegaWebDriver - element identification by logic:By.xpath: (//label[text()='Include Accupuncture']//child::div)[1]
16:45:23.895 [main] INFO  com.pega.sync.Throbber - Throbbing never started
16:45:23.913 [main] INFO  com.pega.framework.PegaWebDriver - element identification by logic:By.xpath: (//label[text()='Include Vision Correction']//child::div)[1]
16:45:25.086 [main] INFO  com.pega.sync.Throbber - Throbbing never started
16:45:25.106 [main] INFO  com.pega.framework.PegaWebDriver - element identification by logic:By.xpath: //button[@name='next']
16:45:26.301 [main] INFO  com.pega.sync.Throbber - Throbbing never started
16:45:27.158 [main] INFO  com.pega.framework.PegaWebDriver - element identification by logic:By.xpath: //button[@name='next']
16:45:28.328 [main] INFO  com.pega.sync.Throbber - Throbbing never started
16:45:28.347 [main] INFO  com.pega.framework.PegaWebDriver - element identification by logic:By.xpath: //button[@name='Ignore']
16:45:28.959 [main] INFO  com.pega.framework.PegaWebDriver - element identification by logic:By.xpath: //button[@name='Ignore']
16:45:30.158 [main] INFO  com.pega.sync.Throbber - Throbbing never started
16:45:30.180 [main] INFO  com.pega.framework.PegaWebDriver - element identification by logic:By.xpath: //div//*[contains(text(),'SLIP File')]//following::div[1]//input
16:45:30.786 [main] INFO  com.pega.framework.PegaWebDriver - element identification by logic:By.xpath: //div//*[contains(text(),'Employee Listing')]//following::div[1]//input
16:45:40.869 [main] INFO  com.pega.framework.PegaWebDriver - element identification by logic:By.xpath: //button[@name='next']
16:45:42.033 [main] INFO  com.pega.sync.Throbber - Throbbing never started
16:45:42.061 [main] INFO  com.pega.framework.PegaWebDriver - element identification by logic:By.xpath: (//dd[@data-testid='Include RDH:field-value-item:value']//child::span)[1]
16:45:42.126 [main] INFO  com.pega.framework.PegaWebDriver - element identification by logic:By.xpath: //button[@name='submit']
16:45:43.312 [main] INFO  com.pega.sync.Throbber - Throbbing never started
16:45:43.339 [main] INFO  com.pega.framework.PegaWebDriver - element identification by logic:By.xpath: //*[text()='Work Status']//following-sibling::dd
Status Text==>DOCUMENT-RECEIVED
16:45:43.401 [main] INFO  com.pega.framework.PegaWebDriver - element identification by logic:By.xpath: //*[text()='Individual Employee Benefits']//following-sibling::p
Verify Case Detail Step: CaseID==>I-4014
16:45:43.463 [main] INFO  com.pega.framework.PegaWebDriver - element identification by logic:By.xpath: //button[.//div[contains(text(), 'u') or contains(text(), 'u@')]]
16:45:44.631 [main] INFO  com.pega.sync.Throbber - Throbbing never started
16:45:44.653 [main] INFO  com.pega.framework.PegaWebDriver - element identification by logic:By.xpath: //*[contains(text(),'Log off')]
16:45:45.816 [main] INFO  com.pega.sync.Throbber - Throbbing never started
]]></system-out>
    <system-err><![CDATA[Mar 03, 2025 4:43:55 PM io.cucumber.guice.InjectorSourceFactory loadInjectorSourceFromProperties
WARNING: The 'guice.injector-source' property has been deprecated.Add a class implementing 'io.cucumber.guice.InjectorSource' on the glue path instead
Mar 03, 2025 4:43:57 PM org.openqa.selenium.remote.RemoteWebDriver startSession
WARNING: Support for Legacy Capabilities is deprecated; You are sending the following invalid capabilities: [loggingPrefs, unexpectedAlertBehaviour]; Please update to W3C Syntax: https://www.selenium.dev/blog/2022/legacy-protocol-support/
Starting ChromeDriver 133.0.6943.126 (cffa127ce7b6be72885391527c15b452056a2e81-refs/branch-heads/6943@{#1570}) on port 60563
Only local connections are allowed.
Please see https://chromedriver.chromium.org/security-considerations for suggestions on keeping ChromeDriver safe.
ChromeDriver was started successfully on port 60563.
Mar 03, 2025 4:43:59 PM org.openqa.selenium.remote.ProtocolHandshake createSession
INFO: Detected upstream dialect: W3C
Mar 03, 2025 4:43:59 PM org.openqa.selenium.remote.ProtocolHandshake createSession
WARNING: Support for Legacy Capabilities is deprecated; You are sending the following invalid capabilities: [loggingPrefs, unexpectedAlertBehaviour]; Please update to W3C Syntax: https://www.selenium.dev/blog/2022/legacy-protocol-support/
Mar 03, 2025 4:43:59 PM org.openqa.selenium.devtools.CdpVersionFinder findNearestMatch
WARNING: Unable to find an exact match for CDP version 133, so returning the closest version found: a no-op implementation
Mar 03, 2025 4:43:59 PM org.openqa.selenium.devtools.CdpVersionFinder findNearestMatch
INFO: Unable to find CDP implementation matching 133.
Mar 03, 2025 4:43:59 PM org.openqa.selenium.chromium.ChromiumDriver lambda$new$3
WARNING: Unable to find version of CDP to use for . You may need to include a dependency on a specific version of the CDP using something similar to `org.seleniumhq.selenium:selenium-devtools-v86:4.2.2` where the version ("v86") matches the version of the chromium-based browser you're using and the version number of the artifact is the same as Selenium's.
ERROR StatusLogger Log4j2 could not find a logging implementation. Please add log4j-core to the classpath. Using SimpleLogger to log to the console...
]]></system-err>
  </testcase>
</testsuite>