<?xml version="1.0" encoding="UTF-8"?>
<testsuite xmlns:xsi="http://www.w3.org/2001/XMLSchema-instance" xsi:noNamespaceSchemaLocation="https://maven.apache.org/surefire/maven-surefire-plugin/xsd/surefire-test-report-3.0.xsd" version="3.0" name="TestSuite" time="118.886" tests="1" errors="0" skipped="0" failures="0">
  <properties>
    <property name="sun.desktop" value="windows"/>
    <property name="awt.toolkit" value="sun.awt.windows.WToolkit"/>
    <property name="java.specification.version" value="11"/>
    <property name="webdriver.chrome.driver" value="binaries/chromedriver.exe"/>
    <property name="sun.cpu.isalist" value="amd64"/>
    <property name="sun.jnu.encoding" value="Cp1252"/>
    <property name="sun.awt.enableExtraMouseButtons" value="true"/>
    <property name="java.class.path" value="C:\Users\vub01\EmplBenefit POC\Pega_CRM_Selenium_UI_TestFramework_V4.2.2\ootb-selenium-tests\target\test-classes;C:\Users\vub01\EmplBenefit POC\Pega_CRM_Selenium_UI_TestFramework_V4.2.2\ootb-selenium-tests\target\classes;C:\Users\vub01\.m2\repository\junit\junit\4.13.2\junit-4.13.2.jar;C:\Users\vub01\.m2\repository\org\hamcrest\hamcrest-core\2.2\hamcrest-core-2.2.jar;C:\Users\vub01\.m2\repository\org\hamcrest\hamcrest\2.2\hamcrest-2.2.jar;C:\Users\vub01\.m2\repository\com\google\guava\guava\32.0.1-jre\guava-32.0.1-jre.jar;C:\Users\vub01\.m2\repository\com\google\guava\failureaccess\1.0.1\failureaccess-1.0.1.jar;C:\Users\vub01\.m2\repository\com\google\guava\listenablefuture\9999.0-empty-to-avoid-conflict-with-guava\listenablefuture-9999.0-empty-to-avoid-conflict-with-guava.jar;C:\Users\vub01\.m2\repository\org\checkerframework\checker-qual\3.33.0\checker-qual-3.33.0.jar;C:\Users\vub01\.m2\repository\com\google\errorprone\error_prone_annotations\2.18.0\error_prone_annotations-2.18.0.jar;C:\Users\vub01\.m2\repository\com\google\j2objc\j2objc-annotations\2.8\j2objc-annotations-2.8.jar;C:\Users\vub01\EmplBenefit POC\Pega_CRM_Selenium_UI_TestFramework_V4.2.2\ootb-selenium-tests\lib\pega-base-ui-testframework-4.2.2.jar;C:\Users\vub01\.m2\repository\org\seleniumhq\selenium\selenium-java\4.2.2\selenium-java-4.2.2.jar;C:\Users\vub01\.m2\repository\org\seleniumhq\selenium\selenium-api\4.2.2\selenium-api-4.2.2.jar;C:\Users\vub01\.m2\repository\org\seleniumhq\selenium\selenium-chrome-driver\4.2.2\selenium-chrome-driver-4.2.2.jar;C:\Users\vub01\.m2\repository\org\seleniumhq\selenium\selenium-chromium-driver\4.2.2\selenium-chromium-driver-4.2.2.jar;C:\Users\vub01\.m2\repository\org\seleniumhq\selenium\selenium-devtools-v100\4.2.2\selenium-devtools-v100-4.2.2.jar;C:\Users\vub01\.m2\repository\org\seleniumhq\selenium\selenium-devtools-v101\4.2.2\selenium-devtools-v101-4.2.2.jar;C:\Users\vub01\.m2\repository\org\seleniumhq\selenium\selenium-devtools-v102\4.2.2\selenium-devtools-v102-4.2.2.jar;C:\Users\vub01\.m2\repository\org\seleniumhq\selenium\selenium-devtools-v85\4.2.2\selenium-devtools-v85-4.2.2.jar;C:\Users\vub01\.m2\repository\org\seleniumhq\selenium\selenium-edge-driver\4.2.2\selenium-edge-driver-4.2.2.jar;C:\Users\vub01\.m2\repository\org\seleniumhq\selenium\selenium-firefox-driver\4.2.2\selenium-firefox-driver-4.2.2.jar;C:\Users\vub01\.m2\repository\org\seleniumhq\selenium\selenium-ie-driver\4.2.2\selenium-ie-driver-4.2.2.jar;C:\Users\vub01\.m2\repository\org\seleniumhq\selenium\selenium-opera-driver\4.2.2\selenium-opera-driver-4.2.2.jar;C:\Users\vub01\.m2\repository\org\seleniumhq\selenium\selenium-safari-driver\4.2.2\selenium-safari-driver-4.2.2.jar;C:\Users\vub01\.m2\repository\org\seleniumhq\selenium\selenium-support\4.2.2\selenium-support-4.2.2.jar;C:\Users\vub01\.m2\repository\org\seleniumhq\selenium\selenium-remote-driver\4.2.2\selenium-remote-driver-4.2.2.jar;C:\Users\vub01\.m2\repository\com\google\auto\service\auto-service-annotations\1.0.1\auto-service-annotations-1.0.1.jar;C:\Users\vub01\.m2\repository\com\google\auto\service\auto-service\1.0.1\auto-service-1.0.1.jar;C:\Users\vub01\.m2\repository\com\google\auto\auto-common\1.2\auto-common-1.2.jar;C:\Users\vub01\.m2\repository\io\netty\netty-transport-classes-epoll\4.1.77.Final\netty-transport-classes-epoll-4.1.77.Final.jar;C:\Users\vub01\.m2\repository\io\netty\netty-transport-classes-kqueue\4.1.77.Final\netty-transport-classes-kqueue-4.1.77.Final.jar;C:\Users\vub01\.m2\repository\io\netty\netty-transport-native-unix-common\4.1.77.Final\netty-transport-native-unix-common-4.1.77.Final.jar;C:\Users\vub01\.m2\repository\io\opentelemetry\opentelemetry-api\1.14.0\opentelemetry-api-1.14.0.jar;C:\Users\vub01\.m2\repository\io\opentelemetry\opentelemetry-context\1.14.0\opentelemetry-context-1.14.0.jar;C:\Users\vub01\.m2\repository\io\opentelemetry\opentelemetry-exporter-logging\1.14.0\opentelemetry-exporter-logging-1.14.0.jar;C:\Users\vub01\.m2\repository\io\opentelemetry\opentelemetry-sdk-metrics\1.14.0\opentelemetry-sdk-metrics-1.14.0.jar;C:\Users\vub01\.m2\repository\io\opentelemetry\opentelemetry-sdk-logs\1.14.0-alpha\opentelemetry-sdk-logs-1.14.0-alpha.jar;C:\Users\vub01\.m2\repository\io\opentelemetry\opentelemetry-sdk-common\1.14.0\opentelemetry-sdk-common-1.14.0.jar;C:\Users\vub01\.m2\repository\io\opentelemetry\opentelemetry-sdk-extension-autoconfigure-spi\1.14.0\opentelemetry-sdk-extension-autoconfigure-spi-1.14.0.jar;C:\Users\vub01\.m2\repository\io\opentelemetry\opentelemetry-sdk-extension-autoconfigure\1.14.0-alpha\opentelemetry-sdk-extension-autoconfigure-1.14.0-alpha.jar;C:\Users\vub01\.m2\repository\io\opentelemetry\opentelemetry-sdk-trace\1.14.0\opentelemetry-sdk-trace-1.14.0.jar;C:\Users\vub01\.m2\repository\io\opentelemetry\opentelemetry-sdk\1.14.0\opentelemetry-sdk-1.14.0.jar;C:\Users\vub01\.m2\repository\io\opentelemetry\opentelemetry-semconv\1.14.0-alpha\opentelemetry-semconv-1.14.0-alpha.jar;C:\Users\vub01\.m2\repository\io\ous\jtoml\2.0.0\jtoml-2.0.0.jar;C:\Users\vub01\.m2\repository\net\bytebuddy\byte-buddy\1.12.10\byte-buddy-1.12.10.jar;C:\Users\vub01\.m2\repository\org\apache\commons\commons-exec\1.3\commons-exec-1.3.jar;C:\Users\vub01\.m2\repository\org\asynchttpclient\async-http-client\2.12.3\async-http-client-2.12.3.jar;C:\Users\vub01\.m2\repository\org\asynchttpclient\async-http-client-netty-utils\2.12.3\async-http-client-netty-utils-2.12.3.jar;C:\Users\vub01\.m2\repository\org\seleniumhq\selenium\selenium-http\4.2.2\selenium-http-4.2.2.jar;C:\Users\vub01\.m2\repository\dev\failsafe\failsafe\3.2.4\failsafe-3.2.4.jar;C:\Users\vub01\.m2\repository\org\seleniumhq\selenium\selenium-json\4.2.2\selenium-json-4.2.2.jar;C:\Users\vub01\.m2\repository\io\netty\netty-buffer\4.1.95.Final\netty-buffer-4.1.95.Final.jar;C:\Users\vub01\.m2\repository\io\netty\netty-codec-http\4.1.95.Final\netty-codec-http-4.1.95.Final.jar;C:\Users\vub01\.m2\repository\io\netty\netty-codec\4.1.95.Final\netty-codec-4.1.95.Final.jar;C:\Users\vub01\.m2\repository\io\netty\netty-common\4.1.95.Final\netty-common-4.1.95.Final.jar;C:\Users\vub01\.m2\repository\io\netty\netty-resolver\4.1.95.Final\netty-resolver-4.1.95.Final.jar;C:\Users\vub01\.m2\repository\io\netty\netty-transport\4.1.95.Final\netty-transport-4.1.95.Final.jar;C:\Users\vub01\.m2\repository\com\typesafe\netty\netty-reactive-streams\2.0.8\netty-reactive-streams-2.0.8.jar;C:\Users\vub01\.m2\repository\org\reactivestreams\reactive-streams\1.0.4\reactive-streams-1.0.4.jar;C:\Users\vub01\.m2\repository\io\netty\netty-handler\4.1.95.Final\netty-handler-4.1.95.Final.jar;C:\Users\vub01\.m2\repository\com\sun\activation\jakarta.activation\2.0.1\jakarta.activation-2.0.1.jar;C:\Users\vub01\.m2\repository\io\netty\netty-codec-socks\4.1.94.Final\netty-codec-socks-4.1.94.Final.jar;C:\Users\vub01\.m2\repository\io\netty\netty-handler-proxy\4.1.94.Final\netty-handler-proxy-4.1.94.Final.jar;C:\Users\vub01\.m2\repository\io\netty\netty-transport-native-epoll\4.1.94.Final\netty-transport-native-epoll-4.1.94.Final.jar;C:\Users\vub01\.m2\repository\com\pojosontheweb\monte-repack\1.1\monte-repack-1.1.jar;C:\Users\vub01\.m2\repository\javax\media\jai\com.springsource.javax.media.jai.core\1.1.3\com.springsource.javax.media.jai.core-1.1.3.jar;C:\Users\vub01\.m2\repository\javax\media\jai\com.springsource.javax.media.jai.codec\1.1.3\com.springsource.javax.media.jai.codec-1.1.3.jar;C:\Users\vub01\.m2\repository\javax\media\jmf\2.1.1e\jmf-2.1.1e.jar;C:\Users\vub01\.m2\repository\org\jsoup\jsoup\1.15.3\jsoup-1.15.3.jar;C:\Users\vub01\.m2\repository\jakarta\mail\jakarta.mail-api\2.1.2\jakarta.mail-api-2.1.2.jar;C:\Users\vub01\.m2\repository\jakarta\activation\jakarta.activation-api\2.1.2\jakarta.activation-api-2.1.2.jar;C:\Users\vub01\.m2\repository\com\google\inject\guice\6.0.0\guice-6.0.0.jar;C:\Users\vub01\.m2\repository\javax\inject\javax.inject\1\javax.inject-1.jar;C:\Users\vub01\.m2\repository\jakarta\inject\jakarta.inject-api\2.0.1\jakarta.inject-api-2.0.1.jar;C:\Users\vub01\.m2\repository\aopalliance\aopalliance\1.0\aopalliance-1.0.jar;C:\Users\vub01\.m2\repository\net\lingala\zip4j\zip4j\2.11.5\zip4j-2.11.5.jar;C:\Users\vub01\.m2\repository\org\apache\httpcomponents\httpclient\4.5.14\httpclient-4.5.14.jar;C:\Users\vub01\.m2\repository\org\apache\httpcomponents\httpcore\4.4.16\httpcore-4.4.16.jar;C:\Users\vub01\.m2\repository\commons-logging\commons-logging\1.2\commons-logging-1.2.jar;C:\Users\vub01\.m2\repository\com\google\code\gson\gson\2.9.0\gson-2.9.0.jar;C:\Users\vub01\.m2\repository\org\apache\ant\ant\1.10.12\ant-1.10.12.jar;C:\Users\vub01\.m2\repository\org\apache\ant\ant-launcher\1.10.12\ant-launcher-1.10.12.jar;C:\Users\vub01\.m2\repository\io\cucumber\cucumber-testng\7.2.3\cucumber-testng-7.2.3.jar;C:\Users\vub01\.m2\repository\org\apiguardian\apiguardian-api\1.1.2\apiguardian-api-1.1.2.jar;C:\Users\vub01\.m2\repository\org\webjars\jquery\3.6.4\jquery-3.6.4.jar;C:\Users\vub01\.m2\repository\org\apache\poi\poi-ooxml\5.2.3\poi-ooxml-5.2.3.jar;C:\Users\vub01\.m2\repository\org\apache\poi\poi\5.2.3\poi-5.2.3.jar;C:\Users\vub01\.m2\repository\org\apache\commons\commons-math3\3.6.1\commons-math3-3.6.1.jar;C:\Users\vub01\.m2\repository\com\zaxxer\SparseBitSet\1.2\SparseBitSet-1.2.jar;C:\Users\vub01\.m2\repository\org\apache\poi\poi-ooxml-lite\5.2.3\poi-ooxml-lite-5.2.3.jar;C:\Users\vub01\.m2\repository\com\github\virtuald\curvesapi\1.07\curvesapi-1.07.jar;C:\Users\vub01\.m2\repository\org\apache\logging\log4j\log4j-api\2.18.0\log4j-api-2.18.0.jar;C:\Users\vub01\.m2\repository\org\apache\commons\commons-collections4\4.4\commons-collections4-4.4.jar;C:\Users\vub01\.m2\repository\org\apache\commons\commons-compress\1.23.0\commons-compress-1.23.0.jar;C:\Users\vub01\.m2\repository\org\apache\xmlbeans\xmlbeans\4.0.0\xmlbeans-4.0.0.jar;C:\Users\vub01\.m2\repository\org\apache\pdfbox\pdfbox\2.0.26\pdfbox-2.0.26.jar;C:\Users\vub01\.m2\repository\org\apache\pdfbox\fontbox\2.0.26\fontbox-2.0.26.jar;C:\Users\vub01\.m2\repository\org\slf4j\slf4j-api\2.0.7\slf4j-api-2.0.7.jar;C:\Users\vub01\.m2\repository\ch\qos\logback\logback-classic\1.3.8\logback-classic-1.3.8.jar;C:\Users\vub01\.m2\repository\ch\qos\logback\logback-core\1.3.8\logback-core-1.3.8.jar;C:\Users\vub01\.m2\repository\commons-codec\commons-codec\1.16.0\commons-codec-1.16.0.jar;C:\Users\vub01\.m2\repository\commons-io\commons-io\2.13.0\commons-io-2.13.0.jar;C:\Users\vub01\.m2\repository\io\cucumber\cucumber-guice\7.2.3\cucumber-guice-7.2.3.jar;C:\Users\vub01\.m2\repository\io\cucumber\tag-expressions\5.0.2\tag-expressions-5.0.2.jar;C:\Users\vub01\.m2\repository\io\cucumber\cucumber-expressions\16.1.2\cucumber-expressions-16.1.2.jar;C:\Users\vub01\.m2\repository\io\cucumber\cucumber-core\7.2.3\cucumber-core-7.2.3.jar;C:\Users\vub01\.m2\repository\io\cucumber\cucumber-gherkin\7.2.3\cucumber-gherkin-7.2.3.jar;C:\Users\vub01\.m2\repository\io\cucumber\cucumber-gherkin-messages\7.2.3\cucumber-gherkin-messages-7.2.3.jar;C:\Users\vub01\.m2\repository\io\cucumber\messages\17.1.1\messages-17.1.1.jar;C:\Users\vub01\.m2\repository\io\cucumber\datatable\7.2.3\datatable-7.2.3.jar;C:\Users\vub01\.m2\repository\io\cucumber\cucumber-plugin\7.2.3\cucumber-plugin-7.2.3.jar;C:\Users\vub01\.m2\repository\io\cucumber\docstring\7.2.3\docstring-7.2.3.jar;C:\Users\vub01\.m2\repository\io\cucumber\html-formatter\17.0.0\html-formatter-17.0.0.jar;C:\Users\vub01\.m2\repository\io\cucumber\ci-environment\8.1.0\ci-environment-8.1.0.jar;C:\Users\vub01\.m2\repository\io\cucumber\cucumber-java\7.2.3\cucumber-java-7.2.3.jar;C:\Users\vub01\.m2\repository\io\cucumber\cucumber-junit\7.2.3\cucumber-junit-7.2.3.jar;C:\Users\vub01\.m2\repository\io\cucumber\cucumber-jvm-deps\1.0.6\cucumber-jvm-deps-1.0.6.jar;C:\Users\vub01\.m2\repository\mx4j\mx4j\3.0.2\mx4j-3.0.2.jar;C:\Users\vub01\.m2\repository\org\apache\maven\plugin-tools\maven-plugin-annotations\3.8.2\maven-plugin-annotations-3.8.2.jar;C:\Users\vub01\.m2\repository\org\codehaus\plexus\plexus-utils\3.4.0\plexus-utils-3.4.0.jar;C:\Users\vub01\.m2\repository\io\rest-assured\rest-assured\5.3.1\rest-assured-5.3.1.jar;C:\Users\vub01\.m2\repository\org\apache\groovy\groovy\4.0.11\groovy-4.0.11.jar;C:\Users\vub01\.m2\repository\org\apache\groovy\groovy-xml\4.0.11\groovy-xml-4.0.11.jar;C:\Users\vub01\.m2\repository\io\rest-assured\json-path\5.3.1\json-path-5.3.1.jar;C:\Users\vub01\.m2\repository\org\apache\groovy\groovy-json\4.0.11\groovy-json-4.0.11.jar;C:\Users\vub01\.m2\repository\io\rest-assured\rest-assured-common\5.3.1\rest-assured-common-5.3.1.jar;C:\Users\vub01\.m2\repository\io\rest-assured\xml-path\5.3.1\xml-path-5.3.1.jar;C:\Users\vub01\.m2\repository\org\apache\commons\commons-lang3\3.11\commons-lang3-3.11.jar;C:\Users\vub01\.m2\repository\com\aventstack\extentreports\5.0.9\extentreports-5.0.9.jar;C:\Users\vub01\.m2\repository\org\apache\httpcomponents\httpmime\4.5.14\httpmime-4.5.14.jar;C:\Users\vub01\.m2\repository\org\codehaus\groovy\groovy\3.0.11\groovy-3.0.11.jar;C:\Users\vub01\.m2\repository\com\fasterxml\jackson\core\jackson-databind\2.15.3\jackson-databind-2.15.3.jar;C:\Users\vub01\.m2\repository\com\fasterxml\jackson\core\jackson-annotations\2.15.3\jackson-annotations-2.15.3.jar;C:\Users\vub01\.m2\repository\com\fasterxml\jackson\core\jackson-core\2.15.3\jackson-core-2.15.3.jar;C:\Users\vub01\.m2\repository\org\eclipse\jetty\jetty-io\11.0.15\jetty-io-11.0.15.jar;C:\Users\vub01\.m2\repository\org\eclipse\jetty\jetty-util\11.0.15\jetty-util-11.0.15.jar;C:\Users\vub01\.m2\repository\org\yaml\snakeyaml\2.0\snakeyaml-2.0.jar;C:\Users\vub01\.m2\repository\io\cucumber\gherkin\22.0.0\gherkin-22.0.0.jar;C:\Users\vub01\.m2\repository\org\springframework\spring-beans\5.3.27\spring-beans-5.3.27.jar;C:\Users\vub01\.m2\repository\org\springframework\spring-core\5.3.27\spring-core-5.3.27.jar;C:\Users\vub01\.m2\repository\org\springframework\spring-jcl\5.3.27\spring-jcl-5.3.27.jar;C:\Users\vub01\.m2\repository\org\springframework\spring-context\5.3.27\spring-context-5.3.27.jar;C:\Users\vub01\.m2\repository\org\springframework\spring-aop\5.3.27\spring-aop-5.3.27.jar;C:\Users\vub01\.m2\repository\org\springframework\spring-expression\5.3.27\spring-expression-5.3.27.jar;C:\Users\vub01\.m2\repository\org\testng\testng\7.3.0\testng-7.3.0.jar;C:\Users\vub01\.m2\repository\com\browserstack\browserstack-local-java\1.1.0\browserstack-local-java-1.1.0.jar;C:\Users\vub01\.m2\repository\org\json\json\20230227\json-20230227.jar;C:\Users\vub01\.m2\repository\com\beust\jcommander\1.82\jcommander-1.82.jar;"/>
    <property name="baseClass" value="com.pega.CRMTestEnvironment"/>
    <property name="java.vm.vendor" value="Eclipse Adoptium"/>
    <property name="sun.arch.data.model" value="64"/>
    <property name="user.variant" value=""/>
    <property name="java.vendor.url" value="https://adoptium.net/"/>
    <property name="user.timezone" value="Asia/Calcutta"/>
    <property name="os.name" value="Windows Server 2016"/>
    <property name="java.vm.specification.version" value="11"/>
    <property name="guice.injector-source" value="com.pega.config.guice.GuiceInjector"/>
    <property name="testReportsDir" value="latestreports/@Platform3POCCheck"/>
    <property name="sun.java.launcher" value="SUN_STANDARD"/>
    <property name="user.country" value="IN"/>
    <property name="sun.boot.library.path" value="C:\Program Files\Eclipse Adoptium\jdk-11.0.17.8-hotspot\bin"/>
    <property name="sun.java.command" value="C:\Users\vub01\AppData\Local\Temp\surefire4403065942767574620\surefirebooter-20240626191942645_3.jar C:\Users\vub01\AppData\Local\Temp\surefire4403065942767574620 2024-06-26T19-19-42_234-jvmRun1 surefire-20240626191942645_1tmp surefire_0-20240626191942645_2tmp"/>
    <property name="jdk.debug" value="release"/>
    <property name="surefire.test.class.path" value="C:\Users\vub01\EmplBenefit POC\Pega_CRM_Selenium_UI_TestFramework_V4.2.2\ootb-selenium-tests\target\test-classes;C:\Users\vub01\EmplBenefit POC\Pega_CRM_Selenium_UI_TestFramework_V4.2.2\ootb-selenium-tests\target\classes;C:\Users\vub01\.m2\repository\junit\junit\4.13.2\junit-4.13.2.jar;C:\Users\vub01\.m2\repository\org\hamcrest\hamcrest-core\2.2\hamcrest-core-2.2.jar;C:\Users\vub01\.m2\repository\org\hamcrest\hamcrest\2.2\hamcrest-2.2.jar;C:\Users\vub01\.m2\repository\com\google\guava\guava\32.0.1-jre\guava-32.0.1-jre.jar;C:\Users\vub01\.m2\repository\com\google\guava\failureaccess\1.0.1\failureaccess-1.0.1.jar;C:\Users\vub01\.m2\repository\com\google\guava\listenablefuture\9999.0-empty-to-avoid-conflict-with-guava\listenablefuture-9999.0-empty-to-avoid-conflict-with-guava.jar;C:\Users\vub01\.m2\repository\org\checkerframework\checker-qual\3.33.0\checker-qual-3.33.0.jar;C:\Users\vub01\.m2\repository\com\google\errorprone\error_prone_annotations\2.18.0\error_prone_annotations-2.18.0.jar;C:\Users\vub01\.m2\repository\com\google\j2objc\j2objc-annotations\2.8\j2objc-annotations-2.8.jar;C:\Users\vub01\EmplBenefit POC\Pega_CRM_Selenium_UI_TestFramework_V4.2.2\ootb-selenium-tests\lib\pega-base-ui-testframework-4.2.2.jar;C:\Users\vub01\.m2\repository\org\seleniumhq\selenium\selenium-java\4.2.2\selenium-java-4.2.2.jar;C:\Users\vub01\.m2\repository\org\seleniumhq\selenium\selenium-api\4.2.2\selenium-api-4.2.2.jar;C:\Users\vub01\.m2\repository\org\seleniumhq\selenium\selenium-chrome-driver\4.2.2\selenium-chrome-driver-4.2.2.jar;C:\Users\vub01\.m2\repository\org\seleniumhq\selenium\selenium-chromium-driver\4.2.2\selenium-chromium-driver-4.2.2.jar;C:\Users\vub01\.m2\repository\org\seleniumhq\selenium\selenium-devtools-v100\4.2.2\selenium-devtools-v100-4.2.2.jar;C:\Users\vub01\.m2\repository\org\seleniumhq\selenium\selenium-devtools-v101\4.2.2\selenium-devtools-v101-4.2.2.jar;C:\Users\vub01\.m2\repository\org\seleniumhq\selenium\selenium-devtools-v102\4.2.2\selenium-devtools-v102-4.2.2.jar;C:\Users\vub01\.m2\repository\org\seleniumhq\selenium\selenium-devtools-v85\4.2.2\selenium-devtools-v85-4.2.2.jar;C:\Users\vub01\.m2\repository\org\seleniumhq\selenium\selenium-edge-driver\4.2.2\selenium-edge-driver-4.2.2.jar;C:\Users\vub01\.m2\repository\org\seleniumhq\selenium\selenium-firefox-driver\4.2.2\selenium-firefox-driver-4.2.2.jar;C:\Users\vub01\.m2\repository\org\seleniumhq\selenium\selenium-ie-driver\4.2.2\selenium-ie-driver-4.2.2.jar;C:\Users\vub01\.m2\repository\org\seleniumhq\selenium\selenium-opera-driver\4.2.2\selenium-opera-driver-4.2.2.jar;C:\Users\vub01\.m2\repository\org\seleniumhq\selenium\selenium-safari-driver\4.2.2\selenium-safari-driver-4.2.2.jar;C:\Users\vub01\.m2\repository\org\seleniumhq\selenium\selenium-support\4.2.2\selenium-support-4.2.2.jar;C:\Users\vub01\.m2\repository\org\seleniumhq\selenium\selenium-remote-driver\4.2.2\selenium-remote-driver-4.2.2.jar;C:\Users\vub01\.m2\repository\com\google\auto\service\auto-service-annotations\1.0.1\auto-service-annotations-1.0.1.jar;C:\Users\vub01\.m2\repository\com\google\auto\service\auto-service\1.0.1\auto-service-1.0.1.jar;C:\Users\vub01\.m2\repository\com\google\auto\auto-common\1.2\auto-common-1.2.jar;C:\Users\vub01\.m2\repository\io\netty\netty-transport-classes-epoll\4.1.77.Final\netty-transport-classes-epoll-4.1.77.Final.jar;C:\Users\vub01\.m2\repository\io\netty\netty-transport-classes-kqueue\4.1.77.Final\netty-transport-classes-kqueue-4.1.77.Final.jar;C:\Users\vub01\.m2\repository\io\netty\netty-transport-native-unix-common\4.1.77.Final\netty-transport-native-unix-common-4.1.77.Final.jar;C:\Users\vub01\.m2\repository\io\opentelemetry\opentelemetry-api\1.14.0\opentelemetry-api-1.14.0.jar;C:\Users\vub01\.m2\repository\io\opentelemetry\opentelemetry-context\1.14.0\opentelemetry-context-1.14.0.jar;C:\Users\vub01\.m2\repository\io\opentelemetry\opentelemetry-exporter-logging\1.14.0\opentelemetry-exporter-logging-1.14.0.jar;C:\Users\vub01\.m2\repository\io\opentelemetry\opentelemetry-sdk-metrics\1.14.0\opentelemetry-sdk-metrics-1.14.0.jar;C:\Users\vub01\.m2\repository\io\opentelemetry\opentelemetry-sdk-logs\1.14.0-alpha\opentelemetry-sdk-logs-1.14.0-alpha.jar;C:\Users\vub01\.m2\repository\io\opentelemetry\opentelemetry-sdk-common\1.14.0\opentelemetry-sdk-common-1.14.0.jar;C:\Users\vub01\.m2\repository\io\opentelemetry\opentelemetry-sdk-extension-autoconfigure-spi\1.14.0\opentelemetry-sdk-extension-autoconfigure-spi-1.14.0.jar;C:\Users\vub01\.m2\repository\io\opentelemetry\opentelemetry-sdk-extension-autoconfigure\1.14.0-alpha\opentelemetry-sdk-extension-autoconfigure-1.14.0-alpha.jar;C:\Users\vub01\.m2\repository\io\opentelemetry\opentelemetry-sdk-trace\1.14.0\opentelemetry-sdk-trace-1.14.0.jar;C:\Users\vub01\.m2\repository\io\opentelemetry\opentelemetry-sdk\1.14.0\opentelemetry-sdk-1.14.0.jar;C:\Users\vub01\.m2\repository\io\opentelemetry\opentelemetry-semconv\1.14.0-alpha\opentelemetry-semconv-1.14.0-alpha.jar;C:\Users\vub01\.m2\repository\io\ous\jtoml\2.0.0\jtoml-2.0.0.jar;C:\Users\vub01\.m2\repository\net\bytebuddy\byte-buddy\1.12.10\byte-buddy-1.12.10.jar;C:\Users\vub01\.m2\repository\org\apache\commons\commons-exec\1.3\commons-exec-1.3.jar;C:\Users\vub01\.m2\repository\org\asynchttpclient\async-http-client\2.12.3\async-http-client-2.12.3.jar;C:\Users\vub01\.m2\repository\org\asynchttpclient\async-http-client-netty-utils\2.12.3\async-http-client-netty-utils-2.12.3.jar;C:\Users\vub01\.m2\repository\org\seleniumhq\selenium\selenium-http\4.2.2\selenium-http-4.2.2.jar;C:\Users\vub01\.m2\repository\dev\failsafe\failsafe\3.2.4\failsafe-3.2.4.jar;C:\Users\vub01\.m2\repository\org\seleniumhq\selenium\selenium-json\4.2.2\selenium-json-4.2.2.jar;C:\Users\vub01\.m2\repository\io\netty\netty-buffer\4.1.95.Final\netty-buffer-4.1.95.Final.jar;C:\Users\vub01\.m2\repository\io\netty\netty-codec-http\4.1.95.Final\netty-codec-http-4.1.95.Final.jar;C:\Users\vub01\.m2\repository\io\netty\netty-codec\4.1.95.Final\netty-codec-4.1.95.Final.jar;C:\Users\vub01\.m2\repository\io\netty\netty-common\4.1.95.Final\netty-common-4.1.95.Final.jar;C:\Users\vub01\.m2\repository\io\netty\netty-resolver\4.1.95.Final\netty-resolver-4.1.95.Final.jar;C:\Users\vub01\.m2\repository\io\netty\netty-transport\4.1.95.Final\netty-transport-4.1.95.Final.jar;C:\Users\vub01\.m2\repository\com\typesafe\netty\netty-reactive-streams\2.0.8\netty-reactive-streams-2.0.8.jar;C:\Users\vub01\.m2\repository\org\reactivestreams\reactive-streams\1.0.4\reactive-streams-1.0.4.jar;C:\Users\vub01\.m2\repository\io\netty\netty-handler\4.1.95.Final\netty-handler-4.1.95.Final.jar;C:\Users\vub01\.m2\repository\com\sun\activation\jakarta.activation\2.0.1\jakarta.activation-2.0.1.jar;C:\Users\vub01\.m2\repository\io\netty\netty-codec-socks\4.1.94.Final\netty-codec-socks-4.1.94.Final.jar;C:\Users\vub01\.m2\repository\io\netty\netty-handler-proxy\4.1.94.Final\netty-handler-proxy-4.1.94.Final.jar;C:\Users\vub01\.m2\repository\io\netty\netty-transport-native-epoll\4.1.94.Final\netty-transport-native-epoll-4.1.94.Final.jar;C:\Users\vub01\.m2\repository\com\pojosontheweb\monte-repack\1.1\monte-repack-1.1.jar;C:\Users\vub01\.m2\repository\javax\media\jai\com.springsource.javax.media.jai.core\1.1.3\com.springsource.javax.media.jai.core-1.1.3.jar;C:\Users\vub01\.m2\repository\javax\media\jai\com.springsource.javax.media.jai.codec\1.1.3\com.springsource.javax.media.jai.codec-1.1.3.jar;C:\Users\vub01\.m2\repository\javax\media\jmf\2.1.1e\jmf-2.1.1e.jar;C:\Users\vub01\.m2\repository\org\jsoup\jsoup\1.15.3\jsoup-1.15.3.jar;C:\Users\vub01\.m2\repository\jakarta\mail\jakarta.mail-api\2.1.2\jakarta.mail-api-2.1.2.jar;C:\Users\vub01\.m2\repository\jakarta\activation\jakarta.activation-api\2.1.2\jakarta.activation-api-2.1.2.jar;C:\Users\vub01\.m2\repository\com\google\inject\guice\6.0.0\guice-6.0.0.jar;C:\Users\vub01\.m2\repository\javax\inject\javax.inject\1\javax.inject-1.jar;C:\Users\vub01\.m2\repository\jakarta\inject\jakarta.inject-api\2.0.1\jakarta.inject-api-2.0.1.jar;C:\Users\vub01\.m2\repository\aopalliance\aopalliance\1.0\aopalliance-1.0.jar;C:\Users\vub01\.m2\repository\net\lingala\zip4j\zip4j\2.11.5\zip4j-2.11.5.jar;C:\Users\vub01\.m2\repository\org\apache\httpcomponents\httpclient\4.5.14\httpclient-4.5.14.jar;C:\Users\vub01\.m2\repository\org\apache\httpcomponents\httpcore\4.4.16\httpcore-4.4.16.jar;C:\Users\vub01\.m2\repository\commons-logging\commons-logging\1.2\commons-logging-1.2.jar;C:\Users\vub01\.m2\repository\com\google\code\gson\gson\2.9.0\gson-2.9.0.jar;C:\Users\vub01\.m2\repository\org\apache\ant\ant\1.10.12\ant-1.10.12.jar;C:\Users\vub01\.m2\repository\org\apache\ant\ant-launcher\1.10.12\ant-launcher-1.10.12.jar;C:\Users\vub01\.m2\repository\io\cucumber\cucumber-testng\7.2.3\cucumber-testng-7.2.3.jar;C:\Users\vub01\.m2\repository\org\apiguardian\apiguardian-api\1.1.2\apiguardian-api-1.1.2.jar;C:\Users\vub01\.m2\repository\org\webjars\jquery\3.6.4\jquery-3.6.4.jar;C:\Users\vub01\.m2\repository\org\apache\poi\poi-ooxml\5.2.3\poi-ooxml-5.2.3.jar;C:\Users\vub01\.m2\repository\org\apache\poi\poi\5.2.3\poi-5.2.3.jar;C:\Users\vub01\.m2\repository\org\apache\commons\commons-math3\3.6.1\commons-math3-3.6.1.jar;C:\Users\vub01\.m2\repository\com\zaxxer\SparseBitSet\1.2\SparseBitSet-1.2.jar;C:\Users\vub01\.m2\repository\org\apache\poi\poi-ooxml-lite\5.2.3\poi-ooxml-lite-5.2.3.jar;C:\Users\vub01\.m2\repository\com\github\virtuald\curvesapi\1.07\curvesapi-1.07.jar;C:\Users\vub01\.m2\repository\org\apache\logging\log4j\log4j-api\2.18.0\log4j-api-2.18.0.jar;C:\Users\vub01\.m2\repository\org\apache\commons\commons-collections4\4.4\commons-collections4-4.4.jar;C:\Users\vub01\.m2\repository\org\apache\commons\commons-compress\1.23.0\commons-compress-1.23.0.jar;C:\Users\vub01\.m2\repository\org\apache\xmlbeans\xmlbeans\4.0.0\xmlbeans-4.0.0.jar;C:\Users\vub01\.m2\repository\org\apache\pdfbox\pdfbox\2.0.26\pdfbox-2.0.26.jar;C:\Users\vub01\.m2\repository\org\apache\pdfbox\fontbox\2.0.26\fontbox-2.0.26.jar;C:\Users\vub01\.m2\repository\org\slf4j\slf4j-api\2.0.7\slf4j-api-2.0.7.jar;C:\Users\vub01\.m2\repository\ch\qos\logback\logback-classic\1.3.8\logback-classic-1.3.8.jar;C:\Users\vub01\.m2\repository\ch\qos\logback\logback-core\1.3.8\logback-core-1.3.8.jar;C:\Users\vub01\.m2\repository\commons-codec\commons-codec\1.16.0\commons-codec-1.16.0.jar;C:\Users\vub01\.m2\repository\commons-io\commons-io\2.13.0\commons-io-2.13.0.jar;C:\Users\vub01\.m2\repository\io\cucumber\cucumber-guice\7.2.3\cucumber-guice-7.2.3.jar;C:\Users\vub01\.m2\repository\io\cucumber\tag-expressions\5.0.2\tag-expressions-5.0.2.jar;C:\Users\vub01\.m2\repository\io\cucumber\cucumber-expressions\16.1.2\cucumber-expressions-16.1.2.jar;C:\Users\vub01\.m2\repository\io\cucumber\cucumber-core\7.2.3\cucumber-core-7.2.3.jar;C:\Users\vub01\.m2\repository\io\cucumber\cucumber-gherkin\7.2.3\cucumber-gherkin-7.2.3.jar;C:\Users\vub01\.m2\repository\io\cucumber\cucumber-gherkin-messages\7.2.3\cucumber-gherkin-messages-7.2.3.jar;C:\Users\vub01\.m2\repository\io\cucumber\messages\17.1.1\messages-17.1.1.jar;C:\Users\vub01\.m2\repository\io\cucumber\datatable\7.2.3\datatable-7.2.3.jar;C:\Users\vub01\.m2\repository\io\cucumber\cucumber-plugin\7.2.3\cucumber-plugin-7.2.3.jar;C:\Users\vub01\.m2\repository\io\cucumber\docstring\7.2.3\docstring-7.2.3.jar;C:\Users\vub01\.m2\repository\io\cucumber\html-formatter\17.0.0\html-formatter-17.0.0.jar;C:\Users\vub01\.m2\repository\io\cucumber\ci-environment\8.1.0\ci-environment-8.1.0.jar;C:\Users\vub01\.m2\repository\io\cucumber\cucumber-java\7.2.3\cucumber-java-7.2.3.jar;C:\Users\vub01\.m2\repository\io\cucumber\cucumber-junit\7.2.3\cucumber-junit-7.2.3.jar;C:\Users\vub01\.m2\repository\io\cucumber\cucumber-jvm-deps\1.0.6\cucumber-jvm-deps-1.0.6.jar;C:\Users\vub01\.m2\repository\mx4j\mx4j\3.0.2\mx4j-3.0.2.jar;C:\Users\vub01\.m2\repository\org\apache\maven\plugin-tools\maven-plugin-annotations\3.8.2\maven-plugin-annotations-3.8.2.jar;C:\Users\vub01\.m2\repository\org\codehaus\plexus\plexus-utils\3.4.0\plexus-utils-3.4.0.jar;C:\Users\vub01\.m2\repository\io\rest-assured\rest-assured\5.3.1\rest-assured-5.3.1.jar;C:\Users\vub01\.m2\repository\org\apache\groovy\groovy\4.0.11\groovy-4.0.11.jar;C:\Users\vub01\.m2\repository\org\apache\groovy\groovy-xml\4.0.11\groovy-xml-4.0.11.jar;C:\Users\vub01\.m2\repository\io\rest-assured\json-path\5.3.1\json-path-5.3.1.jar;C:\Users\vub01\.m2\repository\org\apache\groovy\groovy-json\4.0.11\groovy-json-4.0.11.jar;C:\Users\vub01\.m2\repository\io\rest-assured\rest-assured-common\5.3.1\rest-assured-common-5.3.1.jar;C:\Users\vub01\.m2\repository\io\rest-assured\xml-path\5.3.1\xml-path-5.3.1.jar;C:\Users\vub01\.m2\repository\org\apache\commons\commons-lang3\3.11\commons-lang3-3.11.jar;C:\Users\vub01\.m2\repository\com\aventstack\extentreports\5.0.9\extentreports-5.0.9.jar;C:\Users\vub01\.m2\repository\org\apache\httpcomponents\httpmime\4.5.14\httpmime-4.5.14.jar;C:\Users\vub01\.m2\repository\org\codehaus\groovy\groovy\3.0.11\groovy-3.0.11.jar;C:\Users\vub01\.m2\repository\com\fasterxml\jackson\core\jackson-databind\2.15.3\jackson-databind-2.15.3.jar;C:\Users\vub01\.m2\repository\com\fasterxml\jackson\core\jackson-annotations\2.15.3\jackson-annotations-2.15.3.jar;C:\Users\vub01\.m2\repository\com\fasterxml\jackson\core\jackson-core\2.15.3\jackson-core-2.15.3.jar;C:\Users\vub01\.m2\repository\org\eclipse\jetty\jetty-io\11.0.15\jetty-io-11.0.15.jar;C:\Users\vub01\.m2\repository\org\eclipse\jetty\jetty-util\11.0.15\jetty-util-11.0.15.jar;C:\Users\vub01\.m2\repository\org\yaml\snakeyaml\2.0\snakeyaml-2.0.jar;C:\Users\vub01\.m2\repository\io\cucumber\gherkin\22.0.0\gherkin-22.0.0.jar;C:\Users\vub01\.m2\repository\org\springframework\spring-beans\5.3.27\spring-beans-5.3.27.jar;C:\Users\vub01\.m2\repository\org\springframework\spring-core\5.3.27\spring-core-5.3.27.jar;C:\Users\vub01\.m2\repository\org\springframework\spring-jcl\5.3.27\spring-jcl-5.3.27.jar;C:\Users\vub01\.m2\repository\org\springframework\spring-context\5.3.27\spring-context-5.3.27.jar;C:\Users\vub01\.m2\repository\org\springframework\spring-aop\5.3.27\spring-aop-5.3.27.jar;C:\Users\vub01\.m2\repository\org\springframework\spring-expression\5.3.27\spring-expression-5.3.27.jar;C:\Users\vub01\.m2\repository\org\testng\testng\7.3.0\testng-7.3.0.jar;C:\Users\vub01\.m2\repository\com\browserstack\browserstack-local-java\1.1.0\browserstack-local-java-1.1.0.jar;C:\Users\vub01\.m2\repository\org\json\json\20230227\json-20230227.jar;C:\Users\vub01\.m2\repository\com\beust\jcommander\1.82\jcommander-1.82.jar;"/>
    <property name="sun.cpu.endian" value="little"/>
    <property name="user.home" value="C:\Users\vub01"/>
    <property name="user.language" value="en"/>
    <property name="is.one.step.one.def" value="true"/>
    <property name="java.specification.vendor" value="Oracle Corporation"/>
    <property name="java.version.date" value="2022-10-18"/>
    <property name="java.home" value="C:\Program Files\Eclipse Adoptium\jdk-11.0.17.8-hotspot"/>
    <property name="runMode" value=""/>
    <property name="file.separator" value="\"/>
    <property name="style.color" value="always"/>
    <property name="basedir" value="C:\Users\vub01\EmplBenefit POC\Pega_CRM_Selenium_UI_TestFramework_V4.2.2\ootb-selenium-tests"/>
    <property name="java.vm.compressedOopsMode" value="Zero based"/>
    <property name="line.separator" value="&#10;"/>
    <property name="java.specification.name" value="Java Platform API Specification"/>
    <property name="java.vm.specification.vendor" value="Oracle Corporation"/>
    <property name="java.awt.graphicsenv" value="sun.awt.Win32GraphicsEnvironment"/>
    <property name="surefire.real.class.path" value="C:\Users\vub01\AppData\Local\Temp\surefire4403065942767574620\surefirebooter-20240626191942645_3.jar"/>
    <property name="user.script" value=""/>
    <property name="sun.management.compiler" value="HotSpot 64-Bit Tiered Compilers"/>
    <property name="java.runtime.version" value="11.0.17+8"/>
    <property name="user.name" value="vub01"/>
    <property name="path.separator" value=";"/>
    <property name="os.version" value="10.0"/>
    <property name="java.runtime.name" value="OpenJDK Runtime Environment"/>
    <property name="file.encoding" value="UTF-8"/>
    <property name="java.vm.name" value="OpenJDK 64-Bit Server VM"/>
    <property name="java.vendor.version" value="Temurin-11.0.17+8"/>
    <property name="localRepository" value="C:\Users\vub01\.m2\repository"/>
    <property name="cucumber.options" value=" --tags                                 @Platform3POCCheck                                 --plugin pretty                                 --plugin                                 html:latestreports/@Platform3POCCheck/cucumber-htmlreport.html                                 --plugin                                 junit:latestreports/@Platform3POCCheck/cucumber-junitreport.xml                                 --plugin                                 json:latestreports/@Platform3POCCheck/cucumber-report.json"/>
    <property name="java.vendor.url.bug" value="https://github.com/adoptium/adoptium-support/issues"/>
    <property name="java.io.tmpdir" value="C:\Users\vub01\AppData\Local\Temp\"/>
    <property name="cucumber.filter.tags" value="@Platform3POCCheck"/>
    <property name="java.version" value="11.0.17"/>
    <property name="user.dir" value="C:\Users\vub01\EmplBenefit POC\Pega_CRM_Selenium_UI_TestFramework_V4.2.2\ootb-selenium-tests"/>
    <property name="os.arch" value="amd64"/>
    <property name="java.vm.specification.name" value="Java Virtual Machine Specification"/>
    <property name="java.awt.printerjob" value="sun.awt.windows.WPrinterJob"/>
    <property name="sun.os.patch.level" value=""/>
    <property name="l10n.bundle.path" value=""/>
    <property name="java.library.path" value="C:\Program Files\Eclipse Adoptium\jdk-11.0.17.8-hotspot\bin;C:\Windows\Sun\Java\bin;C:\Windows\system32;C:\Windows;C:/Users/yerrn/.p2/pool/plugins/org.eclipse.justj.openjdk.hotspot.jre.full.win32.x86_64_17.0.11.v20240426-1830/jre/bin/server;C:/Users/yerrn/.p2/pool/plugins/org.eclipse.justj.openjdk.hotspot.jre.full.win32.x86_64_17.0.11.v20240426-1830/jre/bin;C:\app\puttr\product\21c\dbhomeXE\bin;C:\Program Files\Eclipse Adoptium\jdk-11.0.17.8-hotspot\bin;C:\Program Files (x86)\Common Files\Oracle\Java\javapath;C:\oraclexe\app\oracle\product\11.2.0\server\bin;C:\Windows\system32;C:\Windows;C:\Windows\System32\Wbem;C:\Windows\System32\WindowsPowerShell\v1.0\;E:\Ranjith\Tools\apache-jmeter-5.5\apache-jmeter-5.5\bin;C:\Program Files\Eclipse Adoptium\jdk-11.0.17.8-hotspot\\bin;C:\Program Files\ibm\gsk8\lib64;C:\Program Files (x86)\ibm\gsk8\lib;C:\Program Files (x86)\Microsoft SQL Server\160\DTS\Binn\;C:\Program Files\Azure Data Studio\bin;C:\Program Files (x86)\Microsoft SQL Server\160\Tools\Binn\;C:\Program Files\Microsoft SQL Server\160\Tools\Binn\;C:\Program Files\Microsoft SQL Server\Client SDK\ODBC\170\Tools\Binn\;C:\Program Files\Microsoft SQL Server\160\DTS\Binn\;C:\PROGRA~1\IBM\SQLLIB\BIN;C:\PROGRA~1\IBM\SQLLIB\FUNCTION;C:\PROGRA~1\IBM\SQLLIB\SAMPLES\REPL;C:\Program Files\apache-maven-3.9.7\bin;C:\Users\vub01\AppData\Local\Microsoft\WindowsApps;E:\eclipse\eclipse;;."/>
    <property name="java.vm.info" value="mixed mode"/>
    <property name="java.vendor" value="Eclipse Adoptium"/>
    <property name="java.vm.version" value="11.0.17+8"/>
    <property name="l10n.language" value="en"/>
    <property name="sun.io.unicode.encoding" value="UnicodeLittle"/>
    <property name="java.class.version" value="55.0"/>
  </properties>
  <testcase name="runScenario[&quot;Verify Employee Benefits case creation&quot;, &quot;Optional[New Employee Benfits Case creation]&quot;](1)" classname="RunCukesTest" time="116.345">
    <system-out><![CDATA[19:19:46.415 [main] INFO  com.pega.config.SUTConfig - Setting is.pipeline.run property to false
19:19:46.436 [main] INFO  com.pega.config.SUTConfig - Debug mode is: false
19:19:46.437 [main] INFO  com.pega.config.SUTConfig - Attach PRPC logs?false
19:19:46.437 [main] INFO  com.pega.TestEnvironmentImpl - Logger level is set to : INFO
19:19:49.135 [main] INFO  com.pega.drivers.PegaChromeDriver - Chrome Driver launched successfully
19:19:49.289 [main] INFO  com.pega.TestEnvironmentImpl - Driver is initialised::ChromeDriver: chrome on WINDOWS (6dee274d5328c91e995cb61a82c69506)
19:19:49.290 [main] INFO  com.pega.Browser - Opening the URL
19:19:51.087 [main] INFO  com.pega.config.SUTConfig - Setting is.pipeline.run property to false
19:19:51.087 [main] INFO  com.pega.config.SUTConfig - Debug mode is: false
19:19:51.087 [main] INFO  com.pega.config.SUTConfig - Attach PRPC logs?false
19:19:51.088 [main] INFO  com.pega.TestEnvironmentImpl - Logger level is set to : INFO
19:19:52.710 [main] INFO  com.pega.drivers.PegaChromeDriver - Chrome Driver launched successfully
19:19:52.791 [main] INFO  com.pega.TestEnvironmentImpl - Driver is initialised::ChromeDriver: chrome on WINDOWS (7647bd7913ceea318cccfe0025773ea7)
19:19:52.791 [main] INFO  com.pega.Browser - Opening the URL
19:19:54.576 [main] INFO  com.pega.Browser - Opening the URL
19:19:55.265 [main] INFO  com.pega.Browser - Logging in the user
19:19:55.266 [main] INFO  com.pega.framework.PegaWebDriver - element identification by logic:By.id: txtUserID
19:19:55.357 [main] INFO  com.pega.framework.PegaWebDriver - element identification by logic:By.id: txtPassword
19:19:55.587 [main] INFO  com.pega.framework.PegaWebDriver - element identification by logic:By.name: pyActivity=Code-Security.Login
19:20:27.645 [main] INFO  com.pega.sync.WaitForDocStateReady - !!! Document state div was never identified...are you sure your system is doc state aware?
19:20:57.732 [main] INFO  com.pega.sync.WaitForDocStateReady - !!! Document state div was never identified...are you sure your system is doc state aware?
19:20:57.784 [main] INFO  com.pega.Browser - is the login via application specific URL? : false
19:20:57.794 [main] INFO  com.pega.Browser - +-+-+-+-+-+-+-+-+-+-+-+-+-+-+-+-+-+-+-+-+-+-+-+-+-+-+-+-+--+-+
19:20:57.794 [main] INFO  com.pega.Browser - isCosmos : false
19:20:57.795 [main] INFO  com.pega.Browser - isConstellation : true
19:20:57.795 [main] INFO  com.pega.Browser - +-+-+-+-+-+-+-+-+-+-+-+-+-+-+-+-+-+-+-+-+-+-+-+-+-+-+-+-+--+-+
19:20:57.799 [main] INFO  com.pega.framework.PegaWebDriver - element identification by logic:By.xpath: (//button[@type='button'])[6]
19:20:58.985 [main] INFO  com.pega.sync.Throbber - Throbbing never started
19:20:59.003 [main] INFO  com.pega.framework.PegaWebDriver - element identification by logic:By.xpath: //*[@data-testid=':summary-item:primary' and normalize-space()='Individual Employee Benefits']
19:21:00.155 [main] INFO  com.pega.sync.Throbber - Throbbing never started
19:21:00.179 [main] INFO  com.pega.framework.PegaWebDriver - element identification by logic:By.xpath: //*[@data-testid='Company Name:input:control']
19:21:00.481 [main] INFO  com.pega.framework.PegaWebDriver - element identification by logic:By.xpath: //*[@data-testid='Point of Contact Email:input:control']
19:21:00.606 [main] INFO  com.pega.framework.PegaWebDriver - element identification by logic:By.xpath: //label[contains(@for, 'ManualAddressOrGMAP.Manual')]
19:21:01.800 [main] INFO  com.pega.sync.Throbber - Throbbing never started
19:21:01.858 [main] INFO  com.pega.framework.PegaWebDriver - element identification by logic:By.xpath: //*[@data-testid='Country:combo-box:control']
19:21:01.914 [main] INFO  com.pega.framework.PegaWebDriver - element identification by logic:By.xpath: //*[@data-testid='Country:combo-box:control']
19:21:02.064 [main] INFO  com.pega.framework.PegaWebDriver - element identification by logic:By.xpath: //*[@data-testid='Country:combo-box:control']
19:21:02.325 [main] INFO  com.pega.framework.PegaWebDriver - element identification by logic:By.xpath: //*[@data-testid='Address Line 1:input:control']
19:21:03.507 [main] INFO  com.pega.sync.Throbber - Throbbing never started
19:21:03.526 [main] INFO  com.pega.framework.PegaWebDriver - element identification by logic:By.xpath: //*[@data-testid='Address Line 1:input:control']
19:21:03.639 [main] INFO  com.pega.framework.PegaWebDriver - element identification by logic:By.xpath: //*[@data-testid='City / Town:input:control']
19:21:04.790 [main] INFO  com.pega.sync.Throbber - Throbbing never started
19:21:04.809 [main] INFO  com.pega.framework.PegaWebDriver - element identification by logic:By.xpath: //*[@data-testid='City / Town:input:control']
19:21:05.013 [main] INFO  com.pega.framework.PegaWebDriver - element identification by logic:By.xpath: //*[@data-testid='Postal Code:input:control']
19:21:05.119 [main] INFO  com.pega.framework.PegaWebDriver - element identification by logic:By.xpath: //*[@data-testid='Number of Insured Persons:number-input:control']
19:21:05.250 [main] INFO  com.pega.framework.PegaWebDriver - element identification by logic:By.xpath: //button[@name='next']
19:21:06.423 [main] INFO  com.pega.sync.Throbber - Throbbing never started
19:21:06.444 [main] INFO  com.pega.framework.PegaWebDriver - element identification by logic:By.xpath: //*[@data-testid='Agent Key:input:control']
19:21:06.501 [main] INFO  com.pega.framework.PegaWebDriver - element identification by logic:By.xpath: //button[@name='next']
19:21:07.690 [main] INFO  com.pega.sync.Throbber - Throbbing never started
19:21:07.709 [main] INFO  com.pega.framework.PegaWebDriver - element identification by logic:By.xpath: //*[@data-testid='Coverage:number-input:control']
19:21:08.130 [main] INFO  com.pega.framework.PegaWebDriver - element identification by logic:By.xpath: //*[@data-testid='Deductible:number-input:control']
19:21:08.232 [main] INFO  com.pega.framework.PegaWebDriver - element identification by logic:By.xpath: //*[@data-testid='National Coinsurance:number-input:control']
19:21:08.535 [main] INFO  com.pega.framework.PegaWebDriver - element identification by logic:By.xpath: //*[@data-testid='Insured Holders:number-input:control']
19:21:08.646 [main] INFO  com.pega.framework.PegaWebDriver - element identification by logic:By.xpath: //*[@data-testid='Total Insured:number-input:control']
19:21:09.120 [main] INFO  com.pega.framework.PegaWebDriver - element identification by logic:By.xpath: (//label[text()='Include RDH']//child::div)[1]
19:21:10.266 [main] INFO  com.pega.sync.Throbber - Throbbing never started
19:21:10.285 [main] INFO  com.pega.framework.PegaWebDriver - element identification by logic:By.xpath: (//label[text()='Include Dental and Vision Coverages']//child::div)[1]
19:21:11.422 [main] INFO  com.pega.sync.Throbber - Throbbing never started
19:21:11.442 [main] INFO  com.pega.framework.PegaWebDriver - element identification by logic:By.xpath: //button[@name='next']
19:21:12.576 [main] INFO  com.pega.sync.Throbber - Throbbing never started
19:21:13.397 [main] INFO  com.pega.framework.PegaWebDriver - element identification by logic:By.xpath: //button[@name='next']
19:21:14.530 [main] INFO  com.pega.sync.Throbber - Throbbing never started
19:21:14.640 [main] INFO  com.pega.framework.PegaWebDriver - element identification by logic:By.xpath: //button[@name='Ignore']
19:21:14.707 [main] INFO  com.pega.framework.PegaWebDriver - element identification by logic:By.xpath: //button[@name='Ignore']
19:21:15.854 [main] INFO  com.pega.sync.Throbber - Throbbing never started
19:21:15.873 [main] INFO  com.pega.framework.PegaWebDriver - element identification by logic:By.xpath: //div//*[contains(text(),'SLIP File')]//following::div[1]//input
19:21:15.958 [main] INFO  com.pega.framework.PegaWebDriver - element identification by logic:By.xpath: //div//*[contains(text(),'Employee Listing')]//following::div[1]//input
19:21:26.032 [main] INFO  com.pega.framework.PegaWebDriver - element identification by logic:By.xpath: //button[@name='next']
19:21:27.181 [main] INFO  com.pega.sync.Throbber - Throbbing never started
19:21:27.212 [main] INFO  com.pega.framework.PegaWebDriver - element identification by logic:By.xpath: (//dd[@data-testid='Include RDH:field-value-item:value']//child::span)[1]
19:21:27.272 [main] INFO  com.pega.framework.PegaWebDriver - element identification by logic:By.xpath: //button[@name='submit']
19:21:28.451 [main] INFO  com.pega.sync.Throbber - Throbbing never started
19:21:28.474 [main] INFO  com.pega.framework.PegaWebDriver - element identification by logic:By.xpath: //*[text()='Work Status']//following-sibling::dd
Status Text==>DOCUMENT-RECEIVED
19:21:28.523 [main] INFO  com.pega.framework.PegaWebDriver - element identification by logic:By.xpath: //*[text()='Individual Employee Benefits']//following-sibling::p
Verify Case Detail Step: CaseID==>I-7014
19:21:28.578 [main] INFO  com.pega.framework.PegaWebDriver - element identification by logic:By.xpath: //*[contains(text(),'U@')]
19:21:29.709 [main] INFO  com.pega.sync.Throbber - Throbbing never started
19:21:29.727 [main] INFO  com.pega.framework.PegaWebDriver - element identification by logic:By.xpath: //*[contains(text(),'Log off')]
19:21:31.586 [main] INFO  com.pega.sync.Throbber - Throbbing never started
19:21:31.613 [main] INFO  com.pega.Browser - FINE https://lab-00958-bos.lab.pega.com/prweb/app/default/beEBp4uRVTogorRwSwWqbOtn9IL2fwdI*/!STANDARD - [DOM] Multiple forms should be contained in their own form elements; break up complex forms into ones that represent a single action: (More info: https://goo.gl/9p2vKq) %o
19:21:31.613 [main] INFO  com.pega.Browser - FINE https://lab-00958-bos.lab.pega.com/prweb/app/default/beEBp4uRVTogorRwSwWqbOtn9IL2fwdI*/!STANDARD - [DOM] Multiple forms should be contained in their own form elements; break up complex forms into ones that represent a single action: (More info: https://goo.gl/9p2vKq) %o
19:21:31.613 [main] INFO  com.pega.Browser - INFO https://prod-cdn.constellation.pega.io/8.23.2-464/react/prod/prerequisite/constellation-core.8a058169.js 1:127107 "asset-loader.initServer(https://prod-cdn.constellation.pega.io/8.23.2-464/react/prod/, no-appstatic)"
19:21:31.613 [main] INFO  com.pega.Browser - INFO https://prod-cdn.constellation.pega.io/8.23.2-464/react/prod/prerequisite/constellation-core.8a058169.js 1:127647 "asset-loader.initServer() staticServerURL=https://prod-cdn.constellation.pega.io/8.23.2-464/react/prod/, appStaticUrl=https://prod-cdn.constellation.pega.io/8.23.2-464/react/prod/, pegaOnlyUrl=true)"
19:21:31.614 [main] INFO  com.pega.Browser - INFO https://prod-cdn.constellation.pega.io/8.23.2-464/react/prod/prerequisite/constellation-core.8a058169.js 1:127107 "asset-loader.initServer(https://prod-cdn.constellation.pega.io/8.23.2-464/react/prod/, https://prod.constellation.pega.io/c11n-appstatic/8.23.2-464/)"
19:21:31.614 [main] INFO  com.pega.Browser - INFO https://prod-cdn.constellation.pega.io/8.23.2-464/react/prod/prerequisite/constellation-core.8a058169.js 1:127647 "asset-loader.initServer() staticServerURL=https://prod-cdn.constellation.pega.io/8.23.2-464/react/prod/, appStaticUrl=https://prod.constellation.pega.io/c11n-appstatic/8.23.2-464/, pegaOnlyUrl=true)"
19:21:31.614 [main] INFO  com.pega.Browser - INFO https://prod-cdn.constellation.pega.io/8.23.2-464/react/prod/prerequisite/constellation-core.8a058169.js 1:279472 "MS : 1719409799038"
19:21:31.614 [main] INFO  com.pega.Browser - FINE https://lab-00958-bos.lab.pega.com/prweb/app/employee-benefits/beEBp4uRVTogorRwSwWqbOtn9IL2fwdI*/!STANDARD?pzuiactionrrr=CXtpbn1sS2dwQWpJM2ZNOEdha296cjlISmtQcDZad2pnS1h0c21HRHpmUmVmSVRMSlYyR3hWcjBqV1JmUFFoV3BQbWU5dHFkT3JKS1dDb0RZanhmVSt3M0ZQQT09* - [DOM] Input elements should have autocomplete attributes (suggested: "current-password"): (More info: https://goo.gl/9p2vKq) %o
19:21:31.614 [main] INFO  com.pega.Browser - WARNING https://lab-00958-bos.lab.pega.com/prweb/app/employee-benefits/beEBp4uRVTogorRwSwWqbOtn9IL2fwdI*/!STANDARD?pzuiactionrrr=CXtpbn1sS2dwQWpJM2ZNOEdha296cjlISmtQcDZad2pnS1h0c21HRHpmUmVmSVRMSlYyR3hWcjBqV1JmUFFoV3BQbWU5dHFkT3JKS1dDb0RZanhmVSt3M0ZQQT09* - Failed to decode downloaded font: https://lab-00958-bos.lab.pega.com/prweb/PRRestService/oauth2/v1/webwb/webwb/pxfont-OpenSans-Bold.woff2
19:21:31.614 [main] INFO  com.pega.Browser - WARNING https://lab-00958-bos.lab.pega.com/prweb/app/employee-benefits/beEBp4uRVTogorRwSwWqbOtn9IL2fwdI*/!STANDARD?pzuiactionrrr=CXtpbn1sS2dwQWpJM2ZNOEdha296cjlISmtQcDZad2pnS1h0c21HRHpmUmVmSVRMSlYyR3hWcjBqV1JmUFFoV3BQbWU5dHFkT3JKS1dDb0RZanhmVSt3M0ZQQT09* - Failed to decode downloaded font: https://lab-00958-bos.lab.pega.com/prweb/PRRestService/oauth2/v1/webwb/webwb/pxfont-OpenSans-Regular.woff2
19:21:31.614 [main] INFO  com.pega.Browser - WARNING https://lab-00958-bos.lab.pega.com/prweb/app/employee-benefits/beEBp4uRVTogorRwSwWqbOtn9IL2fwdI*/!STANDARD?pzuiactionrrr=CXtpbn1sS2dwQWpJM2ZNOEdha296cjlISmtQcDZad2pnS1h0c21HRHpmUmVmSVRMSlYyR3hWcjBqV1JmUFFoV3BQbWU5dHFkT3JKS1dDb0RZanhmVSt3M0ZQQT09* - Failed to decode downloaded font: https://lab-00958-bos.lab.pega.com/prweb/PRRestService/oauth2/v1/webwb/webwb/pxfont-OpenSans-Bold.woff
19:21:31.615 [main] INFO  com.pega.Browser - WARNING https://lab-00958-bos.lab.pega.com/prweb/app/employee-benefits/beEBp4uRVTogorRwSwWqbOtn9IL2fwdI*/!STANDARD?pzuiactionrrr=CXtpbn1sS2dwQWpJM2ZNOEdha296cjlISmtQcDZad2pnS1h0c21HRHpmUmVmSVRMSlYyR3hWcjBqV1JmUFFoV3BQbWU5dHFkT3JKS1dDb0RZanhmVSt3M0ZQQT09* - Failed to decode downloaded font: https://lab-00958-bos.lab.pega.com/prweb/PRRestService/oauth2/v1/webwb/webwb/pxfont-OpenSans-Regular.woff
19:21:31.615 [main] INFO  com.pega.Browser - *****printing only Browser console errors*****

19:21:31.615 [main] INFO  com.pega.Browser - ****END OF BROWSER CONSOLE LOGS*****
19:21:34.628 [main] INFO  com.pega.Browser - Switching successful to window no: 1
19:21:34.628 [main] INFO  com.pega.Browser - Performing Log off operation
19:21:36.362 [main] INFO  com.pega.config.test.TestBase - Browser terminated...
]]></system-out>
    <system-err><![CDATA[Jun 26, 2024 7:19:44 PM io.cucumber.guice.InjectorSourceFactory loadInjectorSourceFromProperties
WARNING: The 'guice.injector-source' property has been deprecated.Add a class implementing 'io.cucumber.guice.InjectorSource' on the glue path instead
Jun 26, 2024 7:19:46 PM org.openqa.selenium.remote.RemoteWebDriver startSession
WARNING: Support for Legacy Capabilities is deprecated; You are sending the following invalid capabilities: [loggingPrefs, unexpectedAlertBehaviour]; Please update to W3C Syntax: https://www.selenium.dev/blog/2022/legacy-protocol-support/
Starting ChromeDriver 126.0.6478.62 (b2781ca4c383af675f7a25c7b03b4a54e25e559a-refs/branch-heads/6478_56@{#4}) on port 52198
Only local connections are allowed.
Please see https://chromedriver.chromium.org/security-considerations for suggestions on keeping ChromeDriver safe.
ChromeDriver was started successfully.
Jun 26, 2024 7:19:48 PM org.openqa.selenium.remote.ProtocolHandshake createSession
INFO: Detected upstream dialect: W3C
Jun 26, 2024 7:19:48 PM org.openqa.selenium.remote.ProtocolHandshake createSession
WARNING: Support for Legacy Capabilities is deprecated; You are sending the following invalid capabilities: [loggingPrefs, unexpectedAlertBehaviour]; Please update to W3C Syntax: https://www.selenium.dev/blog/2022/legacy-protocol-support/
Jun 26, 2024 7:19:49 PM org.openqa.selenium.devtools.CdpVersionFinder findNearestMatch
WARNING: Unable to find an exact match for CDP version 126, so returning the closest version found: a no-op implementation
Jun 26, 2024 7:19:49 PM org.openqa.selenium.devtools.CdpVersionFinder findNearestMatch
INFO: Unable to find CDP implementation matching 126.
Jun 26, 2024 7:19:49 PM org.openqa.selenium.chromium.ChromiumDriver lambda$new$3
WARNING: Unable to find version of CDP to use for . You may need to include a dependency on a specific version of the CDP using something similar to `org.seleniumhq.selenium:selenium-devtools-v86:4.2.2` where the version ("v86") matches the version of the chromium-based browser you're using and the version number of the artifact is the same as Selenium's.
Jun 26, 2024 7:19:51 PM org.openqa.selenium.remote.RemoteWebDriver startSession
WARNING: Support for Legacy Capabilities is deprecated; You are sending the following invalid capabilities: [loggingPrefs, unexpectedAlertBehaviour]; Please update to W3C Syntax: https://www.selenium.dev/blog/2022/legacy-protocol-support/
Starting ChromeDriver 126.0.6478.62 (b2781ca4c383af675f7a25c7b03b4a54e25e559a-refs/branch-heads/6478_56@{#4}) on port 59958
Only local connections are allowed.
Please see https://chromedriver.chromium.org/security-considerations for suggestions on keeping ChromeDriver safe.
ChromeDriver was started successfully.
Jun 26, 2024 7:19:52 PM org.openqa.selenium.remote.ProtocolHandshake createSession
INFO: Detected upstream dialect: W3C
Jun 26, 2024 7:19:52 PM org.openqa.selenium.remote.ProtocolHandshake createSession
WARNING: Support for Legacy Capabilities is deprecated; You are sending the following invalid capabilities: [loggingPrefs, unexpectedAlertBehaviour]; Please update to W3C Syntax: https://www.selenium.dev/blog/2022/legacy-protocol-support/
Jun 26, 2024 7:19:52 PM org.openqa.selenium.devtools.CdpVersionFinder findNearestMatch
WARNING: Unable to find an exact match for CDP version 126, so returning the closest version found: a no-op implementation
Jun 26, 2024 7:19:52 PM org.openqa.selenium.devtools.CdpVersionFinder findNearestMatch
INFO: Unable to find CDP implementation matching 126.
Jun 26, 2024 7:19:52 PM org.openqa.selenium.chromium.ChromiumDriver lambda$new$3
WARNING: Unable to find version of CDP to use for . You may need to include a dependency on a specific version of the CDP using something similar to `org.seleniumhq.selenium:selenium-devtools-v86:4.2.2` where the version ("v86") matches the version of the chromium-based browser you're using and the version number of the artifact is the same as Selenium's.
]]></system-err>
  </testcase>
</testsuite>