<?xml version="1.0" encoding="UTF-8"?>
<!-- Generated by org.testng.reporters.JUnitReportReporter -->
<testsuite hostname="HYD-PCI-NOD-T01" failures="0" tests="7" name="RunCukesTest" time="64.299" errors="7" timestamp="2024-06-13T13:04:47 IST" skipped="0">
  <testcase classname="RunCukesTest" name="runScenario" time="8.534">
    <error message="unknown error: net::ERR_CONNECTION_RESET
  (Session info: chrome=125.0.6422.142)
Build info: version: &#039;4.2.2&#039;, revision: &#039;683ccb65d6&#039;
System info: host: &#039;HYD-PCI-NOD-T01&#039;, ip: &#039;192.168.56.1&#039;, os.name: &#039;Windows Server 2016&#039;, os.arch: &#039;amd64&#039;, os.version: &#039;10.0&#039;, java.version: &#039;11.0.17&#039;
Driver info: org.openqa.selenium.chrome.ChromeDriver
Command: [d0835af38f9221558c40ffd911993750, get {url=https://veishydcnt04163.lab.pega.com/prweb}]
Capabilities {acceptInsecureCerts: false, browserName: chrome, browserVersion: 125.0.6422.142, chrome: {chromedriverVersion: 125.0.6422.141 (4b1e8393712..., userDataDir: C:\Program Files\scoped_dir...}, fedcm:accounts: true, goog:chromeOptions: {debuggerAddress: localhost:63362}, networkConnectionEnabled: false, pageLoadStrategy: normal, platformName: WINDOWS, proxy: Proxy(), se:cdp: ws://localhost:63362/devtoo..., se:cdpVersion: 125.0.6422.142, setWindowRect: true, strictFileInteractability: false, timeouts: {implicit: 0, pageLoad: 300000, script: 30000}, unhandledPromptBehavior: accept, webauthn:extension:credBlob: true, webauthn:extension:largeBlob: true, webauthn:extension:minPinLength: true, webauthn:extension:prf: true, webauthn:virtualAuthenticators: true}
Session ID: d0835af38f9221558c40ffd911993750" type="org.openqa.selenium.WebDriverException">
      <![CDATA[org.openqa.selenium.WebDriverException: unknown error: net::ERR_CONNECTION_RESET
  (Session info: chrome=125.0.6422.142)
Build info: version: '4.2.2', revision: '683ccb65d6'
System info: host: 'HYD-PCI-NOD-T01', ip: '192.168.56.1', os.name: 'Windows Server 2016', os.arch: 'amd64', os.version: '10.0', java.version: '11.0.17'
Driver info: org.openqa.selenium.chrome.ChromeDriver
Command: [d0835af38f9221558c40ffd911993750, get {url=https://veishydcnt04163.lab.pega.com/prweb}]
Capabilities {acceptInsecureCerts: false, browserName: chrome, browserVersion: 125.0.6422.142, chrome: {chromedriverVersion: 125.0.6422.141 (4b1e8393712..., userDataDir: C:\Program Files\scoped_dir...}, fedcm:accounts: true, goog:chromeOptions: {debuggerAddress: localhost:63362}, networkConnectionEnabled: false, pageLoadStrategy: normal, platformName: WINDOWS, proxy: Proxy(), se:cdp: ws://localhost:63362/devtoo..., se:cdpVersion: 125.0.6422.142, setWindowRect: true, strictFileInteractability: false, timeouts: {implicit: 0, pageLoad: 300000, script: 30000}, unhandledPromptBehavior: accept, webauthn:extension:credBlob: true, webauthn:extension:largeBlob: true, webauthn:extension:minPinLength: true, webauthn:extension:prf: true, webauthn:virtualAuthenticators: true}
Session ID: d0835af38f9221558c40ffd911993750
at java.base/jdk.internal.reflect.NativeConstructorAccessorImpl.newInstance0(Native Method)
at java.base/jdk.internal.reflect.NativeConstructorAccessorImpl.newInstance(NativeConstructorAccessorImpl.java:62)
at java.base/jdk.internal.reflect.DelegatingConstructorAccessorImpl.newInstance(DelegatingConstructorAccessorImpl.java:45)
at java.base/java.lang.reflect.Constructor.newInstance(Constructor.java:490)
at org.openqa.selenium.remote.codec.w3c.W3CHttpResponseCodec.createException(W3CHttpResponseCodec.java:200)
at org.openqa.selenium.remote.codec.w3c.W3CHttpResponseCodec.decode(W3CHttpResponseCodec.java:133)
at org.openqa.selenium.remote.codec.w3c.W3CHttpResponseCodec.decode(W3CHttpResponseCodec.java:53)
at org.openqa.selenium.remote.HttpCommandExecutor.execute(HttpCommandExecutor.java:184)
at org.openqa.selenium.remote.service.DriverCommandExecutor.invokeExecute(DriverCommandExecutor.java:167)
at org.openqa.selenium.remote.service.DriverCommandExecutor.execute(DriverCommandExecutor.java:142)
at org.openqa.selenium.remote.RemoteWebDriver.execute(RemoteWebDriver.java:588)
at org.openqa.selenium.remote.RemoteWebDriver.get(RemoteWebDriver.java:351)
at com.pega.BrowserImpl.open(BrowserImpl.java:314)
at com.pega.BrowserImpl.open(BrowserImpl.java:284)
at com.pega.CRMBrowser.open(CRMBrowser.java:99)
at com.pega.config.test.TestBase.configureBrowser(TestBase.java:60)
at com.pega.CRMTestEnvironment.setUp(CRMTestEnvironment.java:76)
]]>
    </error>
  </testcase> <!-- runScenario -->
  <system-out>
existing driver pathbinaries\chromedriver.exe in method: getCurrentVersionOfDriverAsString All SSL Certificates will be accepted... Checking availability of URL: https://googlechromelabs.github.io/chrome-for-testing/known-good-versions.json  </system-out>
  <testcase classname="RunCukesTest" name="runScenario" time="13.434">
    <error message="unknown error: net::ERR_CONNECTION_RESET
  (Session info: chrome=125.0.6422.142)
Build info: version: &#039;4.2.2&#039;, revision: &#039;683ccb65d6&#039;
System info: host: &#039;HYD-PCI-NOD-T01&#039;, ip: &#039;192.168.56.1&#039;, os.name: &#039;Windows Server 2016&#039;, os.arch: &#039;amd64&#039;, os.version: &#039;10.0&#039;, java.version: &#039;11.0.17&#039;
Driver info: org.openqa.selenium.chrome.ChromeDriver
Command: [1d9cd8970823ef4594230fe56e08dccf, get {url=https://veishydcnt04163.lab.pega.com/prweb}]
Capabilities {acceptInsecureCerts: false, browserName: chrome, browserVersion: 125.0.6422.142, chrome: {chromedriverVersion: 125.0.6422.141 (4b1e8393712..., userDataDir: C:\Program Files\scoped_dir...}, fedcm:accounts: true, goog:chromeOptions: {debuggerAddress: localhost:63321}, networkConnectionEnabled: false, pageLoadStrategy: normal, platformName: WINDOWS, proxy: Proxy(), se:cdp: ws://localhost:63321/devtoo..., se:cdpVersion: 125.0.6422.142, setWindowRect: true, strictFileInteractability: false, timeouts: {implicit: 0, pageLoad: 300000, script: 30000}, unhandledPromptBehavior: accept, webauthn:extension:credBlob: true, webauthn:extension:largeBlob: true, webauthn:extension:minPinLength: true, webauthn:extension:prf: true, webauthn:virtualAuthenticators: true}
Session ID: 1d9cd8970823ef4594230fe56e08dccf" type="org.openqa.selenium.WebDriverException">
      <![CDATA[org.openqa.selenium.WebDriverException: unknown error: net::ERR_CONNECTION_RESET
  (Session info: chrome=125.0.6422.142)
Build info: version: '4.2.2', revision: '683ccb65d6'
System info: host: 'HYD-PCI-NOD-T01', ip: '192.168.56.1', os.name: 'Windows Server 2016', os.arch: 'amd64', os.version: '10.0', java.version: '11.0.17'
Driver info: org.openqa.selenium.chrome.ChromeDriver
Command: [1d9cd8970823ef4594230fe56e08dccf, get {url=https://veishydcnt04163.lab.pega.com/prweb}]
Capabilities {acceptInsecureCerts: false, browserName: chrome, browserVersion: 125.0.6422.142, chrome: {chromedriverVersion: 125.0.6422.141 (4b1e8393712..., userDataDir: C:\Program Files\scoped_dir...}, fedcm:accounts: true, goog:chromeOptions: {debuggerAddress: localhost:63321}, networkConnectionEnabled: false, pageLoadStrategy: normal, platformName: WINDOWS, proxy: Proxy(), se:cdp: ws://localhost:63321/devtoo..., se:cdpVersion: 125.0.6422.142, setWindowRect: true, strictFileInteractability: false, timeouts: {implicit: 0, pageLoad: 300000, script: 30000}, unhandledPromptBehavior: accept, webauthn:extension:credBlob: true, webauthn:extension:largeBlob: true, webauthn:extension:minPinLength: true, webauthn:extension:prf: true, webauthn:virtualAuthenticators: true}
Session ID: 1d9cd8970823ef4594230fe56e08dccf
at java.base/jdk.internal.reflect.NativeConstructorAccessorImpl.newInstance0(Native Method)
at java.base/jdk.internal.reflect.NativeConstructorAccessorImpl.newInstance(NativeConstructorAccessorImpl.java:62)
at java.base/jdk.internal.reflect.DelegatingConstructorAccessorImpl.newInstance(DelegatingConstructorAccessorImpl.java:45)
at java.base/java.lang.reflect.Constructor.newInstance(Constructor.java:490)
at org.openqa.selenium.remote.codec.w3c.W3CHttpResponseCodec.createException(W3CHttpResponseCodec.java:200)
at org.openqa.selenium.remote.codec.w3c.W3CHttpResponseCodec.decode(W3CHttpResponseCodec.java:133)
at org.openqa.selenium.remote.codec.w3c.W3CHttpResponseCodec.decode(W3CHttpResponseCodec.java:53)
at org.openqa.selenium.remote.HttpCommandExecutor.execute(HttpCommandExecutor.java:184)
at org.openqa.selenium.remote.service.DriverCommandExecutor.invokeExecute(DriverCommandExecutor.java:167)
at org.openqa.selenium.remote.service.DriverCommandExecutor.execute(DriverCommandExecutor.java:142)
at org.openqa.selenium.remote.RemoteWebDriver.execute(RemoteWebDriver.java:588)
at org.openqa.selenium.remote.RemoteWebDriver.get(RemoteWebDriver.java:351)
at com.pega.BrowserImpl.open(BrowserImpl.java:314)
at com.pega.BrowserImpl.open(BrowserImpl.java:284)
at com.pega.CRMBrowser.open(CRMBrowser.java:99)
at com.pega.config.test.TestBase.configureBrowser(TestBase.java:60)
at com.pega.CRMTestEnvironment.setUp(CRMTestEnvironment.java:76)
]]>
    </error>
  </testcase> <!-- runScenario -->
  <system-out>
existing driver pathbinaries\chromedriver.exe in method: getCurrentVersionOfDriverAsString All SSL Certificates will be accepted... Checking availability of URL: https://googlechromelabs.github.io/chrome-for-testing/known-good-versions.json  </system-out>
  <testcase classname="RunCukesTest" name="runScenario" time="8.494">
    <error message="unknown error: net::ERR_CONNECTION_RESET
  (Session info: chrome=125.0.6422.142)
Build info: version: &#039;4.2.2&#039;, revision: &#039;683ccb65d6&#039;
System info: host: &#039;HYD-PCI-NOD-T01&#039;, ip: &#039;192.168.56.1&#039;, os.name: &#039;Windows Server 2016&#039;, os.arch: &#039;amd64&#039;, os.version: &#039;10.0&#039;, java.version: &#039;11.0.17&#039;
Driver info: org.openqa.selenium.chrome.ChromeDriver
Command: [2f27b59fcd4899c08efa204b05b6ffde, get {url=https://veishydcnt04163.lab.pega.com/prweb}]
Capabilities {acceptInsecureCerts: false, browserName: chrome, browserVersion: 125.0.6422.142, chrome: {chromedriverVersion: 125.0.6422.141 (4b1e8393712..., userDataDir: C:\Program Files\scoped_dir...}, fedcm:accounts: true, goog:chromeOptions: {debuggerAddress: localhost:63405}, networkConnectionEnabled: false, pageLoadStrategy: normal, platformName: WINDOWS, proxy: Proxy(), se:cdp: ws://localhost:63405/devtoo..., se:cdpVersion: 125.0.6422.142, setWindowRect: true, strictFileInteractability: false, timeouts: {implicit: 0, pageLoad: 300000, script: 30000}, unhandledPromptBehavior: accept, webauthn:extension:credBlob: true, webauthn:extension:largeBlob: true, webauthn:extension:minPinLength: true, webauthn:extension:prf: true, webauthn:virtualAuthenticators: true}
Session ID: 2f27b59fcd4899c08efa204b05b6ffde" type="org.openqa.selenium.WebDriverException">
      <![CDATA[org.openqa.selenium.WebDriverException: unknown error: net::ERR_CONNECTION_RESET
  (Session info: chrome=125.0.6422.142)
Build info: version: '4.2.2', revision: '683ccb65d6'
System info: host: 'HYD-PCI-NOD-T01', ip: '192.168.56.1', os.name: 'Windows Server 2016', os.arch: 'amd64', os.version: '10.0', java.version: '11.0.17'
Driver info: org.openqa.selenium.chrome.ChromeDriver
Command: [2f27b59fcd4899c08efa204b05b6ffde, get {url=https://veishydcnt04163.lab.pega.com/prweb}]
Capabilities {acceptInsecureCerts: false, browserName: chrome, browserVersion: 125.0.6422.142, chrome: {chromedriverVersion: 125.0.6422.141 (4b1e8393712..., userDataDir: C:\Program Files\scoped_dir...}, fedcm:accounts: true, goog:chromeOptions: {debuggerAddress: localhost:63405}, networkConnectionEnabled: false, pageLoadStrategy: normal, platformName: WINDOWS, proxy: Proxy(), se:cdp: ws://localhost:63405/devtoo..., se:cdpVersion: 125.0.6422.142, setWindowRect: true, strictFileInteractability: false, timeouts: {implicit: 0, pageLoad: 300000, script: 30000}, unhandledPromptBehavior: accept, webauthn:extension:credBlob: true, webauthn:extension:largeBlob: true, webauthn:extension:minPinLength: true, webauthn:extension:prf: true, webauthn:virtualAuthenticators: true}
Session ID: 2f27b59fcd4899c08efa204b05b6ffde
at java.base/jdk.internal.reflect.NativeConstructorAccessorImpl.newInstance0(Native Method)
at java.base/jdk.internal.reflect.NativeConstructorAccessorImpl.newInstance(NativeConstructorAccessorImpl.java:62)
at java.base/jdk.internal.reflect.DelegatingConstructorAccessorImpl.newInstance(DelegatingConstructorAccessorImpl.java:45)
at java.base/java.lang.reflect.Constructor.newInstance(Constructor.java:490)
at org.openqa.selenium.remote.codec.w3c.W3CHttpResponseCodec.createException(W3CHttpResponseCodec.java:200)
at org.openqa.selenium.remote.codec.w3c.W3CHttpResponseCodec.decode(W3CHttpResponseCodec.java:133)
at org.openqa.selenium.remote.codec.w3c.W3CHttpResponseCodec.decode(W3CHttpResponseCodec.java:53)
at org.openqa.selenium.remote.HttpCommandExecutor.execute(HttpCommandExecutor.java:184)
at org.openqa.selenium.remote.service.DriverCommandExecutor.invokeExecute(DriverCommandExecutor.java:167)
at org.openqa.selenium.remote.service.DriverCommandExecutor.execute(DriverCommandExecutor.java:142)
at org.openqa.selenium.remote.RemoteWebDriver.execute(RemoteWebDriver.java:588)
at org.openqa.selenium.remote.RemoteWebDriver.get(RemoteWebDriver.java:351)
at com.pega.BrowserImpl.open(BrowserImpl.java:314)
at com.pega.BrowserImpl.open(BrowserImpl.java:284)
at com.pega.CRMBrowser.open(CRMBrowser.java:99)
at com.pega.config.test.TestBase.configureBrowser(TestBase.java:60)
at com.pega.CRMTestEnvironment.setUp(CRMTestEnvironment.java:76)
]]>
    </error>
  </testcase> <!-- runScenario -->
  <system-out>
existing driver pathbinaries\chromedriver.exe in method: getCurrentVersionOfDriverAsString All SSL Certificates will be accepted... Checking availability of URL: https://googlechromelabs.github.io/chrome-for-testing/known-good-versions.json  </system-out>
  <testcase classname="RunCukesTest" name="runScenario" time="8.500">
    <error message="unknown error: net::ERR_CONNECTION_RESET
  (Session info: chrome=125.0.6422.142)
Build info: version: &#039;4.2.2&#039;, revision: &#039;683ccb65d6&#039;
System info: host: &#039;HYD-PCI-NOD-T01&#039;, ip: &#039;192.168.56.1&#039;, os.name: &#039;Windows Server 2016&#039;, os.arch: &#039;amd64&#039;, os.version: &#039;10.0&#039;, java.version: &#039;11.0.17&#039;
Driver info: org.openqa.selenium.chrome.ChromeDriver
Command: [f42ee8b1e9ac3c9b11bf93790d5bcb9f, get {url=https://veishydcnt04163.lab.pega.com/prweb}]
Capabilities {acceptInsecureCerts: false, browserName: chrome, browserVersion: 125.0.6422.142, chrome: {chromedriverVersion: 125.0.6422.141 (4b1e8393712..., userDataDir: C:\Program Files\scoped_dir...}, fedcm:accounts: true, goog:chromeOptions: {debuggerAddress: localhost:63342}, networkConnectionEnabled: false, pageLoadStrategy: normal, platformName: WINDOWS, proxy: Proxy(), se:cdp: ws://localhost:63342/devtoo..., se:cdpVersion: 125.0.6422.142, setWindowRect: true, strictFileInteractability: false, timeouts: {implicit: 0, pageLoad: 300000, script: 30000}, unhandledPromptBehavior: accept, webauthn:extension:credBlob: true, webauthn:extension:largeBlob: true, webauthn:extension:minPinLength: true, webauthn:extension:prf: true, webauthn:virtualAuthenticators: true}
Session ID: f42ee8b1e9ac3c9b11bf93790d5bcb9f" type="org.openqa.selenium.WebDriverException">
      <![CDATA[org.openqa.selenium.WebDriverException: unknown error: net::ERR_CONNECTION_RESET
  (Session info: chrome=125.0.6422.142)
Build info: version: '4.2.2', revision: '683ccb65d6'
System info: host: 'HYD-PCI-NOD-T01', ip: '192.168.56.1', os.name: 'Windows Server 2016', os.arch: 'amd64', os.version: '10.0', java.version: '11.0.17'
Driver info: org.openqa.selenium.chrome.ChromeDriver
Command: [f42ee8b1e9ac3c9b11bf93790d5bcb9f, get {url=https://veishydcnt04163.lab.pega.com/prweb}]
Capabilities {acceptInsecureCerts: false, browserName: chrome, browserVersion: 125.0.6422.142, chrome: {chromedriverVersion: 125.0.6422.141 (4b1e8393712..., userDataDir: C:\Program Files\scoped_dir...}, fedcm:accounts: true, goog:chromeOptions: {debuggerAddress: localhost:63342}, networkConnectionEnabled: false, pageLoadStrategy: normal, platformName: WINDOWS, proxy: Proxy(), se:cdp: ws://localhost:63342/devtoo..., se:cdpVersion: 125.0.6422.142, setWindowRect: true, strictFileInteractability: false, timeouts: {implicit: 0, pageLoad: 300000, script: 30000}, unhandledPromptBehavior: accept, webauthn:extension:credBlob: true, webauthn:extension:largeBlob: true, webauthn:extension:minPinLength: true, webauthn:extension:prf: true, webauthn:virtualAuthenticators: true}
Session ID: f42ee8b1e9ac3c9b11bf93790d5bcb9f
at java.base/jdk.internal.reflect.NativeConstructorAccessorImpl.newInstance0(Native Method)
at java.base/jdk.internal.reflect.NativeConstructorAccessorImpl.newInstance(NativeConstructorAccessorImpl.java:62)
at java.base/jdk.internal.reflect.DelegatingConstructorAccessorImpl.newInstance(DelegatingConstructorAccessorImpl.java:45)
at java.base/java.lang.reflect.Constructor.newInstance(Constructor.java:490)
at org.openqa.selenium.remote.codec.w3c.W3CHttpResponseCodec.createException(W3CHttpResponseCodec.java:200)
at org.openqa.selenium.remote.codec.w3c.W3CHttpResponseCodec.decode(W3CHttpResponseCodec.java:133)
at org.openqa.selenium.remote.codec.w3c.W3CHttpResponseCodec.decode(W3CHttpResponseCodec.java:53)
at org.openqa.selenium.remote.HttpCommandExecutor.execute(HttpCommandExecutor.java:184)
at org.openqa.selenium.remote.service.DriverCommandExecutor.invokeExecute(DriverCommandExecutor.java:167)
at org.openqa.selenium.remote.service.DriverCommandExecutor.execute(DriverCommandExecutor.java:142)
at org.openqa.selenium.remote.RemoteWebDriver.execute(RemoteWebDriver.java:588)
at org.openqa.selenium.remote.RemoteWebDriver.get(RemoteWebDriver.java:351)
at com.pega.BrowserImpl.open(BrowserImpl.java:314)
at com.pega.BrowserImpl.open(BrowserImpl.java:284)
at com.pega.CRMBrowser.open(CRMBrowser.java:99)
at com.pega.config.test.TestBase.configureBrowser(TestBase.java:60)
at com.pega.CRMTestEnvironment.setUp(CRMTestEnvironment.java:76)
]]>
    </error>
  </testcase> <!-- runScenario -->
  <system-out>
existing driver pathbinaries\chromedriver.exe in method: getCurrentVersionOfDriverAsString All SSL Certificates will be accepted... Checking availability of URL: https://googlechromelabs.github.io/chrome-for-testing/known-good-versions.json  </system-out>
  <testcase classname="RunCukesTest" name="runScenario" time="8.437">
    <error message="unknown error: net::ERR_CONNECTION_RESET
  (Session info: chrome=125.0.6422.142)
Build info: version: &#039;4.2.2&#039;, revision: &#039;683ccb65d6&#039;
System info: host: &#039;HYD-PCI-NOD-T01&#039;, ip: &#039;192.168.56.1&#039;, os.name: &#039;Windows Server 2016&#039;, os.arch: &#039;amd64&#039;, os.version: &#039;10.0&#039;, java.version: &#039;11.0.17&#039;
Driver info: org.openqa.selenium.chrome.ChromeDriver
Command: [d9855f66b3387c4ebeb216d1a8379661, get {url=https://veishydcnt04163.lab.pega.com/prweb}]
Capabilities {acceptInsecureCerts: false, browserName: chrome, browserVersion: 125.0.6422.142, chrome: {chromedriverVersion: 125.0.6422.141 (4b1e8393712..., userDataDir: C:\Program Files\scoped_dir...}, fedcm:accounts: true, goog:chromeOptions: {debuggerAddress: localhost:63382}, networkConnectionEnabled: false, pageLoadStrategy: normal, platformName: WINDOWS, proxy: Proxy(), se:cdp: ws://localhost:63382/devtoo..., se:cdpVersion: 125.0.6422.142, setWindowRect: true, strictFileInteractability: false, timeouts: {implicit: 0, pageLoad: 300000, script: 30000}, unhandledPromptBehavior: accept, webauthn:extension:credBlob: true, webauthn:extension:largeBlob: true, webauthn:extension:minPinLength: true, webauthn:extension:prf: true, webauthn:virtualAuthenticators: true}
Session ID: d9855f66b3387c4ebeb216d1a8379661" type="org.openqa.selenium.WebDriverException">
      <![CDATA[org.openqa.selenium.WebDriverException: unknown error: net::ERR_CONNECTION_RESET
  (Session info: chrome=125.0.6422.142)
Build info: version: '4.2.2', revision: '683ccb65d6'
System info: host: 'HYD-PCI-NOD-T01', ip: '192.168.56.1', os.name: 'Windows Server 2016', os.arch: 'amd64', os.version: '10.0', java.version: '11.0.17'
Driver info: org.openqa.selenium.chrome.ChromeDriver
Command: [d9855f66b3387c4ebeb216d1a8379661, get {url=https://veishydcnt04163.lab.pega.com/prweb}]
Capabilities {acceptInsecureCerts: false, browserName: chrome, browserVersion: 125.0.6422.142, chrome: {chromedriverVersion: 125.0.6422.141 (4b1e8393712..., userDataDir: C:\Program Files\scoped_dir...}, fedcm:accounts: true, goog:chromeOptions: {debuggerAddress: localhost:63382}, networkConnectionEnabled: false, pageLoadStrategy: normal, platformName: WINDOWS, proxy: Proxy(), se:cdp: ws://localhost:63382/devtoo..., se:cdpVersion: 125.0.6422.142, setWindowRect: true, strictFileInteractability: false, timeouts: {implicit: 0, pageLoad: 300000, script: 30000}, unhandledPromptBehavior: accept, webauthn:extension:credBlob: true, webauthn:extension:largeBlob: true, webauthn:extension:minPinLength: true, webauthn:extension:prf: true, webauthn:virtualAuthenticators: true}
Session ID: d9855f66b3387c4ebeb216d1a8379661
at java.base/jdk.internal.reflect.NativeConstructorAccessorImpl.newInstance0(Native Method)
at java.base/jdk.internal.reflect.NativeConstructorAccessorImpl.newInstance(NativeConstructorAccessorImpl.java:62)
at java.base/jdk.internal.reflect.DelegatingConstructorAccessorImpl.newInstance(DelegatingConstructorAccessorImpl.java:45)
at java.base/java.lang.reflect.Constructor.newInstance(Constructor.java:490)
at org.openqa.selenium.remote.codec.w3c.W3CHttpResponseCodec.createException(W3CHttpResponseCodec.java:200)
at org.openqa.selenium.remote.codec.w3c.W3CHttpResponseCodec.decode(W3CHttpResponseCodec.java:133)
at org.openqa.selenium.remote.codec.w3c.W3CHttpResponseCodec.decode(W3CHttpResponseCodec.java:53)
at org.openqa.selenium.remote.HttpCommandExecutor.execute(HttpCommandExecutor.java:184)
at org.openqa.selenium.remote.service.DriverCommandExecutor.invokeExecute(DriverCommandExecutor.java:167)
at org.openqa.selenium.remote.service.DriverCommandExecutor.execute(DriverCommandExecutor.java:142)
at org.openqa.selenium.remote.RemoteWebDriver.execute(RemoteWebDriver.java:588)
at org.openqa.selenium.remote.RemoteWebDriver.get(RemoteWebDriver.java:351)
at com.pega.BrowserImpl.open(BrowserImpl.java:314)
at com.pega.BrowserImpl.open(BrowserImpl.java:284)
at com.pega.CRMBrowser.open(CRMBrowser.java:99)
at com.pega.config.test.TestBase.configureBrowser(TestBase.java:60)
at com.pega.CRMTestEnvironment.setUp(CRMTestEnvironment.java:76)
]]>
    </error>
  </testcase> <!-- runScenario -->
  <system-out>
existing driver pathbinaries\chromedriver.exe in method: getCurrentVersionOfDriverAsString All SSL Certificates will be accepted... Checking availability of URL: https://googlechromelabs.github.io/chrome-for-testing/known-good-versions.json  </system-out>
  <testcase classname="RunCukesTest" name="runScenario" time="8.446">
    <error message="unknown error: net::ERR_CONNECTION_RESET
  (Session info: chrome=125.0.6422.142)
Build info: version: &#039;4.2.2&#039;, revision: &#039;683ccb65d6&#039;
System info: host: &#039;HYD-PCI-NOD-T01&#039;, ip: &#039;192.168.56.1&#039;, os.name: &#039;Windows Server 2016&#039;, os.arch: &#039;amd64&#039;, os.version: &#039;10.0&#039;, java.version: &#039;11.0.17&#039;
Driver info: org.openqa.selenium.chrome.ChromeDriver
Command: [1995acb344235b4fc9974eed147a9e09, get {url=https://veishydcnt04163.lab.pega.com/prweb}]
Capabilities {acceptInsecureCerts: false, browserName: chrome, browserVersion: 125.0.6422.142, chrome: {chromedriverVersion: 125.0.6422.141 (4b1e8393712..., userDataDir: C:\Program Files\scoped_dir...}, fedcm:accounts: true, goog:chromeOptions: {debuggerAddress: localhost:63425}, networkConnectionEnabled: false, pageLoadStrategy: normal, platformName: WINDOWS, proxy: Proxy(), se:cdp: ws://localhost:63425/devtoo..., se:cdpVersion: 125.0.6422.142, setWindowRect: true, strictFileInteractability: false, timeouts: {implicit: 0, pageLoad: 300000, script: 30000}, unhandledPromptBehavior: accept, webauthn:extension:credBlob: true, webauthn:extension:largeBlob: true, webauthn:extension:minPinLength: true, webauthn:extension:prf: true, webauthn:virtualAuthenticators: true}
Session ID: 1995acb344235b4fc9974eed147a9e09" type="org.openqa.selenium.WebDriverException">
      <![CDATA[org.openqa.selenium.WebDriverException: unknown error: net::ERR_CONNECTION_RESET
  (Session info: chrome=125.0.6422.142)
Build info: version: '4.2.2', revision: '683ccb65d6'
System info: host: 'HYD-PCI-NOD-T01', ip: '192.168.56.1', os.name: 'Windows Server 2016', os.arch: 'amd64', os.version: '10.0', java.version: '11.0.17'
Driver info: org.openqa.selenium.chrome.ChromeDriver
Command: [1995acb344235b4fc9974eed147a9e09, get {url=https://veishydcnt04163.lab.pega.com/prweb}]
Capabilities {acceptInsecureCerts: false, browserName: chrome, browserVersion: 125.0.6422.142, chrome: {chromedriverVersion: 125.0.6422.141 (4b1e8393712..., userDataDir: C:\Program Files\scoped_dir...}, fedcm:accounts: true, goog:chromeOptions: {debuggerAddress: localhost:63425}, networkConnectionEnabled: false, pageLoadStrategy: normal, platformName: WINDOWS, proxy: Proxy(), se:cdp: ws://localhost:63425/devtoo..., se:cdpVersion: 125.0.6422.142, setWindowRect: true, strictFileInteractability: false, timeouts: {implicit: 0, pageLoad: 300000, script: 30000}, unhandledPromptBehavior: accept, webauthn:extension:credBlob: true, webauthn:extension:largeBlob: true, webauthn:extension:minPinLength: true, webauthn:extension:prf: true, webauthn:virtualAuthenticators: true}
Session ID: 1995acb344235b4fc9974eed147a9e09
at java.base/jdk.internal.reflect.NativeConstructorAccessorImpl.newInstance0(Native Method)
at java.base/jdk.internal.reflect.NativeConstructorAccessorImpl.newInstance(NativeConstructorAccessorImpl.java:62)
at java.base/jdk.internal.reflect.DelegatingConstructorAccessorImpl.newInstance(DelegatingConstructorAccessorImpl.java:45)
at java.base/java.lang.reflect.Constructor.newInstance(Constructor.java:490)
at org.openqa.selenium.remote.codec.w3c.W3CHttpResponseCodec.createException(W3CHttpResponseCodec.java:200)
at org.openqa.selenium.remote.codec.w3c.W3CHttpResponseCodec.decode(W3CHttpResponseCodec.java:133)
at org.openqa.selenium.remote.codec.w3c.W3CHttpResponseCodec.decode(W3CHttpResponseCodec.java:53)
at org.openqa.selenium.remote.HttpCommandExecutor.execute(HttpCommandExecutor.java:184)
at org.openqa.selenium.remote.service.DriverCommandExecutor.invokeExecute(DriverCommandExecutor.java:167)
at org.openqa.selenium.remote.service.DriverCommandExecutor.execute(DriverCommandExecutor.java:142)
at org.openqa.selenium.remote.RemoteWebDriver.execute(RemoteWebDriver.java:588)
at org.openqa.selenium.remote.RemoteWebDriver.get(RemoteWebDriver.java:351)
at com.pega.BrowserImpl.open(BrowserImpl.java:314)
at com.pega.BrowserImpl.open(BrowserImpl.java:284)
at com.pega.CRMBrowser.open(CRMBrowser.java:99)
at com.pega.config.test.TestBase.configureBrowser(TestBase.java:60)
at com.pega.CRMTestEnvironment.setUp(CRMTestEnvironment.java:76)
]]>
    </error>
  </testcase> <!-- runScenario -->
  <system-out>
existing driver pathbinaries\chromedriver.exe in method: getCurrentVersionOfDriverAsString All SSL Certificates will be accepted... Checking availability of URL: https://googlechromelabs.github.io/chrome-for-testing/known-good-versions.json  </system-out>
  <testcase classname="RunCukesTest" name="runScenario" time="8.454">
    <error message="unknown error: net::ERR_CONNECTION_RESET
  (Session info: chrome=125.0.6422.142)
Build info: version: &#039;4.2.2&#039;, revision: &#039;683ccb65d6&#039;
System info: host: &#039;HYD-PCI-NOD-T01&#039;, ip: &#039;192.168.56.1&#039;, os.name: &#039;Windows Server 2016&#039;, os.arch: &#039;amd64&#039;, os.version: &#039;10.0&#039;, java.version: &#039;11.0.17&#039;
Driver info: org.openqa.selenium.chrome.ChromeDriver
Command: [9876be4647cd5422861fc8e10b079c29, get {url=https://veishydcnt04163.lab.pega.com/prweb}]
Capabilities {acceptInsecureCerts: false, browserName: chrome, browserVersion: 125.0.6422.142, chrome: {chromedriverVersion: 125.0.6422.141 (4b1e8393712..., userDataDir: C:\Program Files\scoped_dir...}, fedcm:accounts: true, goog:chromeOptions: {debuggerAddress: localhost:63449}, networkConnectionEnabled: false, pageLoadStrategy: normal, platformName: WINDOWS, proxy: Proxy(), se:cdp: ws://localhost:63449/devtoo..., se:cdpVersion: 125.0.6422.142, setWindowRect: true, strictFileInteractability: false, timeouts: {implicit: 0, pageLoad: 300000, script: 30000}, unhandledPromptBehavior: accept, webauthn:extension:credBlob: true, webauthn:extension:largeBlob: true, webauthn:extension:minPinLength: true, webauthn:extension:prf: true, webauthn:virtualAuthenticators: true}
Session ID: 9876be4647cd5422861fc8e10b079c29" type="org.openqa.selenium.WebDriverException">
      <![CDATA[org.openqa.selenium.WebDriverException: unknown error: net::ERR_CONNECTION_RESET
  (Session info: chrome=125.0.6422.142)
Build info: version: '4.2.2', revision: '683ccb65d6'
System info: host: 'HYD-PCI-NOD-T01', ip: '192.168.56.1', os.name: 'Windows Server 2016', os.arch: 'amd64', os.version: '10.0', java.version: '11.0.17'
Driver info: org.openqa.selenium.chrome.ChromeDriver
Command: [9876be4647cd5422861fc8e10b079c29, get {url=https://veishydcnt04163.lab.pega.com/prweb}]
Capabilities {acceptInsecureCerts: false, browserName: chrome, browserVersion: 125.0.6422.142, chrome: {chromedriverVersion: 125.0.6422.141 (4b1e8393712..., userDataDir: C:\Program Files\scoped_dir...}, fedcm:accounts: true, goog:chromeOptions: {debuggerAddress: localhost:63449}, networkConnectionEnabled: false, pageLoadStrategy: normal, platformName: WINDOWS, proxy: Proxy(), se:cdp: ws://localhost:63449/devtoo..., se:cdpVersion: 125.0.6422.142, setWindowRect: true, strictFileInteractability: false, timeouts: {implicit: 0, pageLoad: 300000, script: 30000}, unhandledPromptBehavior: accept, webauthn:extension:credBlob: true, webauthn:extension:largeBlob: true, webauthn:extension:minPinLength: true, webauthn:extension:prf: true, webauthn:virtualAuthenticators: true}
Session ID: 9876be4647cd5422861fc8e10b079c29
at java.base/jdk.internal.reflect.NativeConstructorAccessorImpl.newInstance0(Native Method)
at java.base/jdk.internal.reflect.NativeConstructorAccessorImpl.newInstance(NativeConstructorAccessorImpl.java:62)
at java.base/jdk.internal.reflect.DelegatingConstructorAccessorImpl.newInstance(DelegatingConstructorAccessorImpl.java:45)
at java.base/java.lang.reflect.Constructor.newInstance(Constructor.java:490)
at org.openqa.selenium.remote.codec.w3c.W3CHttpResponseCodec.createException(W3CHttpResponseCodec.java:200)
at org.openqa.selenium.remote.codec.w3c.W3CHttpResponseCodec.decode(W3CHttpResponseCodec.java:133)
at org.openqa.selenium.remote.codec.w3c.W3CHttpResponseCodec.decode(W3CHttpResponseCodec.java:53)
at org.openqa.selenium.remote.HttpCommandExecutor.execute(HttpCommandExecutor.java:184)
at org.openqa.selenium.remote.service.DriverCommandExecutor.invokeExecute(DriverCommandExecutor.java:167)
at org.openqa.selenium.remote.service.DriverCommandExecutor.execute(DriverCommandExecutor.java:142)
at org.openqa.selenium.remote.RemoteWebDriver.execute(RemoteWebDriver.java:588)
at org.openqa.selenium.remote.RemoteWebDriver.get(RemoteWebDriver.java:351)
at com.pega.BrowserImpl.open(BrowserImpl.java:314)
at com.pega.BrowserImpl.open(BrowserImpl.java:284)
at com.pega.CRMBrowser.open(CRMBrowser.java:99)
at com.pega.config.test.TestBase.configureBrowser(TestBase.java:60)
at com.pega.CRMTestEnvironment.setUp(CRMTestEnvironment.java:76)
]]>
    </error>
  </testcase> <!-- runScenario -->
  <system-out>
existing driver pathbinaries\chromedriver.exe in method: getCurrentVersionOfDriverAsString All SSL Certificates will be accepted... Checking availability of URL: https://googlechromelabs.github.io/chrome-for-testing/known-good-versions.json  </system-out>
</testsuite> <!-- RunCukesTest -->
