<?xml version="1.0" encoding="UTF-8"?>
<!-- Generated by org.testng.reporters.JUnitReportReporter -->
<testsuite hostname="HYD-PCI-NOD-T01" failures="0" tests="1" name="RunCukesTest" time="100.549" errors="0" timestamp="2024-06-19T17:11:13 IST" skipped="0">
  <testcase classname="RunCukesTest" name="runScenario" time="100.549"/>
  <system-out>
existing driver pathbinaries\chromedriver.exe in method: getCurrentVersionOfDriverAsString All SSL Certificates will be accepted... Checking availability of URL: https://googlechromelabs.github.io/chrome-for-testing/known-good-versions.json All SSL Certificates will be accepted... Checking availability of URL: https://edgedl.me.gvt1.com/edgedl/chrome/chrome-for-testing/126.0.6478.62/win32/chromedriver-win32.zip existing driver pathbinaries\chromedriver.exe in method: getCurrentVersionOfDriverAsString All SSL Certificates will be accepted... Checking availability of URL: https://googlechromelabs.github.io/chrome-for-testing/known-good-versions.json All SSL Certificates will be accepted... Checking availability of URL: https://edgedl.me.gvt1.com/edgedl/chrome/chrome-for-testing/126.0.6478.62/win32/chromedriver-win32.zip Case ID created=>N-4013  </system-out>
</testsuite> <!-- RunCukesTest -->
