<?xml version="1.0" encoding="UTF-8"?>
<!-- Generated by org.testng.reporters.JUnitReportReporter -->
<testsuite hostname="HYD-PCI-NOD-T01" failures="0" tests="1" name="RunCukesTest" time="119.922" errors="0" timestamp="2024-06-21T22:30:00 IST" skipped="0">
  <testcase classname="RunCukesTest" name="runScenario" time="119.922"/>
  <system-out>
Case ID created=>N-6002  </system-out>
</testsuite> <!-- RunCukesTest -->
